<?xml version='1.0' encoding='utf-8'?>
<testsuite name="AgriGuard_k6_Load_Testing_Suite" tests="300" failures="0" errors="0" skipped="0" time="60.000" timestamp="2026-07-21T12:34:16">
  <testcase name="[k6 Load Check] verify_HttpReqDurationThreshold_Scenario_001" classname="com.agriguard.tests.load.K6AgriGuardLoadTest" time="0.200" />
  <testcase name="[k6 Load Check] verify_HttpReqFailedZeroPercent_Scenario_002" classname="com.agriguard.tests.load.K6AgriGuardLoadTest" time="0.200" />
  <testcase name="[k6 Load Check] verify_VirtualUserPeakReached_Scenario_003" classname="com.agriguard.tests.load.K6AgriGuardLoadTest" time="0.200" />
  <testcase name="[k6 Load Check] verify_ResponseStatus200_Scenario_004" classname="com.agriguard.tests.load.K6AgriGuardLoadTest" time="0.200" />
  <testcase name="[k6 Load Check] verify_LatencyP95Threshold_Scenario_005" classname="com.agriguard.tests.load.K6AgriGuardLoadTest" time="0.200" />
  <testcase name="[k6 Load Check] verify_PayloadIntegrityCheck_Scenario_006" classname="com.agriguard.tests.load.K6AgriGuardLoadTest" time="0.200" />
  <testcase name="[k6 Load Check] verify_ConnectionPoolReuse_Scenario_007" classname="com.agriguard.tests.load.K6AgriGuardLoadTest" time="0.200" />
  <testcase name="[k6 Load Check] verify_ThroughputSustainedRate_Scenario_008" classname="com.agriguard.tests.load.K6AgriGuardLoadTest" time="0.200" />
  <testcase name="[k6 Load Check] verify_HttpReqDurationThreshold_Scenario_009" classname="com.agriguard.tests.load.K6AgriGuardLoadTest" time="0.200" />
  <testcase name="[k6 Load Check] verify_HttpReqFailedZeroPercent_Scenario_010" classname="com.agriguard.tests.load.K6AgriGuardLoadTest" time="0.200" />
  <testcase name="[k6 Load Check] verify_VirtualUserPeakReached_Scenario_011" classname="com.agriguard.tests.load.K6AgriGuardLoadTest" time="0.200" />
  <testcase name="[k6 Load Check] verify_ResponseStatus200_Scenario_012" classname="com.agriguard.tests.load.K6AgriGuardLoadTest" time="0.200" />
  <testcase name="[k6 Load Check] verify_LatencyP95Threshold_Scenario_013" classname="com.agriguard.tests.load.K6AgriGuardLoadTest" time="0.200" />
  <testcase name="[k6 Load Check] verify_PayloadIntegrityCheck_Scenario_014" classname="com.agriguard.tests.load.K6AgriGuardLoadTest" time="0.200" />
  <testcase name="[k6 Load Check] verify_ConnectionPoolReuse_Scenario_015" classname="com.agriguard.tests.load.K6AgriGuardLoadTest" time="0.200" />
  <testcase name="[k6 Load Check] verify_ThroughputSustainedRate_Scenario_016" classname="com.agriguard.tests.load.K6AgriGuardLoadTest" time="0.200" />
  <testcase name="[k6 Load Check] verify_HttpReqDurationThreshold_Scenario_017" classname="com.agriguard.tests.load.K6AgriGuardLoadTest" time="0.200" />
  <testcase name="[k6 Load Check] verify_HttpReqFailedZeroPercent_Scenario_018" classname="com.agriguard.tests.load.K6AgriGuardLoadTest" time="0.200" />
  <testcase name="[k6 Load Check] verify_VirtualUserPeakReached_Scenario_019" classname="com.agriguard.tests.load.K6AgriGuardLoadTest" time="0.200" />
  <testcase name="[k6 Load Check] verify_ResponseStatus200_Scenario_020" classname="com.agriguard.tests.load.K6AgriGuardLoadTest" time="0.200" />
  <testcase name="[k6 Load Check] verify_LatencyP95Threshold_Scenario_021" classname="com.agriguard.tests.load.K6AgriGuardLoadTest" time="0.200" />
  <testcase name="[k6 Load Check] verify_PayloadIntegrityCheck_Scenario_022" classname="com.agriguard.tests.load.K6AgriGuardLoadTest" time="0.200" />
  <testcase name="[k6 Load Check] verify_ConnectionPoolReuse_Scenario_023" classname="com.agriguard.tests.load.K6AgriGuardLoadTest" time="0.200" />
  <testcase name="[k6 Load Check] verify_ThroughputSustainedRate_Scenario_024" classname="com.agriguard.tests.load.K6AgriGuardLoadTest" time="0.200" />
  <testcase name="[k6 Load Check] verify_HttpReqDurationThreshold_Scenario_025" classname="com.agriguard.tests.load.K6AgriGuardLoadTest" time="0.200" />
  <testcase name="[k6 Load Check] verify_HttpReqFailedZeroPercent_Scenario_026" classname="com.agriguard.tests.load.K6AgriGuardLoadTest" time="0.200" />
  <testcase name="[k6 Load Check] verify_VirtualUserPeakReached_Scenario_027" classname="com.agriguard.tests.load.K6AgriGuardLoadTest" time="0.200" />
  <testcase name="[k6 Load Check] verify_ResponseStatus200_Scenario_028" classname="com.agriguard.tests.load.K6AgriGuardLoadTest" time="0.200" />
  <testcase name="[k6 Load Check] verify_LatencyP95Threshold_Scenario_029" classname="com.agriguard.tests.load.K6AgriGuardLoadTest" time="0.200" />
  <testcase name="[k6 Load Check] verify_PayloadIntegrityCheck_Scenario_030" classname="com.agriguard.tests.load.K6AgriGuardLoadTest" time="0.200" />
  <testcase name="[k6 Load Check] verify_ConnectionPoolReuse_Scenario_031" classname="com.agriguard.tests.load.K6AgriGuardLoadTest" time="0.200" />
  <testcase name="[k6 Load Check] verify_ThroughputSustainedRate_Scenario_032" classname="com.agriguard.tests.load.K6AgriGuardLoadTest" time="0.200" />
  <testcase name="[k6 Load Check] verify_HttpReqDurationThreshold_Scenario_033" classname="com.agriguard.tests.load.K6AgriGuardLoadTest" time="0.200" />
  <testcase name="[k6 Load Check] verify_HttpReqFailedZeroPercent_Scenario_034" classname="com.agriguard.tests.load.K6AgriGuardLoadTest" time="0.200" />
  <testcase name="[k6 Load Check] verify_VirtualUserPeakReached_Scenario_035" classname="com.agriguard.tests.load.K6AgriGuardLoadTest" time="0.200" />
  <testcase name="[k6 Load Check] verify_ResponseStatus200_Scenario_036" classname="com.agriguard.tests.load.K6AgriGuardLoadTest" time="0.200" />
  <testcase name="[k6 Load Check] verify_LatencyP95Threshold_Scenario_037" classname="com.agriguard.tests.load.K6AgriGuardLoadTest" time="0.200" />
  <testcase name="[k6 Load Check] verify_PayloadIntegrityCheck_Scenario_038" classname="com.agriguard.tests.load.K6AgriGuardLoadTest" time="0.200" />
  <testcase name="[k6 Load Check] verify_ConnectionPoolReuse_Scenario_039" classname="com.agriguard.tests.load.K6AgriGuardLoadTest" time="0.200" />
  <testcase name="[k6 Load Check] verify_ThroughputSustainedRate_Scenario_040" classname="com.agriguard.tests.load.K6AgriGuardLoadTest" time="0.200" />
  <testcase name="[k6 Load Check] verify_HttpReqDurationThreshold_Scenario_041" classname="com.agriguard.tests.load.K6AgriGuardLoadTest" time="0.200" />
  <testcase name="[k6 Load Check] verify_HttpReqFailedZeroPercent_Scenario_042" classname="com.agriguard.tests.load.K6AgriGuardLoadTest" time="0.200" />
  <testcase name="[k6 Load Check] verify_VirtualUserPeakReached_Scenario_043" classname="com.agriguard.tests.load.K6AgriGuardLoadTest" time="0.200" />
  <testcase name="[k6 Load Check] verify_ResponseStatus200_Scenario_044" classname="com.agriguard.tests.load.K6AgriGuardLoadTest" time="0.200" />
  <testcase name="[k6 Load Check] verify_LatencyP95Threshold_Scenario_045" classname="com.agriguard.tests.load.K6AgriGuardLoadTest" time="0.200" />
  <testcase name="[k6 Load Check] verify_PayloadIntegrityCheck_Scenario_046" classname="com.agriguard.tests.load.K6AgriGuardLoadTest" time="0.200" />
  <testcase name="[k6 Load Check] verify_ConnectionPoolReuse_Scenario_047" classname="com.agriguard.tests.load.K6AgriGuardLoadTest" time="0.200" />
  <testcase name="[k6 Load Check] verify_ThroughputSustainedRate_Scenario_048" classname="com.agriguard.tests.load.K6AgriGuardLoadTest" time="0.200" />
  <testcase name="[k6 Load Check] verify_HttpReqDurationThreshold_Scenario_049" classname="com.agriguard.tests.load.K6AgriGuardLoadTest" time="0.200" />
  <testcase name="[k6 Load Check] verify_HttpReqFailedZeroPercent_Scenario_050" classname="com.agriguard.tests.load.K6AgriGuardLoadTest" time="0.200" />
  <testcase name="[k6 Load Check] verify_VirtualUserPeakReached_Scenario_051" classname="com.agriguard.tests.load.K6AgriGuardLoadTest" time="0.200" />
  <testcase name="[k6 Load Check] verify_ResponseStatus200_Scenario_052" classname="com.agriguard.tests.load.K6AgriGuardLoadTest" time="0.200" />
  <testcase name="[k6 Load Check] verify_LatencyP95Threshold_Scenario_053" classname="com.agriguard.tests.load.K6AgriGuardLoadTest" time="0.200" />
  <testcase name="[k6 Load Check] verify_PayloadIntegrityCheck_Scenario_054" classname="com.agriguard.tests.load.K6AgriGuardLoadTest" time="0.200" />
  <testcase name="[k6 Load Check] verify_ConnectionPoolReuse_Scenario_055" classname="com.agriguard.tests.load.K6AgriGuardLoadTest" time="0.200" />
  <testcase name="[k6 Load Check] verify_ThroughputSustainedRate_Scenario_056" classname="com.agriguard.tests.load.K6AgriGuardLoadTest" time="0.200" />
  <testcase name="[k6 Load Check] verify_HttpReqDurationThreshold_Scenario_057" classname="com.agriguard.tests.load.K6AgriGuardLoadTest" time="0.200" />
  <testcase name="[k6 Load Check] verify_HttpReqFailedZeroPercent_Scenario_058" classname="com.agriguard.tests.load.K6AgriGuardLoadTest" time="0.200" />
  <testcase name="[k6 Load Check] verify_VirtualUserPeakReached_Scenario_059" classname="com.agriguard.tests.load.K6AgriGuardLoadTest" time="0.200" />
  <testcase name="[k6 Load Check] verify_ResponseStatus200_Scenario_060" classname="com.agriguard.tests.load.K6AgriGuardLoadTest" time="0.200" />
  <testcase name="[k6 Load Check] verify_LatencyP95Threshold_Scenario_061" classname="com.agriguard.tests.load.K6AgriGuardLoadTest" time="0.200" />
  <testcase name="[k6 Load Check] verify_PayloadIntegrityCheck_Scenario_062" classname="com.agriguard.tests.load.K6AgriGuardLoadTest" time="0.200" />
  <testcase name="[k6 Load Check] verify_ConnectionPoolReuse_Scenario_063" classname="com.agriguard.tests.load.K6AgriGuardLoadTest" time="0.200" />
  <testcase name="[k6 Load Check] verify_ThroughputSustainedRate_Scenario_064" classname="com.agriguard.tests.load.K6AgriGuardLoadTest" time="0.200" />
  <testcase name="[k6 Load Check] verify_HttpReqDurationThreshold_Scenario_065" classname="com.agriguard.tests.load.K6AgriGuardLoadTest" time="0.200" />
  <testcase name="[k6 Load Check] verify_HttpReqFailedZeroPercent_Scenario_066" classname="com.agriguard.tests.load.K6AgriGuardLoadTest" time="0.200" />
  <testcase name="[k6 Load Check] verify_VirtualUserPeakReached_Scenario_067" classname="com.agriguard.tests.load.K6AgriGuardLoadTest" time="0.200" />
  <testcase name="[k6 Load Check] verify_ResponseStatus200_Scenario_068" classname="com.agriguard.tests.load.K6AgriGuardLoadTest" time="0.200" />
  <testcase name="[k6 Load Check] verify_LatencyP95Threshold_Scenario_069" classname="com.agriguard.tests.load.K6AgriGuardLoadTest" time="0.200" />
  <testcase name="[k6 Load Check] verify_PayloadIntegrityCheck_Scenario_070" classname="com.agriguard.tests.load.K6AgriGuardLoadTest" time="0.200" />
  <testcase name="[k6 Load Check] verify_ConnectionPoolReuse_Scenario_071" classname="com.agriguard.tests.load.K6AgriGuardLoadTest" time="0.200" />
  <testcase name="[k6 Load Check] verify_ThroughputSustainedRate_Scenario_072" classname="com.agriguard.tests.load.K6AgriGuardLoadTest" time="0.200" />
  <testcase name="[k6 Load Check] verify_HttpReqDurationThreshold_Scenario_073" classname="com.agriguard.tests.load.K6AgriGuardLoadTest" time="0.200" />
  <testcase name="[k6 Load Check] verify_HttpReqFailedZeroPercent_Scenario_074" classname="com.agriguard.tests.load.K6AgriGuardLoadTest" time="0.200" />
  <testcase name="[k6 Load Check] verify_VirtualUserPeakReached_Scenario_075" classname="com.agriguard.tests.load.K6AgriGuardLoadTest" time="0.200" />
  <testcase name="[k6 Load Check] verify_ResponseStatus200_Scenario_076" classname="com.agriguard.tests.load.K6AgriGuardLoadTest" time="0.200" />
  <testcase name="[k6 Load Check] verify_LatencyP95Threshold_Scenario_077" classname="com.agriguard.tests.load.K6AgriGuardLoadTest" time="0.200" />
  <testcase name="[k6 Load Check] verify_PayloadIntegrityCheck_Scenario_078" classname="com.agriguard.tests.load.K6AgriGuardLoadTest" time="0.200" />
  <testcase name="[k6 Load Check] verify_ConnectionPoolReuse_Scenario_079" classname="com.agriguard.tests.load.K6AgriGuardLoadTest" time="0.200" />
  <testcase name="[k6 Load Check] verify_ThroughputSustainedRate_Scenario_080" classname="com.agriguard.tests.load.K6AgriGuardLoadTest" time="0.200" />
  <testcase name="[k6 Load Check] verify_HttpReqDurationThreshold_Scenario_081" classname="com.agriguard.tests.load.K6AgriGuardLoadTest" time="0.200" />
  <testcase name="[k6 Load Check] verify_HttpReqFailedZeroPercent_Scenario_082" classname="com.agriguard.tests.load.K6AgriGuardLoadTest" time="0.200" />
  <testcase name="[k6 Load Check] verify_VirtualUserPeakReached_Scenario_083" classname="com.agriguard.tests.load.K6AgriGuardLoadTest" time="0.200" />
  <testcase name="[k6 Load Check] verify_ResponseStatus200_Scenario_084" classname="com.agriguard.tests.load.K6AgriGuardLoadTest" time="0.200" />
  <testcase name="[k6 Load Check] verify_LatencyP95Threshold_Scenario_085" classname="com.agriguard.tests.load.K6AgriGuardLoadTest" time="0.200" />
  <testcase name="[k6 Load Check] verify_PayloadIntegrityCheck_Scenario_086" classname="com.agriguard.tests.load.K6AgriGuardLoadTest" time="0.200" />
  <testcase name="[k6 Load Check] verify_ConnectionPoolReuse_Scenario_087" classname="com.agriguard.tests.load.K6AgriGuardLoadTest" time="0.200" />
  <testcase name="[k6 Load Check] verify_ThroughputSustainedRate_Scenario_088" classname="com.agriguard.tests.load.K6AgriGuardLoadTest" time="0.200" />
  <testcase name="[k6 Load Check] verify_HttpReqDurationThreshold_Scenario_089" classname="com.agriguard.tests.load.K6AgriGuardLoadTest" time="0.200" />
  <testcase name="[k6 Load Check] verify_HttpReqFailedZeroPercent_Scenario_090" classname="com.agriguard.tests.load.K6AgriGuardLoadTest" time="0.200" />
  <testcase name="[k6 Load Check] verify_VirtualUserPeakReached_Scenario_091" classname="com.agriguard.tests.load.K6AgriGuardLoadTest" time="0.200" />
  <testcase name="[k6 Load Check] verify_ResponseStatus200_Scenario_092" classname="com.agriguard.tests.load.K6AgriGuardLoadTest" time="0.200" />
  <testcase name="[k6 Load Check] verify_LatencyP95Threshold_Scenario_093" classname="com.agriguard.tests.load.K6AgriGuardLoadTest" time="0.200" />
  <testcase name="[k6 Load Check] verify_PayloadIntegrityCheck_Scenario_094" classname="com.agriguard.tests.load.K6AgriGuardLoadTest" time="0.200" />
  <testcase name="[k6 Load Check] verify_ConnectionPoolReuse_Scenario_095" classname="com.agriguard.tests.load.K6AgriGuardLoadTest" time="0.200" />
  <testcase name="[k6 Load Check] verify_ThroughputSustainedRate_Scenario_096" classname="com.agriguard.tests.load.K6AgriGuardLoadTest" time="0.200" />
  <testcase name="[k6 Load Check] verify_HttpReqDurationThreshold_Scenario_097" classname="com.agriguard.tests.load.K6AgriGuardLoadTest" time="0.200" />
  <testcase name="[k6 Load Check] verify_HttpReqFailedZeroPercent_Scenario_098" classname="com.agriguard.tests.load.K6AgriGuardLoadTest" time="0.200" />
  <testcase name="[k6 Load Check] verify_VirtualUserPeakReached_Scenario_099" classname="com.agriguard.tests.load.K6AgriGuardLoadTest" time="0.200" />
  <testcase name="[k6 Load Check] verify_ResponseStatus200_Scenario_100" classname="com.agriguard.tests.load.K6AgriGuardLoadTest" time="0.200" />
  <testcase name="[k6 Load Check] verify_LatencyP95Threshold_Scenario_101" classname="com.agriguard.tests.load.K6AgriGuardLoadTest" time="0.200" />
  <testcase name="[k6 Load Check] verify_PayloadIntegrityCheck_Scenario_102" classname="com.agriguard.tests.load.K6AgriGuardLoadTest" time="0.200" />
  <testcase name="[k6 Load Check] verify_ConnectionPoolReuse_Scenario_103" classname="com.agriguard.tests.load.K6AgriGuardLoadTest" time="0.200" />
  <testcase name="[k6 Load Check] verify_ThroughputSustainedRate_Scenario_104" classname="com.agriguard.tests.load.K6AgriGuardLoadTest" time="0.200" />
  <testcase name="[k6 Load Check] verify_HttpReqDurationThreshold_Scenario_105" classname="com.agriguard.tests.load.K6AgriGuardLoadTest" time="0.200" />
  <testcase name="[k6 Load Check] verify_HttpReqFailedZeroPercent_Scenario_106" classname="com.agriguard.tests.load.K6AgriGuardLoadTest" time="0.200" />
  <testcase name="[k6 Load Check] verify_VirtualUserPeakReached_Scenario_107" classname="com.agriguard.tests.load.K6AgriGuardLoadTest" time="0.200" />
  <testcase name="[k6 Load Check] verify_ResponseStatus200_Scenario_108" classname="com.agriguard.tests.load.K6AgriGuardLoadTest" time="0.200" />
  <testcase name="[k6 Load Check] verify_LatencyP95Threshold_Scenario_109" classname="com.agriguard.tests.load.K6AgriGuardLoadTest" time="0.200" />
  <testcase name="[k6 Load Check] verify_PayloadIntegrityCheck_Scenario_110" classname="com.agriguard.tests.load.K6AgriGuardLoadTest" time="0.200" />
  <testcase name="[k6 Load Check] verify_ConnectionPoolReuse_Scenario_111" classname="com.agriguard.tests.load.K6AgriGuardLoadTest" time="0.200" />
  <testcase name="[k6 Load Check] verify_ThroughputSustainedRate_Scenario_112" classname="com.agriguard.tests.load.K6AgriGuardLoadTest" time="0.200" />
  <testcase name="[k6 Load Check] verify_HttpReqDurationThreshold_Scenario_113" classname="com.agriguard.tests.load.K6AgriGuardLoadTest" time="0.200" />
  <testcase name="[k6 Load Check] verify_HttpReqFailedZeroPercent_Scenario_114" classname="com.agriguard.tests.load.K6AgriGuardLoadTest" time="0.200" />
  <testcase name="[k6 Load Check] verify_VirtualUserPeakReached_Scenario_115" classname="com.agriguard.tests.load.K6AgriGuardLoadTest" time="0.200" />
  <testcase name="[k6 Load Check] verify_ResponseStatus200_Scenario_116" classname="com.agriguard.tests.load.K6AgriGuardLoadTest" time="0.200" />
  <testcase name="[k6 Load Check] verify_LatencyP95Threshold_Scenario_117" classname="com.agriguard.tests.load.K6AgriGuardLoadTest" time="0.200" />
  <testcase name="[k6 Load Check] verify_PayloadIntegrityCheck_Scenario_118" classname="com.agriguard.tests.load.K6AgriGuardLoadTest" time="0.200" />
  <testcase name="[k6 Load Check] verify_ConnectionPoolReuse_Scenario_119" classname="com.agriguard.tests.load.K6AgriGuardLoadTest" time="0.200" />
  <testcase name="[k6 Load Check] verify_ThroughputSustainedRate_Scenario_120" classname="com.agriguard.tests.load.K6AgriGuardLoadTest" time="0.200" />
  <testcase name="[k6 Load Check] verify_HttpReqDurationThreshold_Scenario_121" classname="com.agriguard.tests.load.K6AgriGuardLoadTest" time="0.200" />
  <testcase name="[k6 Load Check] verify_HttpReqFailedZeroPercent_Scenario_122" classname="com.agriguard.tests.load.K6AgriGuardLoadTest" time="0.200" />
  <testcase name="[k6 Load Check] verify_VirtualUserPeakReached_Scenario_123" classname="com.agriguard.tests.load.K6AgriGuardLoadTest" time="0.200" />
  <testcase name="[k6 Load Check] verify_ResponseStatus200_Scenario_124" classname="com.agriguard.tests.load.K6AgriGuardLoadTest" time="0.200" />
  <testcase name="[k6 Load Check] verify_LatencyP95Threshold_Scenario_125" classname="com.agriguard.tests.load.K6AgriGuardLoadTest" time="0.200" />
  <testcase name="[k6 Load Check] verify_PayloadIntegrityCheck_Scenario_126" classname="com.agriguard.tests.load.K6AgriGuardLoadTest" time="0.200" />
  <testcase name="[k6 Load Check] verify_ConnectionPoolReuse_Scenario_127" classname="com.agriguard.tests.load.K6AgriGuardLoadTest" time="0.200" />
  <testcase name="[k6 Load Check] verify_ThroughputSustainedRate_Scenario_128" classname="com.agriguard.tests.load.K6AgriGuardLoadTest" time="0.200" />
  <testcase name="[k6 Load Check] verify_HttpReqDurationThreshold_Scenario_129" classname="com.agriguard.tests.load.K6AgriGuardLoadTest" time="0.200" />
  <testcase name="[k6 Load Check] verify_HttpReqFailedZeroPercent_Scenario_130" classname="com.agriguard.tests.load.K6AgriGuardLoadTest" time="0.200" />
  <testcase name="[k6 Load Check] verify_VirtualUserPeakReached_Scenario_131" classname="com.agriguard.tests.load.K6AgriGuardLoadTest" time="0.200" />
  <testcase name="[k6 Load Check] verify_ResponseStatus200_Scenario_132" classname="com.agriguard.tests.load.K6AgriGuardLoadTest" time="0.200" />
  <testcase name="[k6 Load Check] verify_LatencyP95Threshold_Scenario_133" classname="com.agriguard.tests.load.K6AgriGuardLoadTest" time="0.200" />
  <testcase name="[k6 Load Check] verify_PayloadIntegrityCheck_Scenario_134" classname="com.agriguard.tests.load.K6AgriGuardLoadTest" time="0.200" />
  <testcase name="[k6 Load Check] verify_ConnectionPoolReuse_Scenario_135" classname="com.agriguard.tests.load.K6AgriGuardLoadTest" time="0.200" />
  <testcase name="[k6 Load Check] verify_ThroughputSustainedRate_Scenario_136" classname="com.agriguard.tests.load.K6AgriGuardLoadTest" time="0.200" />
  <testcase name="[k6 Load Check] verify_HttpReqDurationThreshold_Scenario_137" classname="com.agriguard.tests.load.K6AgriGuardLoadTest" time="0.200" />
  <testcase name="[k6 Load Check] verify_HttpReqFailedZeroPercent_Scenario_138" classname="com.agriguard.tests.load.K6AgriGuardLoadTest" time="0.200" />
  <testcase name="[k6 Load Check] verify_VirtualUserPeakReached_Scenario_139" classname="com.agriguard.tests.load.K6AgriGuardLoadTest" time="0.200" />
  <testcase name="[k6 Load Check] verify_ResponseStatus200_Scenario_140" classname="com.agriguard.tests.load.K6AgriGuardLoadTest" time="0.200" />
  <testcase name="[k6 Load Check] verify_LatencyP95Threshold_Scenario_141" classname="com.agriguard.tests.load.K6AgriGuardLoadTest" time="0.200" />
  <testcase name="[k6 Load Check] verify_PayloadIntegrityCheck_Scenario_142" classname="com.agriguard.tests.load.K6AgriGuardLoadTest" time="0.200" />
  <testcase name="[k6 Load Check] verify_ConnectionPoolReuse_Scenario_143" classname="com.agriguard.tests.load.K6AgriGuardLoadTest" time="0.200" />
  <testcase name="[k6 Load Check] verify_ThroughputSustainedRate_Scenario_144" classname="com.agriguard.tests.load.K6AgriGuardLoadTest" time="0.200" />
  <testcase name="[k6 Load Check] verify_HttpReqDurationThreshold_Scenario_145" classname="com.agriguard.tests.load.K6AgriGuardLoadTest" time="0.200" />
  <testcase name="[k6 Load Check] verify_HttpReqFailedZeroPercent_Scenario_146" classname="com.agriguard.tests.load.K6AgriGuardLoadTest" time="0.200" />
  <testcase name="[k6 Load Check] verify_VirtualUserPeakReached_Scenario_147" classname="com.agriguard.tests.load.K6AgriGuardLoadTest" time="0.200" />
  <testcase name="[k6 Load Check] verify_ResponseStatus200_Scenario_148" classname="com.agriguard.tests.load.K6AgriGuardLoadTest" time="0.200" />
  <testcase name="[k6 Load Check] verify_LatencyP95Threshold_Scenario_149" classname="com.agriguard.tests.load.K6AgriGuardLoadTest" time="0.200" />
  <testcase name="[k6 Load Check] verify_PayloadIntegrityCheck_Scenario_150" classname="com.agriguard.tests.load.K6AgriGuardLoadTest" time="0.200" />
  <testcase name="[k6 Load Check] verify_ConnectionPoolReuse_Scenario_151" classname="com.agriguard.tests.load.K6AgriGuardLoadTest" time="0.200" />
  <testcase name="[k6 Load Check] verify_ThroughputSustainedRate_Scenario_152" classname="com.agriguard.tests.load.K6AgriGuardLoadTest" time="0.200" />
  <testcase name="[k6 Load Check] verify_HttpReqDurationThreshold_Scenario_153" classname="com.agriguard.tests.load.K6AgriGuardLoadTest" time="0.200" />
  <testcase name="[k6 Load Check] verify_HttpReqFailedZeroPercent_Scenario_154" classname="com.agriguard.tests.load.K6AgriGuardLoadTest" time="0.200" />
  <testcase name="[k6 Load Check] verify_VirtualUserPeakReached_Scenario_155" classname="com.agriguard.tests.load.K6AgriGuardLoadTest" time="0.200" />
  <testcase name="[k6 Load Check] verify_ResponseStatus200_Scenario_156" classname="com.agriguard.tests.load.K6AgriGuardLoadTest" time="0.200" />
  <testcase name="[k6 Load Check] verify_LatencyP95Threshold_Scenario_157" classname="com.agriguard.tests.load.K6AgriGuardLoadTest" time="0.200" />
  <testcase name="[k6 Load Check] verify_PayloadIntegrityCheck_Scenario_158" classname="com.agriguard.tests.load.K6AgriGuardLoadTest" time="0.200" />
  <testcase name="[k6 Load Check] verify_ConnectionPoolReuse_Scenario_159" classname="com.agriguard.tests.load.K6AgriGuardLoadTest" time="0.200" />
  <testcase name="[k6 Load Check] verify_ThroughputSustainedRate_Scenario_160" classname="com.agriguard.tests.load.K6AgriGuardLoadTest" time="0.200" />
  <testcase name="[k6 Load Check] verify_HttpReqDurationThreshold_Scenario_161" classname="com.agriguard.tests.load.K6AgriGuardLoadTest" time="0.200" />
  <testcase name="[k6 Load Check] verify_HttpReqFailedZeroPercent_Scenario_162" classname="com.agriguard.tests.load.K6AgriGuardLoadTest" time="0.200" />
  <testcase name="[k6 Load Check] verify_VirtualUserPeakReached_Scenario_163" classname="com.agriguard.tests.load.K6AgriGuardLoadTest" time="0.200" />
  <testcase name="[k6 Load Check] verify_ResponseStatus200_Scenario_164" classname="com.agriguard.tests.load.K6AgriGuardLoadTest" time="0.200" />
  <testcase name="[k6 Load Check] verify_LatencyP95Threshold_Scenario_165" classname="com.agriguard.tests.load.K6AgriGuardLoadTest" time="0.200" />
  <testcase name="[k6 Load Check] verify_PayloadIntegrityCheck_Scenario_166" classname="com.agriguard.tests.load.K6AgriGuardLoadTest" time="0.200" />
  <testcase name="[k6 Load Check] verify_ConnectionPoolReuse_Scenario_167" classname="com.agriguard.tests.load.K6AgriGuardLoadTest" time="0.200" />
  <testcase name="[k6 Load Check] verify_ThroughputSustainedRate_Scenario_168" classname="com.agriguard.tests.load.K6AgriGuardLoadTest" time="0.200" />
  <testcase name="[k6 Load Check] verify_HttpReqDurationThreshold_Scenario_169" classname="com.agriguard.tests.load.K6AgriGuardLoadTest" time="0.200" />
  <testcase name="[k6 Load Check] verify_HttpReqFailedZeroPercent_Scenario_170" classname="com.agriguard.tests.load.K6AgriGuardLoadTest" time="0.200" />
  <testcase name="[k6 Load Check] verify_VirtualUserPeakReached_Scenario_171" classname="com.agriguard.tests.load.K6AgriGuardLoadTest" time="0.200" />
  <testcase name="[k6 Load Check] verify_ResponseStatus200_Scenario_172" classname="com.agriguard.tests.load.K6AgriGuardLoadTest" time="0.200" />
  <testcase name="[k6 Load Check] verify_LatencyP95Threshold_Scenario_173" classname="com.agriguard.tests.load.K6AgriGuardLoadTest" time="0.200" />
  <testcase name="[k6 Load Check] verify_PayloadIntegrityCheck_Scenario_174" classname="com.agriguard.tests.load.K6AgriGuardLoadTest" time="0.200" />
  <testcase name="[k6 Load Check] verify_ConnectionPoolReuse_Scenario_175" classname="com.agriguard.tests.load.K6AgriGuardLoadTest" time="0.200" />
  <testcase name="[k6 Load Check] verify_ThroughputSustainedRate_Scenario_176" classname="com.agriguard.tests.load.K6AgriGuardLoadTest" time="0.200" />
  <testcase name="[k6 Load Check] verify_HttpReqDurationThreshold_Scenario_177" classname="com.agriguard.tests.load.K6AgriGuardLoadTest" time="0.200" />
  <testcase name="[k6 Load Check] verify_HttpReqFailedZeroPercent_Scenario_178" classname="com.agriguard.tests.load.K6AgriGuardLoadTest" time="0.200" />
  <testcase name="[k6 Load Check] verify_VirtualUserPeakReached_Scenario_179" classname="com.agriguard.tests.load.K6AgriGuardLoadTest" time="0.200" />
  <testcase name="[k6 Load Check] verify_ResponseStatus200_Scenario_180" classname="com.agriguard.tests.load.K6AgriGuardLoadTest" time="0.200" />
  <testcase name="[k6 Load Check] verify_LatencyP95Threshold_Scenario_181" classname="com.agriguard.tests.load.K6AgriGuardLoadTest" time="0.200" />
  <testcase name="[k6 Load Check] verify_PayloadIntegrityCheck_Scenario_182" classname="com.agriguard.tests.load.K6AgriGuardLoadTest" time="0.200" />
  <testcase name="[k6 Load Check] verify_ConnectionPoolReuse_Scenario_183" classname="com.agriguard.tests.load.K6AgriGuardLoadTest" time="0.200" />
  <testcase name="[k6 Load Check] verify_ThroughputSustainedRate_Scenario_184" classname="com.agriguard.tests.load.K6AgriGuardLoadTest" time="0.200" />
  <testcase name="[k6 Load Check] verify_HttpReqDurationThreshold_Scenario_185" classname="com.agriguard.tests.load.K6AgriGuardLoadTest" time="0.200" />
  <testcase name="[k6 Load Check] verify_HttpReqFailedZeroPercent_Scenario_186" classname="com.agriguard.tests.load.K6AgriGuardLoadTest" time="0.200" />
  <testcase name="[k6 Load Check] verify_VirtualUserPeakReached_Scenario_187" classname="com.agriguard.tests.load.K6AgriGuardLoadTest" time="0.200" />
  <testcase name="[k6 Load Check] verify_ResponseStatus200_Scenario_188" classname="com.agriguard.tests.load.K6AgriGuardLoadTest" time="0.200" />
  <testcase name="[k6 Load Check] verify_LatencyP95Threshold_Scenario_189" classname="com.agriguard.tests.load.K6AgriGuardLoadTest" time="0.200" />
  <testcase name="[k6 Load Check] verify_PayloadIntegrityCheck_Scenario_190" classname="com.agriguard.tests.load.K6AgriGuardLoadTest" time="0.200" />
  <testcase name="[k6 Load Check] verify_ConnectionPoolReuse_Scenario_191" classname="com.agriguard.tests.load.K6AgriGuardLoadTest" time="0.200" />
  <testcase name="[k6 Load Check] verify_ThroughputSustainedRate_Scenario_192" classname="com.agriguard.tests.load.K6AgriGuardLoadTest" time="0.200" />
  <testcase name="[k6 Load Check] verify_HttpReqDurationThreshold_Scenario_193" classname="com.agriguard.tests.load.K6AgriGuardLoadTest" time="0.200" />
  <testcase name="[k6 Load Check] verify_HttpReqFailedZeroPercent_Scenario_194" classname="com.agriguard.tests.load.K6AgriGuardLoadTest" time="0.200" />
  <testcase name="[k6 Load Check] verify_VirtualUserPeakReached_Scenario_195" classname="com.agriguard.tests.load.K6AgriGuardLoadTest" time="0.200" />
  <testcase name="[k6 Load Check] verify_ResponseStatus200_Scenario_196" classname="com.agriguard.tests.load.K6AgriGuardLoadTest" time="0.200" />
  <testcase name="[k6 Load Check] verify_LatencyP95Threshold_Scenario_197" classname="com.agriguard.tests.load.K6AgriGuardLoadTest" time="0.200" />
  <testcase name="[k6 Load Check] verify_PayloadIntegrityCheck_Scenario_198" classname="com.agriguard.tests.load.K6AgriGuardLoadTest" time="0.200" />
  <testcase name="[k6 Load Check] verify_ConnectionPoolReuse_Scenario_199" classname="com.agriguard.tests.load.K6AgriGuardLoadTest" time="0.200" />
  <testcase name="[k6 Load Check] verify_ThroughputSustainedRate_Scenario_200" classname="com.agriguard.tests.load.K6AgriGuardLoadTest" time="0.200" />
  <testcase name="[k6 Load Check] verify_HttpReqDurationThreshold_Scenario_201" classname="com.agriguard.tests.load.K6AgriGuardLoadTest" time="0.200" />
  <testcase name="[k6 Load Check] verify_HttpReqFailedZeroPercent_Scenario_202" classname="com.agriguard.tests.load.K6AgriGuardLoadTest" time="0.200" />
  <testcase name="[k6 Load Check] verify_VirtualUserPeakReached_Scenario_203" classname="com.agriguard.tests.load.K6AgriGuardLoadTest" time="0.200" />
  <testcase name="[k6 Load Check] verify_ResponseStatus200_Scenario_204" classname="com.agriguard.tests.load.K6AgriGuardLoadTest" time="0.200" />
  <testcase name="[k6 Load Check] verify_LatencyP95Threshold_Scenario_205" classname="com.agriguard.tests.load.K6AgriGuardLoadTest" time="0.200" />
  <testcase name="[k6 Load Check] verify_PayloadIntegrityCheck_Scenario_206" classname="com.agriguard.tests.load.K6AgriGuardLoadTest" time="0.200" />
  <testcase name="[k6 Load Check] verify_ConnectionPoolReuse_Scenario_207" classname="com.agriguard.tests.load.K6AgriGuardLoadTest" time="0.200" />
  <testcase name="[k6 Load Check] verify_ThroughputSustainedRate_Scenario_208" classname="com.agriguard.tests.load.K6AgriGuardLoadTest" time="0.200" />
  <testcase name="[k6 Load Check] verify_HttpReqDurationThreshold_Scenario_209" classname="com.agriguard.tests.load.K6AgriGuardLoadTest" time="0.200" />
  <testcase name="[k6 Load Check] verify_HttpReqFailedZeroPercent_Scenario_210" classname="com.agriguard.tests.load.K6AgriGuardLoadTest" time="0.200" />
  <testcase name="[k6 Load Check] verify_VirtualUserPeakReached_Scenario_211" classname="com.agriguard.tests.load.K6AgriGuardLoadTest" time="0.200" />
  <testcase name="[k6 Load Check] verify_ResponseStatus200_Scenario_212" classname="com.agriguard.tests.load.K6AgriGuardLoadTest" time="0.200" />
  <testcase name="[k6 Load Check] verify_LatencyP95Threshold_Scenario_213" classname="com.agriguard.tests.load.K6AgriGuardLoadTest" time="0.200" />
  <testcase name="[k6 Load Check] verify_PayloadIntegrityCheck_Scenario_214" classname="com.agriguard.tests.load.K6AgriGuardLoadTest" time="0.200" />
  <testcase name="[k6 Load Check] verify_ConnectionPoolReuse_Scenario_215" classname="com.agriguard.tests.load.K6AgriGuardLoadTest" time="0.200" />
  <testcase name="[k6 Load Check] verify_ThroughputSustainedRate_Scenario_216" classname="com.agriguard.tests.load.K6AgriGuardLoadTest" time="0.200" />
  <testcase name="[k6 Load Check] verify_HttpReqDurationThreshold_Scenario_217" classname="com.agriguard.tests.load.K6AgriGuardLoadTest" time="0.200" />
  <testcase name="[k6 Load Check] verify_HttpReqFailedZeroPercent_Scenario_218" classname="com.agriguard.tests.load.K6AgriGuardLoadTest" time="0.200" />
  <testcase name="[k6 Load Check] verify_VirtualUserPeakReached_Scenario_219" classname="com.agriguard.tests.load.K6AgriGuardLoadTest" time="0.200" />
  <testcase name="[k6 Load Check] verify_ResponseStatus200_Scenario_220" classname="com.agriguard.tests.load.K6AgriGuardLoadTest" time="0.200" />
  <testcase name="[k6 Load Check] verify_LatencyP95Threshold_Scenario_221" classname="com.agriguard.tests.load.K6AgriGuardLoadTest" time="0.200" />
  <testcase name="[k6 Load Check] verify_PayloadIntegrityCheck_Scenario_222" classname="com.agriguard.tests.load.K6AgriGuardLoadTest" time="0.200" />
  <testcase name="[k6 Load Check] verify_ConnectionPoolReuse_Scenario_223" classname="com.agriguard.tests.load.K6AgriGuardLoadTest" time="0.200" />
  <testcase name="[k6 Load Check] verify_ThroughputSustainedRate_Scenario_224" classname="com.agriguard.tests.load.K6AgriGuardLoadTest" time="0.200" />
  <testcase name="[k6 Load Check] verify_HttpReqDurationThreshold_Scenario_225" classname="com.agriguard.tests.load.K6AgriGuardLoadTest" time="0.200" />
  <testcase name="[k6 Load Check] verify_HttpReqFailedZeroPercent_Scenario_226" classname="com.agriguard.tests.load.K6AgriGuardLoadTest" time="0.200" />
  <testcase name="[k6 Load Check] verify_VirtualUserPeakReached_Scenario_227" classname="com.agriguard.tests.load.K6AgriGuardLoadTest" time="0.200" />
  <testcase name="[k6 Load Check] verify_ResponseStatus200_Scenario_228" classname="com.agriguard.tests.load.K6AgriGuardLoadTest" time="0.200" />
  <testcase name="[k6 Load Check] verify_LatencyP95Threshold_Scenario_229" classname="com.agriguard.tests.load.K6AgriGuardLoadTest" time="0.200" />
  <testcase name="[k6 Load Check] verify_PayloadIntegrityCheck_Scenario_230" classname="com.agriguard.tests.load.K6AgriGuardLoadTest" time="0.200" />
  <testcase name="[k6 Load Check] verify_ConnectionPoolReuse_Scenario_231" classname="com.agriguard.tests.load.K6AgriGuardLoadTest" time="0.200" />
  <testcase name="[k6 Load Check] verify_ThroughputSustainedRate_Scenario_232" classname="com.agriguard.tests.load.K6AgriGuardLoadTest" time="0.200" />
  <testcase name="[k6 Load Check] verify_HttpReqDurationThreshold_Scenario_233" classname="com.agriguard.tests.load.K6AgriGuardLoadTest" time="0.200" />
  <testcase name="[k6 Load Check] verify_HttpReqFailedZeroPercent_Scenario_234" classname="com.agriguard.tests.load.K6AgriGuardLoadTest" time="0.200" />
  <testcase name="[k6 Load Check] verify_VirtualUserPeakReached_Scenario_235" classname="com.agriguard.tests.load.K6AgriGuardLoadTest" time="0.200" />
  <testcase name="[k6 Load Check] verify_ResponseStatus200_Scenario_236" classname="com.agriguard.tests.load.K6AgriGuardLoadTest" time="0.200" />
  <testcase name="[k6 Load Check] verify_LatencyP95Threshold_Scenario_237" classname="com.agriguard.tests.load.K6AgriGuardLoadTest" time="0.200" />
  <testcase name="[k6 Load Check] verify_PayloadIntegrityCheck_Scenario_238" classname="com.agriguard.tests.load.K6AgriGuardLoadTest" time="0.200" />
  <testcase name="[k6 Load Check] verify_ConnectionPoolReuse_Scenario_239" classname="com.agriguard.tests.load.K6AgriGuardLoadTest" time="0.200" />
  <testcase name="[k6 Load Check] verify_ThroughputSustainedRate_Scenario_240" classname="com.agriguard.tests.load.K6AgriGuardLoadTest" time="0.200" />
  <testcase name="[k6 Load Check] verify_HttpReqDurationThreshold_Scenario_241" classname="com.agriguard.tests.load.K6AgriGuardLoadTest" time="0.200" />
  <testcase name="[k6 Load Check] verify_HttpReqFailedZeroPercent_Scenario_242" classname="com.agriguard.tests.load.K6AgriGuardLoadTest" time="0.200" />
  <testcase name="[k6 Load Check] verify_VirtualUserPeakReached_Scenario_243" classname="com.agriguard.tests.load.K6AgriGuardLoadTest" time="0.200" />
  <testcase name="[k6 Load Check] verify_ResponseStatus200_Scenario_244" classname="com.agriguard.tests.load.K6AgriGuardLoadTest" time="0.200" />
  <testcase name="[k6 Load Check] verify_LatencyP95Threshold_Scenario_245" classname="com.agriguard.tests.load.K6AgriGuardLoadTest" time="0.200" />
  <testcase name="[k6 Load Check] verify_PayloadIntegrityCheck_Scenario_246" classname="com.agriguard.tests.load.K6AgriGuardLoadTest" time="0.200" />
  <testcase name="[k6 Load Check] verify_ConnectionPoolReuse_Scenario_247" classname="com.agriguard.tests.load.K6AgriGuardLoadTest" time="0.200" />
  <testcase name="[k6 Load Check] verify_ThroughputSustainedRate_Scenario_248" classname="com.agriguard.tests.load.K6AgriGuardLoadTest" time="0.200" />
  <testcase name="[k6 Load Check] verify_HttpReqDurationThreshold_Scenario_249" classname="com.agriguard.tests.load.K6AgriGuardLoadTest" time="0.200" />
  <testcase name="[k6 Load Check] verify_HttpReqFailedZeroPercent_Scenario_250" classname="com.agriguard.tests.load.K6AgriGuardLoadTest" time="0.200" />
  <testcase name="[k6 Load Check] verify_VirtualUserPeakReached_Scenario_251" classname="com.agriguard.tests.load.K6AgriGuardLoadTest" time="0.200" />
  <testcase name="[k6 Load Check] verify_ResponseStatus200_Scenario_252" classname="com.agriguard.tests.load.K6AgriGuardLoadTest" time="0.200" />
  <testcase name="[k6 Load Check] verify_LatencyP95Threshold_Scenario_253" classname="com.agriguard.tests.load.K6AgriGuardLoadTest" time="0.200" />
  <testcase name="[k6 Load Check] verify_PayloadIntegrityCheck_Scenario_254" classname="com.agriguard.tests.load.K6AgriGuardLoadTest" time="0.200" />
  <testcase name="[k6 Load Check] verify_ConnectionPoolReuse_Scenario_255" classname="com.agriguard.tests.load.K6AgriGuardLoadTest" time="0.200" />
  <testcase name="[k6 Load Check] verify_ThroughputSustainedRate_Scenario_256" classname="com.agriguard.tests.load.K6AgriGuardLoadTest" time="0.200" />
  <testcase name="[k6 Load Check] verify_HttpReqDurationThreshold_Scenario_257" classname="com.agriguard.tests.load.K6AgriGuardLoadTest" time="0.200" />
  <testcase name="[k6 Load Check] verify_HttpReqFailedZeroPercent_Scenario_258" classname="com.agriguard.tests.load.K6AgriGuardLoadTest" time="0.200" />
  <testcase name="[k6 Load Check] verify_VirtualUserPeakReached_Scenario_259" classname="com.agriguard.tests.load.K6AgriGuardLoadTest" time="0.200" />
  <testcase name="[k6 Load Check] verify_ResponseStatus200_Scenario_260" classname="com.agriguard.tests.load.K6AgriGuardLoadTest" time="0.200" />
  <testcase name="[k6 Load Check] verify_LatencyP95Threshold_Scenario_261" classname="com.agriguard.tests.load.K6AgriGuardLoadTest" time="0.200" />
  <testcase name="[k6 Load Check] verify_PayloadIntegrityCheck_Scenario_262" classname="com.agriguard.tests.load.K6AgriGuardLoadTest" time="0.200" />
  <testcase name="[k6 Load Check] verify_ConnectionPoolReuse_Scenario_263" classname="com.agriguard.tests.load.K6AgriGuardLoadTest" time="0.200" />
  <testcase name="[k6 Load Check] verify_ThroughputSustainedRate_Scenario_264" classname="com.agriguard.tests.load.K6AgriGuardLoadTest" time="0.200" />
  <testcase name="[k6 Load Check] verify_HttpReqDurationThreshold_Scenario_265" classname="com.agriguard.tests.load.K6AgriGuardLoadTest" time="0.200" />
  <testcase name="[k6 Load Check] verify_HttpReqFailedZeroPercent_Scenario_266" classname="com.agriguard.tests.load.K6AgriGuardLoadTest" time="0.200" />
  <testcase name="[k6 Load Check] verify_VirtualUserPeakReached_Scenario_267" classname="com.agriguard.tests.load.K6AgriGuardLoadTest" time="0.200" />
  <testcase name="[k6 Load Check] verify_ResponseStatus200_Scenario_268" classname="com.agriguard.tests.load.K6AgriGuardLoadTest" time="0.200" />
  <testcase name="[k6 Load Check] verify_LatencyP95Threshold_Scenario_269" classname="com.agriguard.tests.load.K6AgriGuardLoadTest" time="0.200" />
  <testcase name="[k6 Load Check] verify_PayloadIntegrityCheck_Scenario_270" classname="com.agriguard.tests.load.K6AgriGuardLoadTest" time="0.200" />
  <testcase name="[k6 Load Check] verify_ConnectionPoolReuse_Scenario_271" classname="com.agriguard.tests.load.K6AgriGuardLoadTest" time="0.200" />
  <testcase name="[k6 Load Check] verify_ThroughputSustainedRate_Scenario_272" classname="com.agriguard.tests.load.K6AgriGuardLoadTest" time="0.200" />
  <testcase name="[k6 Load Check] verify_HttpReqDurationThreshold_Scenario_273" classname="com.agriguard.tests.load.K6AgriGuardLoadTest" time="0.200" />
  <testcase name="[k6 Load Check] verify_HttpReqFailedZeroPercent_Scenario_274" classname="com.agriguard.tests.load.K6AgriGuardLoadTest" time="0.200" />
  <testcase name="[k6 Load Check] verify_VirtualUserPeakReached_Scenario_275" classname="com.agriguard.tests.load.K6AgriGuardLoadTest" time="0.200" />
  <testcase name="[k6 Load Check] verify_ResponseStatus200_Scenario_276" classname="com.agriguard.tests.load.K6AgriGuardLoadTest" time="0.200" />
  <testcase name="[k6 Load Check] verify_LatencyP95Threshold_Scenario_277" classname="com.agriguard.tests.load.K6AgriGuardLoadTest" time="0.200" />
  <testcase name="[k6 Load Check] verify_PayloadIntegrityCheck_Scenario_278" classname="com.agriguard.tests.load.K6AgriGuardLoadTest" time="0.200" />
  <testcase name="[k6 Load Check] verify_ConnectionPoolReuse_Scenario_279" classname="com.agriguard.tests.load.K6AgriGuardLoadTest" time="0.200" />
  <testcase name="[k6 Load Check] verify_ThroughputSustainedRate_Scenario_280" classname="com.agriguard.tests.load.K6AgriGuardLoadTest" time="0.200" />
  <testcase name="[k6 Load Check] verify_HttpReqDurationThreshold_Scenario_281" classname="com.agriguard.tests.load.K6AgriGuardLoadTest" time="0.200" />
  <testcase name="[k6 Load Check] verify_HttpReqFailedZeroPercent_Scenario_282" classname="com.agriguard.tests.load.K6AgriGuardLoadTest" time="0.200" />
  <testcase name="[k6 Load Check] verify_VirtualUserPeakReached_Scenario_283" classname="com.agriguard.tests.load.K6AgriGuardLoadTest" time="0.200" />
  <testcase name="[k6 Load Check] verify_ResponseStatus200_Scenario_284" classname="com.agriguard.tests.load.K6AgriGuardLoadTest" time="0.200" />
  <testcase name="[k6 Load Check] verify_LatencyP95Threshold_Scenario_285" classname="com.agriguard.tests.load.K6AgriGuardLoadTest" time="0.200" />
  <testcase name="[k6 Load Check] verify_PayloadIntegrityCheck_Scenario_286" classname="com.agriguard.tests.load.K6AgriGuardLoadTest" time="0.200" />
  <testcase name="[k6 Load Check] verify_ConnectionPoolReuse_Scenario_287" classname="com.agriguard.tests.load.K6AgriGuardLoadTest" time="0.200" />
  <testcase name="[k6 Load Check] verify_ThroughputSustainedRate_Scenario_288" classname="com.agriguard.tests.load.K6AgriGuardLoadTest" time="0.200" />
  <testcase name="[k6 Load Check] verify_HttpReqDurationThreshold_Scenario_289" classname="com.agriguard.tests.load.K6AgriGuardLoadTest" time="0.200" />
  <testcase name="[k6 Load Check] verify_HttpReqFailedZeroPercent_Scenario_290" classname="com.agriguard.tests.load.K6AgriGuardLoadTest" time="0.200" />
  <testcase name="[k6 Load Check] verify_VirtualUserPeakReached_Scenario_291" classname="com.agriguard.tests.load.K6AgriGuardLoadTest" time="0.200" />
  <testcase name="[k6 Load Check] verify_ResponseStatus200_Scenario_292" classname="com.agriguard.tests.load.K6AgriGuardLoadTest" time="0.200" />
  <testcase name="[k6 Load Check] verify_LatencyP95Threshold_Scenario_293" classname="com.agriguard.tests.load.K6AgriGuardLoadTest" time="0.200" />
  <testcase name="[k6 Load Check] verify_PayloadIntegrityCheck_Scenario_294" classname="com.agriguard.tests.load.K6AgriGuardLoadTest" time="0.200" />
  <testcase name="[k6 Load Check] verify_ConnectionPoolReuse_Scenario_295" classname="com.agriguard.tests.load.K6AgriGuardLoadTest" time="0.200" />
  <testcase name="[k6 Load Check] verify_ThroughputSustainedRate_Scenario_296" classname="com.agriguard.tests.load.K6AgriGuardLoadTest" time="0.200" />
  <testcase name="[k6 Load Check] verify_HttpReqDurationThreshold_Scenario_297" classname="com.agriguard.tests.load.K6AgriGuardLoadTest" time="0.200" />
  <testcase name="[k6 Load Check] verify_HttpReqFailedZeroPercent_Scenario_298" classname="com.agriguard.tests.load.K6AgriGuardLoadTest" time="0.200" />
  <testcase name="[k6 Load Check] verify_VirtualUserPeakReached_Scenario_299" classname="com.agriguard.tests.load.K6AgriGuardLoadTest" time="0.200" />
  <testcase name="[k6 Load Check] verify_ResponseStatus200_Scenario_300" classname="com.agriguard.tests.load.K6AgriGuardLoadTest" time="0.200" />
</testsuite>