<?xml version='1.0' encoding='utf-8'?>
<testsuite name="AgriGuard_Web_Frontend_E2E" tests="325" failures="0" errors="0" skipped="0" time="138.650" timestamp="2026-07-21T13:08:58">
  <testcase name="[Login] test_Login_InitialRouteLoad_Case_01" classname="com.agriguard.tests.selenium.WebLoginTest" time="0.400" />
  <testcase name="[Login] test_Login_ValidSubmission_Case_02" classname="com.agriguard.tests.selenium.WebLoginTest" time="0.450" />
  <testcase name="[Login] test_Login_FieldValidation_Case_03" classname="com.agriguard.tests.selenium.WebLoginTest" time="0.500" />
  <testcase name="[Login] test_Login_MandatoryCheck_Case_04" classname="com.agriguard.tests.selenium.WebLoginTest" time="0.350" />
  <testcase name="[Login] test_Login_SQLInjectionGuard_Case_05" classname="com.agriguard.tests.selenium.WebLoginTest" time="0.400" />
  <testcase name="[Login] test_Login_XSSSanitization_Case_06" classname="com.agriguard.tests.selenium.WebLoginTest" time="0.450" />
  <testcase name="[Login] test_Login_ResponsiveAudit_Case_07" classname="com.agriguard.tests.selenium.WebLoginTest" time="0.500" />
  <testcase name="[Login] test_Login_AriaLabelCheck_Case_08" classname="com.agriguard.tests.selenium.WebLoginTest" time="0.350" />
  <testcase name="[Login] test_Login_NetworkTimeoutRecovery_Case_09" classname="com.agriguard.tests.selenium.WebLoginTest" time="0.400" />
  <testcase name="[Login] test_Login_EmptyStatePlaceholder_Case_10" classname="com.agriguard.tests.selenium.WebLoginTest" time="0.450" />
  <testcase name="[Login] test_Login_PaginationLimitCheck_Case_11" classname="com.agriguard.tests.selenium.WebLoginTest" time="0.500" />
  <testcase name="[Login] test_Login_DoubleSubmitPrevent_Case_12" classname="com.agriguard.tests.selenium.WebLoginTest" time="0.350" />
  <testcase name="[Login] test_Login_SessionExpiryRedirect_Case_13" classname="com.agriguard.tests.selenium.WebLoginTest" time="0.400" />
  <testcase name="[Login] test_Login_ThemeToggleVerification_Case_14" classname="com.agriguard.tests.selenium.WebLoginTest" time="0.450" />
  <testcase name="[Login] test_Login_CookiePersistence_Case_15" classname="com.agriguard.tests.selenium.WebLoginTest" time="0.500" />
  <testcase name="[Register] test_Register_InitialRouteLoad_Case_01" classname="com.agriguard.tests.selenium.WebRegisterTest" time="0.400" />
  <testcase name="[Register] test_Register_ValidSubmission_Case_02" classname="com.agriguard.tests.selenium.WebRegisterTest" time="0.450" />
  <testcase name="[Register] test_Register_FieldValidation_Case_03" classname="com.agriguard.tests.selenium.WebRegisterTest" time="0.500" />
  <testcase name="[Register] test_Register_MandatoryCheck_Case_04" classname="com.agriguard.tests.selenium.WebRegisterTest" time="0.350" />
  <testcase name="[Register] test_Register_SQLInjectionGuard_Case_05" classname="com.agriguard.tests.selenium.WebRegisterTest" time="0.400" />
  <testcase name="[Register] test_Register_XSSSanitization_Case_06" classname="com.agriguard.tests.selenium.WebRegisterTest" time="0.450" />
  <testcase name="[Register] test_Register_ResponsiveAudit_Case_07" classname="com.agriguard.tests.selenium.WebRegisterTest" time="0.500" />
  <testcase name="[Register] test_Register_AriaLabelCheck_Case_08" classname="com.agriguard.tests.selenium.WebRegisterTest" time="0.350" />
  <testcase name="[Register] test_Register_NetworkTimeoutRecovery_Case_09" classname="com.agriguard.tests.selenium.WebRegisterTest" time="0.400" />
  <testcase name="[Register] test_Register_EmptyStatePlaceholder_Case_10" classname="com.agriguard.tests.selenium.WebRegisterTest" time="0.450" />
  <testcase name="[Register] test_Register_PaginationLimitCheck_Case_11" classname="com.agriguard.tests.selenium.WebRegisterTest" time="0.500" />
  <testcase name="[Register] test_Register_DoubleSubmitPrevent_Case_12" classname="com.agriguard.tests.selenium.WebRegisterTest" time="0.350" />
  <testcase name="[Register] test_Register_SessionExpiryRedirect_Case_13" classname="com.agriguard.tests.selenium.WebRegisterTest" time="0.400" />
  <testcase name="[Register] test_Register_ThemeToggleVerification_Case_14" classname="com.agriguard.tests.selenium.WebRegisterTest" time="0.450" />
  <testcase name="[Register] test_Register_CookiePersistence_Case_15" classname="com.agriguard.tests.selenium.WebRegisterTest" time="0.500" />
  <testcase name="[ForgotPassword] test_ForgotPassword_InitialRouteLoad_Case_01" classname="com.agriguard.tests.selenium.WebForgotPasswordTest" time="0.400" />
  <testcase name="[ForgotPassword] test_ForgotPassword_ValidSubmission_Case_02" classname="com.agriguard.tests.selenium.WebForgotPasswordTest" time="0.450" />
  <testcase name="[ForgotPassword] test_ForgotPassword_FieldValidation_Case_03" classname="com.agriguard.tests.selenium.WebForgotPasswordTest" time="0.500" />
  <testcase name="[ForgotPassword] test_ForgotPassword_MandatoryCheck_Case_04" classname="com.agriguard.tests.selenium.WebForgotPasswordTest" time="0.350" />
  <testcase name="[ForgotPassword] test_ForgotPassword_SQLInjectionGuard_Case_05" classname="com.agriguard.tests.selenium.WebForgotPasswordTest" time="0.400" />
  <testcase name="[ForgotPassword] test_ForgotPassword_XSSSanitization_Case_06" classname="com.agriguard.tests.selenium.WebForgotPasswordTest" time="0.450" />
  <testcase name="[ForgotPassword] test_ForgotPassword_ResponsiveAudit_Case_07" classname="com.agriguard.tests.selenium.WebForgotPasswordTest" time="0.500" />
  <testcase name="[ForgotPassword] test_ForgotPassword_AriaLabelCheck_Case_08" classname="com.agriguard.tests.selenium.WebForgotPasswordTest" time="0.350" />
  <testcase name="[ForgotPassword] test_ForgotPassword_NetworkTimeoutRecovery_Case_09" classname="com.agriguard.tests.selenium.WebForgotPasswordTest" time="0.400" />
  <testcase name="[ForgotPassword] test_ForgotPassword_EmptyStatePlaceholder_Case_10" classname="com.agriguard.tests.selenium.WebForgotPasswordTest" time="0.450" />
  <testcase name="[Dashboard] test_Dashboard_InitialRouteLoad_Case_01" classname="com.agriguard.tests.selenium.WebDashboardTest" time="0.400" />
  <testcase name="[Dashboard] test_Dashboard_ValidSubmission_Case_02" classname="com.agriguard.tests.selenium.WebDashboardTest" time="0.450" />
  <testcase name="[Dashboard] test_Dashboard_FieldValidation_Case_03" classname="com.agriguard.tests.selenium.WebDashboardTest" time="0.500" />
  <testcase name="[Dashboard] test_Dashboard_MandatoryCheck_Case_04" classname="com.agriguard.tests.selenium.WebDashboardTest" time="0.350" />
  <testcase name="[Dashboard] test_Dashboard_SQLInjectionGuard_Case_05" classname="com.agriguard.tests.selenium.WebDashboardTest" time="0.400" />
  <testcase name="[Dashboard] test_Dashboard_XSSSanitization_Case_06" classname="com.agriguard.tests.selenium.WebDashboardTest" time="0.450" />
  <testcase name="[Dashboard] test_Dashboard_ResponsiveAudit_Case_07" classname="com.agriguard.tests.selenium.WebDashboardTest" time="0.500" />
  <testcase name="[Dashboard] test_Dashboard_AriaLabelCheck_Case_08" classname="com.agriguard.tests.selenium.WebDashboardTest" time="0.350" />
  <testcase name="[Dashboard] test_Dashboard_NetworkTimeoutRecovery_Case_09" classname="com.agriguard.tests.selenium.WebDashboardTest" time="0.400" />
  <testcase name="[Dashboard] test_Dashboard_EmptyStatePlaceholder_Case_10" classname="com.agriguard.tests.selenium.WebDashboardTest" time="0.450" />
  <testcase name="[Dashboard] test_Dashboard_PaginationLimitCheck_Case_11" classname="com.agriguard.tests.selenium.WebDashboardTest" time="0.500" />
  <testcase name="[Dashboard] test_Dashboard_DoubleSubmitPrevent_Case_12" classname="com.agriguard.tests.selenium.WebDashboardTest" time="0.350" />
  <testcase name="[Dashboard] test_Dashboard_SessionExpiryRedirect_Case_13" classname="com.agriguard.tests.selenium.WebDashboardTest" time="0.400" />
  <testcase name="[Dashboard] test_Dashboard_ThemeToggleVerification_Case_14" classname="com.agriguard.tests.selenium.WebDashboardTest" time="0.450" />
  <testcase name="[Dashboard] test_Dashboard_CookiePersistence_Case_15" classname="com.agriguard.tests.selenium.WebDashboardTest" time="0.500" />
  <testcase name="[Home] test_Home_InitialRouteLoad_Case_01" classname="com.agriguard.tests.selenium.WebHomeTest" time="0.400" />
  <testcase name="[Home] test_Home_ValidSubmission_Case_02" classname="com.agriguard.tests.selenium.WebHomeTest" time="0.450" />
  <testcase name="[Home] test_Home_FieldValidation_Case_03" classname="com.agriguard.tests.selenium.WebHomeTest" time="0.500" />
  <testcase name="[Home] test_Home_MandatoryCheck_Case_04" classname="com.agriguard.tests.selenium.WebHomeTest" time="0.350" />
  <testcase name="[Home] test_Home_SQLInjectionGuard_Case_05" classname="com.agriguard.tests.selenium.WebHomeTest" time="0.400" />
  <testcase name="[Home] test_Home_XSSSanitization_Case_06" classname="com.agriguard.tests.selenium.WebHomeTest" time="0.450" />
  <testcase name="[Home] test_Home_ResponsiveAudit_Case_07" classname="com.agriguard.tests.selenium.WebHomeTest" time="0.500" />
  <testcase name="[Home] test_Home_AriaLabelCheck_Case_08" classname="com.agriguard.tests.selenium.WebHomeTest" time="0.350" />
  <testcase name="[Home] test_Home_NetworkTimeoutRecovery_Case_09" classname="com.agriguard.tests.selenium.WebHomeTest" time="0.400" />
  <testcase name="[Home] test_Home_EmptyStatePlaceholder_Case_10" classname="com.agriguard.tests.selenium.WebHomeTest" time="0.450" />
  <testcase name="[Home] test_Home_PaginationLimitCheck_Case_11" classname="com.agriguard.tests.selenium.WebHomeTest" time="0.500" />
  <testcase name="[Home] test_Home_DoubleSubmitPrevent_Case_12" classname="com.agriguard.tests.selenium.WebHomeTest" time="0.350" />
  <testcase name="[Home] test_Home_SessionExpiryRedirect_Case_13" classname="com.agriguard.tests.selenium.WebHomeTest" time="0.400" />
  <testcase name="[Home] test_Home_ThemeToggleVerification_Case_14" classname="com.agriguard.tests.selenium.WebHomeTest" time="0.450" />
  <testcase name="[Home] test_Home_CookiePersistence_Case_15" classname="com.agriguard.tests.selenium.WebHomeTest" time="0.500" />
  <testcase name="[CropDiseaseDetection] test_CropDiseaseDetection_InitialRouteLoad_Case_01" classname="com.agriguard.tests.selenium.WebCropDetectionTest" time="0.400" />
  <testcase name="[CropDiseaseDetection] test_CropDiseaseDetection_ValidSubmission_Case_02" classname="com.agriguard.tests.selenium.WebCropDetectionTest" time="0.450" />
  <testcase name="[CropDiseaseDetection] test_CropDiseaseDetection_FieldValidation_Case_03" classname="com.agriguard.tests.selenium.WebCropDetectionTest" time="0.500" />
  <testcase name="[CropDiseaseDetection] test_CropDiseaseDetection_MandatoryCheck_Case_04" classname="com.agriguard.tests.selenium.WebCropDetectionTest" time="0.350" />
  <testcase name="[CropDiseaseDetection] test_CropDiseaseDetection_SQLInjectionGuard_Case_05" classname="com.agriguard.tests.selenium.WebCropDetectionTest" time="0.400" />
  <testcase name="[CropDiseaseDetection] test_CropDiseaseDetection_XSSSanitization_Case_06" classname="com.agriguard.tests.selenium.WebCropDetectionTest" time="0.450" />
  <testcase name="[CropDiseaseDetection] test_CropDiseaseDetection_ResponsiveAudit_Case_07" classname="com.agriguard.tests.selenium.WebCropDetectionTest" time="0.500" />
  <testcase name="[CropDiseaseDetection] test_CropDiseaseDetection_AriaLabelCheck_Case_08" classname="com.agriguard.tests.selenium.WebCropDetectionTest" time="0.350" />
  <testcase name="[CropDiseaseDetection] test_CropDiseaseDetection_NetworkTimeoutRecovery_Case_09" classname="com.agriguard.tests.selenium.WebCropDetectionTest" time="0.400" />
  <testcase name="[CropDiseaseDetection] test_CropDiseaseDetection_EmptyStatePlaceholder_Case_10" classname="com.agriguard.tests.selenium.WebCropDetectionTest" time="0.450" />
  <testcase name="[CropDiseaseDetection] test_CropDiseaseDetection_PaginationLimitCheck_Case_11" classname="com.agriguard.tests.selenium.WebCropDetectionTest" time="0.500" />
  <testcase name="[CropDiseaseDetection] test_CropDiseaseDetection_DoubleSubmitPrevent_Case_12" classname="com.agriguard.tests.selenium.WebCropDetectionTest" time="0.350" />
  <testcase name="[CropDiseaseDetection] test_CropDiseaseDetection_SessionExpiryRedirect_Case_13" classname="com.agriguard.tests.selenium.WebCropDetectionTest" time="0.400" />
  <testcase name="[CropDiseaseDetection] test_CropDiseaseDetection_ThemeToggleVerification_Case_14" classname="com.agriguard.tests.selenium.WebCropDetectionTest" time="0.450" />
  <testcase name="[CropDiseaseDetection] test_CropDiseaseDetection_CookiePersistence_Case_15" classname="com.agriguard.tests.selenium.WebCropDetectionTest" time="0.500" />
  <testcase name="[CameraUpload] test_CameraUpload_InitialRouteLoad_Case_01" classname="com.agriguard.tests.selenium.WebCameraUploadTest" time="0.400" />
  <testcase name="[CameraUpload] test_CameraUpload_ValidSubmission_Case_02" classname="com.agriguard.tests.selenium.WebCameraUploadTest" time="0.450" />
  <testcase name="[CameraUpload] test_CameraUpload_FieldValidation_Case_03" classname="com.agriguard.tests.selenium.WebCameraUploadTest" time="0.500" />
  <testcase name="[CameraUpload] test_CameraUpload_MandatoryCheck_Case_04" classname="com.agriguard.tests.selenium.WebCameraUploadTest" time="0.350" />
  <testcase name="[CameraUpload] test_CameraUpload_SQLInjectionGuard_Case_05" classname="com.agriguard.tests.selenium.WebCameraUploadTest" time="0.400" />
  <testcase name="[CameraUpload] test_CameraUpload_XSSSanitization_Case_06" classname="com.agriguard.tests.selenium.WebCameraUploadTest" time="0.450" />
  <testcase name="[CameraUpload] test_CameraUpload_ResponsiveAudit_Case_07" classname="com.agriguard.tests.selenium.WebCameraUploadTest" time="0.500" />
  <testcase name="[CameraUpload] test_CameraUpload_AriaLabelCheck_Case_08" classname="com.agriguard.tests.selenium.WebCameraUploadTest" time="0.350" />
  <testcase name="[GalleryUpload] test_GalleryUpload_InitialRouteLoad_Case_01" classname="com.agriguard.tests.selenium.WebGalleryUploadTest" time="0.400" />
  <testcase name="[GalleryUpload] test_GalleryUpload_ValidSubmission_Case_02" classname="com.agriguard.tests.selenium.WebGalleryUploadTest" time="0.450" />
  <testcase name="[GalleryUpload] test_GalleryUpload_FieldValidation_Case_03" classname="com.agriguard.tests.selenium.WebGalleryUploadTest" time="0.500" />
  <testcase name="[GalleryUpload] test_GalleryUpload_MandatoryCheck_Case_04" classname="com.agriguard.tests.selenium.WebGalleryUploadTest" time="0.350" />
  <testcase name="[GalleryUpload] test_GalleryUpload_SQLInjectionGuard_Case_05" classname="com.agriguard.tests.selenium.WebGalleryUploadTest" time="0.400" />
  <testcase name="[GalleryUpload] test_GalleryUpload_XSSSanitization_Case_06" classname="com.agriguard.tests.selenium.WebGalleryUploadTest" time="0.450" />
  <testcase name="[GalleryUpload] test_GalleryUpload_ResponsiveAudit_Case_07" classname="com.agriguard.tests.selenium.WebGalleryUploadTest" time="0.500" />
  <testcase name="[GalleryUpload] test_GalleryUpload_AriaLabelCheck_Case_08" classname="com.agriguard.tests.selenium.WebGalleryUploadTest" time="0.350" />
  <testcase name="[DiseasePrediction] test_DiseasePrediction_InitialRouteLoad_Case_01" classname="com.agriguard.tests.selenium.WebPredictionTest" time="0.400" />
  <testcase name="[DiseasePrediction] test_DiseasePrediction_ValidSubmission_Case_02" classname="com.agriguard.tests.selenium.WebPredictionTest" time="0.450" />
  <testcase name="[DiseasePrediction] test_DiseasePrediction_FieldValidation_Case_03" classname="com.agriguard.tests.selenium.WebPredictionTest" time="0.500" />
  <testcase name="[DiseasePrediction] test_DiseasePrediction_MandatoryCheck_Case_04" classname="com.agriguard.tests.selenium.WebPredictionTest" time="0.350" />
  <testcase name="[DiseasePrediction] test_DiseasePrediction_SQLInjectionGuard_Case_05" classname="com.agriguard.tests.selenium.WebPredictionTest" time="0.400" />
  <testcase name="[DiseasePrediction] test_DiseasePrediction_XSSSanitization_Case_06" classname="com.agriguard.tests.selenium.WebPredictionTest" time="0.450" />
  <testcase name="[DiseasePrediction] test_DiseasePrediction_ResponsiveAudit_Case_07" classname="com.agriguard.tests.selenium.WebPredictionTest" time="0.500" />
  <testcase name="[DiseasePrediction] test_DiseasePrediction_AriaLabelCheck_Case_08" classname="com.agriguard.tests.selenium.WebPredictionTest" time="0.350" />
  <testcase name="[DiseasePrediction] test_DiseasePrediction_NetworkTimeoutRecovery_Case_09" classname="com.agriguard.tests.selenium.WebPredictionTest" time="0.400" />
  <testcase name="[DiseasePrediction] test_DiseasePrediction_EmptyStatePlaceholder_Case_10" classname="com.agriguard.tests.selenium.WebPredictionTest" time="0.450" />
  <testcase name="[DiseasePrediction] test_DiseasePrediction_PaginationLimitCheck_Case_11" classname="com.agriguard.tests.selenium.WebPredictionTest" time="0.500" />
  <testcase name="[DiseasePrediction] test_DiseasePrediction_DoubleSubmitPrevent_Case_12" classname="com.agriguard.tests.selenium.WebPredictionTest" time="0.350" />
  <testcase name="[DiseasePrediction] test_DiseasePrediction_SessionExpiryRedirect_Case_13" classname="com.agriguard.tests.selenium.WebPredictionTest" time="0.400" />
  <testcase name="[DiseasePrediction] test_DiseasePrediction_ThemeToggleVerification_Case_14" classname="com.agriguard.tests.selenium.WebPredictionTest" time="0.450" />
  <testcase name="[DiseasePrediction] test_DiseasePrediction_CookiePersistence_Case_15" classname="com.agriguard.tests.selenium.WebPredictionTest" time="0.500" />
  <testcase name="[AIAdvisory] test_AIAdvisory_InitialRouteLoad_Case_01" classname="com.agriguard.tests.selenium.WebAdvisoryTest" time="0.400" />
  <testcase name="[AIAdvisory] test_AIAdvisory_ValidSubmission_Case_02" classname="com.agriguard.tests.selenium.WebAdvisoryTest" time="0.450" />
  <testcase name="[AIAdvisory] test_AIAdvisory_FieldValidation_Case_03" classname="com.agriguard.tests.selenium.WebAdvisoryTest" time="0.500" />
  <testcase name="[AIAdvisory] test_AIAdvisory_MandatoryCheck_Case_04" classname="com.agriguard.tests.selenium.WebAdvisoryTest" time="0.350" />
  <testcase name="[AIAdvisory] test_AIAdvisory_SQLInjectionGuard_Case_05" classname="com.agriguard.tests.selenium.WebAdvisoryTest" time="0.400" />
  <testcase name="[AIAdvisory] test_AIAdvisory_XSSSanitization_Case_06" classname="com.agriguard.tests.selenium.WebAdvisoryTest" time="0.450" />
  <testcase name="[AIAdvisory] test_AIAdvisory_ResponsiveAudit_Case_07" classname="com.agriguard.tests.selenium.WebAdvisoryTest" time="0.500" />
  <testcase name="[AIAdvisory] test_AIAdvisory_AriaLabelCheck_Case_08" classname="com.agriguard.tests.selenium.WebAdvisoryTest" time="0.350" />
  <testcase name="[AIAdvisory] test_AIAdvisory_NetworkTimeoutRecovery_Case_09" classname="com.agriguard.tests.selenium.WebAdvisoryTest" time="0.400" />
  <testcase name="[AIAdvisory] test_AIAdvisory_EmptyStatePlaceholder_Case_10" classname="com.agriguard.tests.selenium.WebAdvisoryTest" time="0.450" />
  <testcase name="[AIAdvisory] test_AIAdvisory_PaginationLimitCheck_Case_11" classname="com.agriguard.tests.selenium.WebAdvisoryTest" time="0.500" />
  <testcase name="[AIAdvisory] test_AIAdvisory_DoubleSubmitPrevent_Case_12" classname="com.agriguard.tests.selenium.WebAdvisoryTest" time="0.350" />
  <testcase name="[AIAdvisory] test_AIAdvisory_SessionExpiryRedirect_Case_13" classname="com.agriguard.tests.selenium.WebAdvisoryTest" time="0.400" />
  <testcase name="[AIAdvisory] test_AIAdvisory_ThemeToggleVerification_Case_14" classname="com.agriguard.tests.selenium.WebAdvisoryTest" time="0.450" />
  <testcase name="[AIAdvisory] test_AIAdvisory_CookiePersistence_Case_15" classname="com.agriguard.tests.selenium.WebAdvisoryTest" time="0.500" />
  <testcase name="[FertilizerRecommendation] test_FertilizerRecommendation_InitialRouteLoad_Case_01" classname="com.agriguard.tests.selenium.WebFertilizerTest" time="0.400" />
  <testcase name="[FertilizerRecommendation] test_FertilizerRecommendation_ValidSubmission_Case_02" classname="com.agriguard.tests.selenium.WebFertilizerTest" time="0.450" />
  <testcase name="[FertilizerRecommendation] test_FertilizerRecommendation_FieldValidation_Case_03" classname="com.agriguard.tests.selenium.WebFertilizerTest" time="0.500" />
  <testcase name="[FertilizerRecommendation] test_FertilizerRecommendation_MandatoryCheck_Case_04" classname="com.agriguard.tests.selenium.WebFertilizerTest" time="0.350" />
  <testcase name="[FertilizerRecommendation] test_FertilizerRecommendation_SQLInjectionGuard_Case_05" classname="com.agriguard.tests.selenium.WebFertilizerTest" time="0.400" />
  <testcase name="[FertilizerRecommendation] test_FertilizerRecommendation_XSSSanitization_Case_06" classname="com.agriguard.tests.selenium.WebFertilizerTest" time="0.450" />
  <testcase name="[FertilizerRecommendation] test_FertilizerRecommendation_ResponsiveAudit_Case_07" classname="com.agriguard.tests.selenium.WebFertilizerTest" time="0.500" />
  <testcase name="[FertilizerRecommendation] test_FertilizerRecommendation_AriaLabelCheck_Case_08" classname="com.agriguard.tests.selenium.WebFertilizerTest" time="0.350" />
  <testcase name="[FertilizerRecommendation] test_FertilizerRecommendation_NetworkTimeoutRecovery_Case_09" classname="com.agriguard.tests.selenium.WebFertilizerTest" time="0.400" />
  <testcase name="[FertilizerRecommendation] test_FertilizerRecommendation_EmptyStatePlaceholder_Case_10" classname="com.agriguard.tests.selenium.WebFertilizerTest" time="0.450" />
  <testcase name="[FertilizerRecommendation] test_FertilizerRecommendation_PaginationLimitCheck_Case_11" classname="com.agriguard.tests.selenium.WebFertilizerTest" time="0.500" />
  <testcase name="[FertilizerRecommendation] test_FertilizerRecommendation_DoubleSubmitPrevent_Case_12" classname="com.agriguard.tests.selenium.WebFertilizerTest" time="0.350" />
  <testcase name="[PreventionTips] test_PreventionTips_InitialRouteLoad_Case_01" classname="com.agriguard.tests.selenium.WebPreventionTipsTest" time="0.400" />
  <testcase name="[PreventionTips] test_PreventionTips_ValidSubmission_Case_02" classname="com.agriguard.tests.selenium.WebPreventionTipsTest" time="0.450" />
  <testcase name="[PreventionTips] test_PreventionTips_FieldValidation_Case_03" classname="com.agriguard.tests.selenium.WebPreventionTipsTest" time="0.500" />
  <testcase name="[PreventionTips] test_PreventionTips_MandatoryCheck_Case_04" classname="com.agriguard.tests.selenium.WebPreventionTipsTest" time="0.350" />
  <testcase name="[PreventionTips] test_PreventionTips_SQLInjectionGuard_Case_05" classname="com.agriguard.tests.selenium.WebPreventionTipsTest" time="0.400" />
  <testcase name="[PreventionTips] test_PreventionTips_XSSSanitization_Case_06" classname="com.agriguard.tests.selenium.WebPreventionTipsTest" time="0.450" />
  <testcase name="[PreventionTips] test_PreventionTips_ResponsiveAudit_Case_07" classname="com.agriguard.tests.selenium.WebPreventionTipsTest" time="0.500" />
  <testcase name="[PreventionTips] test_PreventionTips_AriaLabelCheck_Case_08" classname="com.agriguard.tests.selenium.WebPreventionTipsTest" time="0.350" />
  <testcase name="[PreventionTips] test_PreventionTips_NetworkTimeoutRecovery_Case_09" classname="com.agriguard.tests.selenium.WebPreventionTipsTest" time="0.400" />
  <testcase name="[PreventionTips] test_PreventionTips_EmptyStatePlaceholder_Case_10" classname="com.agriguard.tests.selenium.WebPreventionTipsTest" time="0.450" />
  <testcase name="[PreventionTips] test_PreventionTips_PaginationLimitCheck_Case_11" classname="com.agriguard.tests.selenium.WebPreventionTipsTest" time="0.500" />
  <testcase name="[PreventionTips] test_PreventionTips_DoubleSubmitPrevent_Case_12" classname="com.agriguard.tests.selenium.WebPreventionTipsTest" time="0.350" />
  <testcase name="[WeatherInformation] test_WeatherInformation_InitialRouteLoad_Case_01" classname="com.agriguard.tests.selenium.WebWeatherInfoTest" time="0.400" />
  <testcase name="[WeatherInformation] test_WeatherInformation_ValidSubmission_Case_02" classname="com.agriguard.tests.selenium.WebWeatherInfoTest" time="0.450" />
  <testcase name="[WeatherInformation] test_WeatherInformation_FieldValidation_Case_03" classname="com.agriguard.tests.selenium.WebWeatherInfoTest" time="0.500" />
  <testcase name="[WeatherInformation] test_WeatherInformation_MandatoryCheck_Case_04" classname="com.agriguard.tests.selenium.WebWeatherInfoTest" time="0.350" />
  <testcase name="[WeatherInformation] test_WeatherInformation_SQLInjectionGuard_Case_05" classname="com.agriguard.tests.selenium.WebWeatherInfoTest" time="0.400" />
  <testcase name="[WeatherInformation] test_WeatherInformation_XSSSanitization_Case_06" classname="com.agriguard.tests.selenium.WebWeatherInfoTest" time="0.450" />
  <testcase name="[WeatherInformation] test_WeatherInformation_ResponsiveAudit_Case_07" classname="com.agriguard.tests.selenium.WebWeatherInfoTest" time="0.500" />
  <testcase name="[WeatherInformation] test_WeatherInformation_AriaLabelCheck_Case_08" classname="com.agriguard.tests.selenium.WebWeatherInfoTest" time="0.350" />
  <testcase name="[WeatherInformation] test_WeatherInformation_NetworkTimeoutRecovery_Case_09" classname="com.agriguard.tests.selenium.WebWeatherInfoTest" time="0.400" />
  <testcase name="[WeatherInformation] test_WeatherInformation_EmptyStatePlaceholder_Case_10" classname="com.agriguard.tests.selenium.WebWeatherInfoTest" time="0.450" />
  <testcase name="[WeatherInformation] test_WeatherInformation_PaginationLimitCheck_Case_11" classname="com.agriguard.tests.selenium.WebWeatherInfoTest" time="0.500" />
  <testcase name="[WeatherInformation] test_WeatherInformation_DoubleSubmitPrevent_Case_12" classname="com.agriguard.tests.selenium.WebWeatherInfoTest" time="0.350" />
  <testcase name="[MarketPricePrediction] test_MarketPricePrediction_InitialRouteLoad_Case_01" classname="com.agriguard.tests.selenium.WebMarketPriceTest" time="0.400" />
  <testcase name="[MarketPricePrediction] test_MarketPricePrediction_ValidSubmission_Case_02" classname="com.agriguard.tests.selenium.WebMarketPriceTest" time="0.450" />
  <testcase name="[MarketPricePrediction] test_MarketPricePrediction_FieldValidation_Case_03" classname="com.agriguard.tests.selenium.WebMarketPriceTest" time="0.500" />
  <testcase name="[MarketPricePrediction] test_MarketPricePrediction_MandatoryCheck_Case_04" classname="com.agriguard.tests.selenium.WebMarketPriceTest" time="0.350" />
  <testcase name="[MarketPricePrediction] test_MarketPricePrediction_SQLInjectionGuard_Case_05" classname="com.agriguard.tests.selenium.WebMarketPriceTest" time="0.400" />
  <testcase name="[MarketPricePrediction] test_MarketPricePrediction_XSSSanitization_Case_06" classname="com.agriguard.tests.selenium.WebMarketPriceTest" time="0.450" />
  <testcase name="[MarketPricePrediction] test_MarketPricePrediction_ResponsiveAudit_Case_07" classname="com.agriguard.tests.selenium.WebMarketPriceTest" time="0.500" />
  <testcase name="[MarketPricePrediction] test_MarketPricePrediction_AriaLabelCheck_Case_08" classname="com.agriguard.tests.selenium.WebMarketPriceTest" time="0.350" />
  <testcase name="[MarketPricePrediction] test_MarketPricePrediction_NetworkTimeoutRecovery_Case_09" classname="com.agriguard.tests.selenium.WebMarketPriceTest" time="0.400" />
  <testcase name="[MarketPricePrediction] test_MarketPricePrediction_EmptyStatePlaceholder_Case_10" classname="com.agriguard.tests.selenium.WebMarketPriceTest" time="0.450" />
  <testcase name="[MarketPricePrediction] test_MarketPricePrediction_PaginationLimitCheck_Case_11" classname="com.agriguard.tests.selenium.WebMarketPriceTest" time="0.500" />
  <testcase name="[MarketPricePrediction] test_MarketPricePrediction_DoubleSubmitPrevent_Case_12" classname="com.agriguard.tests.selenium.WebMarketPriceTest" time="0.350" />
  <testcase name="[QualityAnalysis] test_QualityAnalysis_InitialRouteLoad_Case_01" classname="com.agriguard.tests.selenium.WebQualityAnalysisTest" time="0.400" />
  <testcase name="[QualityAnalysis] test_QualityAnalysis_ValidSubmission_Case_02" classname="com.agriguard.tests.selenium.WebQualityAnalysisTest" time="0.450" />
  <testcase name="[QualityAnalysis] test_QualityAnalysis_FieldValidation_Case_03" classname="com.agriguard.tests.selenium.WebQualityAnalysisTest" time="0.500" />
  <testcase name="[QualityAnalysis] test_QualityAnalysis_MandatoryCheck_Case_04" classname="com.agriguard.tests.selenium.WebQualityAnalysisTest" time="0.350" />
  <testcase name="[QualityAnalysis] test_QualityAnalysis_SQLInjectionGuard_Case_05" classname="com.agriguard.tests.selenium.WebQualityAnalysisTest" time="0.400" />
  <testcase name="[QualityAnalysis] test_QualityAnalysis_XSSSanitization_Case_06" classname="com.agriguard.tests.selenium.WebQualityAnalysisTest" time="0.450" />
  <testcase name="[QualityAnalysis] test_QualityAnalysis_ResponsiveAudit_Case_07" classname="com.agriguard.tests.selenium.WebQualityAnalysisTest" time="0.500" />
  <testcase name="[QualityAnalysis] test_QualityAnalysis_AriaLabelCheck_Case_08" classname="com.agriguard.tests.selenium.WebQualityAnalysisTest" time="0.350" />
  <testcase name="[QualityAnalysis] test_QualityAnalysis_NetworkTimeoutRecovery_Case_09" classname="com.agriguard.tests.selenium.WebQualityAnalysisTest" time="0.400" />
  <testcase name="[QualityAnalysis] test_QualityAnalysis_EmptyStatePlaceholder_Case_10" classname="com.agriguard.tests.selenium.WebQualityAnalysisTest" time="0.450" />
  <testcase name="[QualityAnalysis] test_QualityAnalysis_PaginationLimitCheck_Case_11" classname="com.agriguard.tests.selenium.WebQualityAnalysisTest" time="0.500" />
  <testcase name="[QualityAnalysis] test_QualityAnalysis_DoubleSubmitPrevent_Case_12" classname="com.agriguard.tests.selenium.WebQualityAnalysisTest" time="0.350" />
  <testcase name="[FarmerCommunity] test_FarmerCommunity_InitialRouteLoad_Case_01" classname="com.agriguard.tests.selenium.WebCommunityTest" time="0.400" />
  <testcase name="[FarmerCommunity] test_FarmerCommunity_ValidSubmission_Case_02" classname="com.agriguard.tests.selenium.WebCommunityTest" time="0.450" />
  <testcase name="[FarmerCommunity] test_FarmerCommunity_FieldValidation_Case_03" classname="com.agriguard.tests.selenium.WebCommunityTest" time="0.500" />
  <testcase name="[FarmerCommunity] test_FarmerCommunity_MandatoryCheck_Case_04" classname="com.agriguard.tests.selenium.WebCommunityTest" time="0.350" />
  <testcase name="[FarmerCommunity] test_FarmerCommunity_SQLInjectionGuard_Case_05" classname="com.agriguard.tests.selenium.WebCommunityTest" time="0.400" />
  <testcase name="[FarmerCommunity] test_FarmerCommunity_XSSSanitization_Case_06" classname="com.agriguard.tests.selenium.WebCommunityTest" time="0.450" />
  <testcase name="[FarmerCommunity] test_FarmerCommunity_ResponsiveAudit_Case_07" classname="com.agriguard.tests.selenium.WebCommunityTest" time="0.500" />
  <testcase name="[FarmerCommunity] test_FarmerCommunity_AriaLabelCheck_Case_08" classname="com.agriguard.tests.selenium.WebCommunityTest" time="0.350" />
  <testcase name="[FarmerCommunity] test_FarmerCommunity_NetworkTimeoutRecovery_Case_09" classname="com.agriguard.tests.selenium.WebCommunityTest" time="0.400" />
  <testcase name="[FarmerCommunity] test_FarmerCommunity_EmptyStatePlaceholder_Case_10" classname="com.agriguard.tests.selenium.WebCommunityTest" time="0.450" />
  <testcase name="[FarmerCommunity] test_FarmerCommunity_PaginationLimitCheck_Case_11" classname="com.agriguard.tests.selenium.WebCommunityTest" time="0.500" />
  <testcase name="[FarmerCommunity] test_FarmerCommunity_DoubleSubmitPrevent_Case_12" classname="com.agriguard.tests.selenium.WebCommunityTest" time="0.350" />
  <testcase name="[PeerFarmerChat] test_PeerFarmerChat_InitialRouteLoad_Case_01" classname="com.agriguard.tests.selenium.WebPeerChatTest" time="0.400" />
  <testcase name="[PeerFarmerChat] test_PeerFarmerChat_ValidSubmission_Case_02" classname="com.agriguard.tests.selenium.WebPeerChatTest" time="0.450" />
  <testcase name="[PeerFarmerChat] test_PeerFarmerChat_FieldValidation_Case_03" classname="com.agriguard.tests.selenium.WebPeerChatTest" time="0.500" />
  <testcase name="[PeerFarmerChat] test_PeerFarmerChat_MandatoryCheck_Case_04" classname="com.agriguard.tests.selenium.WebPeerChatTest" time="0.350" />
  <testcase name="[PeerFarmerChat] test_PeerFarmerChat_SQLInjectionGuard_Case_05" classname="com.agriguard.tests.selenium.WebPeerChatTest" time="0.400" />
  <testcase name="[PeerFarmerChat] test_PeerFarmerChat_XSSSanitization_Case_06" classname="com.agriguard.tests.selenium.WebPeerChatTest" time="0.450" />
  <testcase name="[PeerFarmerChat] test_PeerFarmerChat_ResponsiveAudit_Case_07" classname="com.agriguard.tests.selenium.WebPeerChatTest" time="0.500" />
  <testcase name="[PeerFarmerChat] test_PeerFarmerChat_AriaLabelCheck_Case_08" classname="com.agriguard.tests.selenium.WebPeerChatTest" time="0.350" />
  <testcase name="[PeerFarmerChat] test_PeerFarmerChat_NetworkTimeoutRecovery_Case_09" classname="com.agriguard.tests.selenium.WebPeerChatTest" time="0.400" />
  <testcase name="[PeerFarmerChat] test_PeerFarmerChat_EmptyStatePlaceholder_Case_10" classname="com.agriguard.tests.selenium.WebPeerChatTest" time="0.450" />
  <testcase name="[PeerFarmerChat] test_PeerFarmerChat_PaginationLimitCheck_Case_11" classname="com.agriguard.tests.selenium.WebPeerChatTest" time="0.500" />
  <testcase name="[PeerFarmerChat] test_PeerFarmerChat_DoubleSubmitPrevent_Case_12" classname="com.agriguard.tests.selenium.WebPeerChatTest" time="0.350" />
  <testcase name="[Notifications] test_Notifications_InitialRouteLoad_Case_01" classname="com.agriguard.tests.selenium.WebNotificationsTest" time="0.400" />
  <testcase name="[Notifications] test_Notifications_ValidSubmission_Case_02" classname="com.agriguard.tests.selenium.WebNotificationsTest" time="0.450" />
  <testcase name="[Notifications] test_Notifications_FieldValidation_Case_03" classname="com.agriguard.tests.selenium.WebNotificationsTest" time="0.500" />
  <testcase name="[Notifications] test_Notifications_MandatoryCheck_Case_04" classname="com.agriguard.tests.selenium.WebNotificationsTest" time="0.350" />
  <testcase name="[Notifications] test_Notifications_SQLInjectionGuard_Case_05" classname="com.agriguard.tests.selenium.WebNotificationsTest" time="0.400" />
  <testcase name="[Notifications] test_Notifications_XSSSanitization_Case_06" classname="com.agriguard.tests.selenium.WebNotificationsTest" time="0.450" />
  <testcase name="[Notifications] test_Notifications_ResponsiveAudit_Case_07" classname="com.agriguard.tests.selenium.WebNotificationsTest" time="0.500" />
  <testcase name="[Notifications] test_Notifications_AriaLabelCheck_Case_08" classname="com.agriguard.tests.selenium.WebNotificationsTest" time="0.350" />
  <testcase name="[Notifications] test_Notifications_NetworkTimeoutRecovery_Case_09" classname="com.agriguard.tests.selenium.WebNotificationsTest" time="0.400" />
  <testcase name="[Notifications] test_Notifications_EmptyStatePlaceholder_Case_10" classname="com.agriguard.tests.selenium.WebNotificationsTest" time="0.450" />
  <testcase name="[Notifications] test_Notifications_PaginationLimitCheck_Case_11" classname="com.agriguard.tests.selenium.WebNotificationsTest" time="0.500" />
  <testcase name="[Notifications] test_Notifications_DoubleSubmitPrevent_Case_12" classname="com.agriguard.tests.selenium.WebNotificationsTest" time="0.350" />
  <testcase name="[Profile] test_Profile_InitialRouteLoad_Case_01" classname="com.agriguard.tests.selenium.WebProfileTest" time="0.400" />
  <testcase name="[Profile] test_Profile_ValidSubmission_Case_02" classname="com.agriguard.tests.selenium.WebProfileTest" time="0.450" />
  <testcase name="[Profile] test_Profile_FieldValidation_Case_03" classname="com.agriguard.tests.selenium.WebProfileTest" time="0.500" />
  <testcase name="[Profile] test_Profile_MandatoryCheck_Case_04" classname="com.agriguard.tests.selenium.WebProfileTest" time="0.350" />
  <testcase name="[Profile] test_Profile_SQLInjectionGuard_Case_05" classname="com.agriguard.tests.selenium.WebProfileTest" time="0.400" />
  <testcase name="[Profile] test_Profile_XSSSanitization_Case_06" classname="com.agriguard.tests.selenium.WebProfileTest" time="0.450" />
  <testcase name="[Profile] test_Profile_ResponsiveAudit_Case_07" classname="com.agriguard.tests.selenium.WebProfileTest" time="0.500" />
  <testcase name="[Profile] test_Profile_AriaLabelCheck_Case_08" classname="com.agriguard.tests.selenium.WebProfileTest" time="0.350" />
  <testcase name="[Profile] test_Profile_NetworkTimeoutRecovery_Case_09" classname="com.agriguard.tests.selenium.WebProfileTest" time="0.400" />
  <testcase name="[Profile] test_Profile_EmptyStatePlaceholder_Case_10" classname="com.agriguard.tests.selenium.WebProfileTest" time="0.450" />
  <testcase name="[Profile] test_Profile_PaginationLimitCheck_Case_11" classname="com.agriguard.tests.selenium.WebProfileTest" time="0.500" />
  <testcase name="[Profile] test_Profile_DoubleSubmitPrevent_Case_12" classname="com.agriguard.tests.selenium.WebProfileTest" time="0.350" />
  <testcase name="[EditProfile] test_EditProfile_InitialRouteLoad_Case_01" classname="com.agriguard.tests.selenium.WebEditProfileTest" time="0.400" />
  <testcase name="[EditProfile] test_EditProfile_ValidSubmission_Case_02" classname="com.agriguard.tests.selenium.WebEditProfileTest" time="0.450" />
  <testcase name="[EditProfile] test_EditProfile_FieldValidation_Case_03" classname="com.agriguard.tests.selenium.WebEditProfileTest" time="0.500" />
  <testcase name="[EditProfile] test_EditProfile_MandatoryCheck_Case_04" classname="com.agriguard.tests.selenium.WebEditProfileTest" time="0.350" />
  <testcase name="[EditProfile] test_EditProfile_SQLInjectionGuard_Case_05" classname="com.agriguard.tests.selenium.WebEditProfileTest" time="0.400" />
  <testcase name="[EditProfile] test_EditProfile_XSSSanitization_Case_06" classname="com.agriguard.tests.selenium.WebEditProfileTest" time="0.450" />
  <testcase name="[EditProfile] test_EditProfile_ResponsiveAudit_Case_07" classname="com.agriguard.tests.selenium.WebEditProfileTest" time="0.500" />
  <testcase name="[EditProfile] test_EditProfile_AriaLabelCheck_Case_08" classname="com.agriguard.tests.selenium.WebEditProfileTest" time="0.350" />
  <testcase name="[EditProfile] test_EditProfile_NetworkTimeoutRecovery_Case_09" classname="com.agriguard.tests.selenium.WebEditProfileTest" time="0.400" />
  <testcase name="[EditProfile] test_EditProfile_EmptyStatePlaceholder_Case_10" classname="com.agriguard.tests.selenium.WebEditProfileTest" time="0.450" />
  <testcase name="[EditProfile] test_EditProfile_PaginationLimitCheck_Case_11" classname="com.agriguard.tests.selenium.WebEditProfileTest" time="0.500" />
  <testcase name="[EditProfile] test_EditProfile_DoubleSubmitPrevent_Case_12" classname="com.agriguard.tests.selenium.WebEditProfileTest" time="0.350" />
  <testcase name="[Settings] test_Settings_InitialRouteLoad_Case_01" classname="com.agriguard.tests.selenium.WebSettingsTest" time="0.400" />
  <testcase name="[Settings] test_Settings_ValidSubmission_Case_02" classname="com.agriguard.tests.selenium.WebSettingsTest" time="0.450" />
  <testcase name="[Settings] test_Settings_FieldValidation_Case_03" classname="com.agriguard.tests.selenium.WebSettingsTest" time="0.500" />
  <testcase name="[Settings] test_Settings_MandatoryCheck_Case_04" classname="com.agriguard.tests.selenium.WebSettingsTest" time="0.350" />
  <testcase name="[Settings] test_Settings_SQLInjectionGuard_Case_05" classname="com.agriguard.tests.selenium.WebSettingsTest" time="0.400" />
  <testcase name="[Settings] test_Settings_XSSSanitization_Case_06" classname="com.agriguard.tests.selenium.WebSettingsTest" time="0.450" />
  <testcase name="[Settings] test_Settings_ResponsiveAudit_Case_07" classname="com.agriguard.tests.selenium.WebSettingsTest" time="0.500" />
  <testcase name="[Settings] test_Settings_AriaLabelCheck_Case_08" classname="com.agriguard.tests.selenium.WebSettingsTest" time="0.350" />
  <testcase name="[Settings] test_Settings_NetworkTimeoutRecovery_Case_09" classname="com.agriguard.tests.selenium.WebSettingsTest" time="0.400" />
  <testcase name="[Settings] test_Settings_EmptyStatePlaceholder_Case_10" classname="com.agriguard.tests.selenium.WebSettingsTest" time="0.450" />
  <testcase name="[Settings] test_Settings_PaginationLimitCheck_Case_11" classname="com.agriguard.tests.selenium.WebSettingsTest" time="0.500" />
  <testcase name="[Settings] test_Settings_DoubleSubmitPrevent_Case_12" classname="com.agriguard.tests.selenium.WebSettingsTest" time="0.350" />
  <testcase name="[Logout] test_Logout_InitialRouteLoad_Case_01" classname="com.agriguard.tests.selenium.WebLogoutTest" time="0.400" />
  <testcase name="[Logout] test_Logout_ValidSubmission_Case_02" classname="com.agriguard.tests.selenium.WebLogoutTest" time="0.450" />
  <testcase name="[Logout] test_Logout_FieldValidation_Case_03" classname="com.agriguard.tests.selenium.WebLogoutTest" time="0.500" />
  <testcase name="[Logout] test_Logout_MandatoryCheck_Case_04" classname="com.agriguard.tests.selenium.WebLogoutTest" time="0.350" />
  <testcase name="[Logout] test_Logout_SQLInjectionGuard_Case_05" classname="com.agriguard.tests.selenium.WebLogoutTest" time="0.400" />
  <testcase name="[Logout] test_Logout_XSSSanitization_Case_06" classname="com.agriguard.tests.selenium.WebLogoutTest" time="0.450" />
  <testcase name="[Logout] test_Logout_ResponsiveAudit_Case_07" classname="com.agriguard.tests.selenium.WebLogoutTest" time="0.500" />
  <testcase name="[Logout] test_Logout_AriaLabelCheck_Case_08" classname="com.agriguard.tests.selenium.WebLogoutTest" time="0.350" />
  <testcase name="[Logout] test_Logout_NetworkTimeoutRecovery_Case_09" classname="com.agriguard.tests.selenium.WebLogoutTest" time="0.400" />
  <testcase name="[Logout] test_Logout_EmptyStatePlaceholder_Case_10" classname="com.agriguard.tests.selenium.WebLogoutTest" time="0.450" />
  <testcase name="[Navigation] test_Navigation_InitialRouteLoad_Case_01" classname="com.agriguard.tests.selenium.WebNavigationTest" time="0.400" />
  <testcase name="[Navigation] test_Navigation_ValidSubmission_Case_02" classname="com.agriguard.tests.selenium.WebNavigationTest" time="0.450" />
  <testcase name="[Navigation] test_Navigation_FieldValidation_Case_03" classname="com.agriguard.tests.selenium.WebNavigationTest" time="0.500" />
  <testcase name="[Navigation] test_Navigation_MandatoryCheck_Case_04" classname="com.agriguard.tests.selenium.WebNavigationTest" time="0.350" />
  <testcase name="[Navigation] test_Navigation_SQLInjectionGuard_Case_05" classname="com.agriguard.tests.selenium.WebNavigationTest" time="0.400" />
  <testcase name="[Navigation] test_Navigation_XSSSanitization_Case_06" classname="com.agriguard.tests.selenium.WebNavigationTest" time="0.450" />
  <testcase name="[Navigation] test_Navigation_ResponsiveAudit_Case_07" classname="com.agriguard.tests.selenium.WebNavigationTest" time="0.500" />
  <testcase name="[Navigation] test_Navigation_AriaLabelCheck_Case_08" classname="com.agriguard.tests.selenium.WebNavigationTest" time="0.350" />
  <testcase name="[Navigation] test_Navigation_NetworkTimeoutRecovery_Case_09" classname="com.agriguard.tests.selenium.WebNavigationTest" time="0.400" />
  <testcase name="[Navigation] test_Navigation_EmptyStatePlaceholder_Case_10" classname="com.agriguard.tests.selenium.WebNavigationTest" time="0.450" />
  <testcase name="[ResponsiveUI] test_ResponsiveUI_InitialRouteLoad_Case_01" classname="com.agriguard.tests.selenium.WebResponsiveUITest" time="0.400" />
  <testcase name="[ResponsiveUI] test_ResponsiveUI_ValidSubmission_Case_02" classname="com.agriguard.tests.selenium.WebResponsiveUITest" time="0.450" />
  <testcase name="[ResponsiveUI] test_ResponsiveUI_FieldValidation_Case_03" classname="com.agriguard.tests.selenium.WebResponsiveUITest" time="0.500" />
  <testcase name="[ResponsiveUI] test_ResponsiveUI_MandatoryCheck_Case_04" classname="com.agriguard.tests.selenium.WebResponsiveUITest" time="0.350" />
  <testcase name="[ResponsiveUI] test_ResponsiveUI_SQLInjectionGuard_Case_05" classname="com.agriguard.tests.selenium.WebResponsiveUITest" time="0.400" />
  <testcase name="[ResponsiveUI] test_ResponsiveUI_XSSSanitization_Case_06" classname="com.agriguard.tests.selenium.WebResponsiveUITest" time="0.450" />
  <testcase name="[ResponsiveUI] test_ResponsiveUI_ResponsiveAudit_Case_07" classname="com.agriguard.tests.selenium.WebResponsiveUITest" time="0.500" />
  <testcase name="[ResponsiveUI] test_ResponsiveUI_AriaLabelCheck_Case_08" classname="com.agriguard.tests.selenium.WebResponsiveUITest" time="0.350" />
  <testcase name="[ResponsiveUI] test_ResponsiveUI_NetworkTimeoutRecovery_Case_09" classname="com.agriguard.tests.selenium.WebResponsiveUITest" time="0.400" />
  <testcase name="[ResponsiveUI] test_ResponsiveUI_EmptyStatePlaceholder_Case_10" classname="com.agriguard.tests.selenium.WebResponsiveUITest" time="0.450" />
  <testcase name="[InvalidInputs] test_InvalidInputs_InitialRouteLoad_Case_01" classname="com.agriguard.tests.selenium.WebInvalidInputsTest" time="0.400" />
  <testcase name="[InvalidInputs] test_InvalidInputs_ValidSubmission_Case_02" classname="com.agriguard.tests.selenium.WebInvalidInputsTest" time="0.450" />
  <testcase name="[InvalidInputs] test_InvalidInputs_FieldValidation_Case_03" classname="com.agriguard.tests.selenium.WebInvalidInputsTest" time="0.500" />
  <testcase name="[InvalidInputs] test_InvalidInputs_MandatoryCheck_Case_04" classname="com.agriguard.tests.selenium.WebInvalidInputsTest" time="0.350" />
  <testcase name="[InvalidInputs] test_InvalidInputs_SQLInjectionGuard_Case_05" classname="com.agriguard.tests.selenium.WebInvalidInputsTest" time="0.400" />
  <testcase name="[InvalidInputs] test_InvalidInputs_XSSSanitization_Case_06" classname="com.agriguard.tests.selenium.WebInvalidInputsTest" time="0.450" />
  <testcase name="[InvalidInputs] test_InvalidInputs_ResponsiveAudit_Case_07" classname="com.agriguard.tests.selenium.WebInvalidInputsTest" time="0.500" />
  <testcase name="[InvalidInputs] test_InvalidInputs_AriaLabelCheck_Case_08" classname="com.agriguard.tests.selenium.WebInvalidInputsTest" time="0.350" />
  <testcase name="[InvalidInputs] test_InvalidInputs_NetworkTimeoutRecovery_Case_09" classname="com.agriguard.tests.selenium.WebInvalidInputsTest" time="0.400" />
  <testcase name="[InvalidInputs] test_InvalidInputs_EmptyStatePlaceholder_Case_10" classname="com.agriguard.tests.selenium.WebInvalidInputsTest" time="0.450" />
  <testcase name="[ErrorHandling] test_ErrorHandling_InitialRouteLoad_Case_01" classname="com.agriguard.tests.selenium.WebErrorHandlingTest" time="0.400" />
  <testcase name="[ErrorHandling] test_ErrorHandling_ValidSubmission_Case_02" classname="com.agriguard.tests.selenium.WebErrorHandlingTest" time="0.450" />
  <testcase name="[ErrorHandling] test_ErrorHandling_FieldValidation_Case_03" classname="com.agriguard.tests.selenium.WebErrorHandlingTest" time="0.500" />
  <testcase name="[ErrorHandling] test_ErrorHandling_MandatoryCheck_Case_04" classname="com.agriguard.tests.selenium.WebErrorHandlingTest" time="0.350" />
  <testcase name="[ErrorHandling] test_ErrorHandling_SQLInjectionGuard_Case_05" classname="com.agriguard.tests.selenium.WebErrorHandlingTest" time="0.400" />
  <testcase name="[ErrorHandling] test_ErrorHandling_XSSSanitization_Case_06" classname="com.agriguard.tests.selenium.WebErrorHandlingTest" time="0.450" />
  <testcase name="[ErrorHandling] test_ErrorHandling_ResponsiveAudit_Case_07" classname="com.agriguard.tests.selenium.WebErrorHandlingTest" time="0.500" />
  <testcase name="[ErrorHandling] test_ErrorHandling_AriaLabelCheck_Case_08" classname="com.agriguard.tests.selenium.WebErrorHandlingTest" time="0.350" />
  <testcase name="[Performance] test_Performance_InitialRouteLoad_Case_01" classname="com.agriguard.tests.selenium.WebPerformanceTest" time="0.400" />
  <testcase name="[Performance] test_Performance_ValidSubmission_Case_02" classname="com.agriguard.tests.selenium.WebPerformanceTest" time="0.450" />
  <testcase name="[Performance] test_Performance_FieldValidation_Case_03" classname="com.agriguard.tests.selenium.WebPerformanceTest" time="0.500" />
  <testcase name="[Performance] test_Performance_MandatoryCheck_Case_04" classname="com.agriguard.tests.selenium.WebPerformanceTest" time="0.350" />
  <testcase name="[Performance] test_Performance_SQLInjectionGuard_Case_05" classname="com.agriguard.tests.selenium.WebPerformanceTest" time="0.400" />
  <testcase name="[Performance] test_Performance_XSSSanitization_Case_06" classname="com.agriguard.tests.selenium.WebPerformanceTest" time="0.450" />
  <testcase name="[Performance] test_Performance_ResponsiveAudit_Case_07" classname="com.agriguard.tests.selenium.WebPerformanceTest" time="0.500" />
  <testcase name="[Performance] test_Performance_AriaLabelCheck_Case_08" classname="com.agriguard.tests.selenium.WebPerformanceTest" time="0.350" />
  <testcase name="[Accessibility] test_Accessibility_InitialRouteLoad_Case_01" classname="com.agriguard.tests.selenium.WebAccessibilityTest" time="0.400" />
  <testcase name="[Accessibility] test_Accessibility_ValidSubmission_Case_02" classname="com.agriguard.tests.selenium.WebAccessibilityTest" time="0.450" />
  <testcase name="[Accessibility] test_Accessibility_FieldValidation_Case_03" classname="com.agriguard.tests.selenium.WebAccessibilityTest" time="0.500" />
  <testcase name="[Accessibility] test_Accessibility_MandatoryCheck_Case_04" classname="com.agriguard.tests.selenium.WebAccessibilityTest" time="0.350" />
  <testcase name="[Accessibility] test_Accessibility_SQLInjectionGuard_Case_05" classname="com.agriguard.tests.selenium.WebAccessibilityTest" time="0.400" />
  <testcase name="[Accessibility] test_Accessibility_XSSSanitization_Case_06" classname="com.agriguard.tests.selenium.WebAccessibilityTest" time="0.450" />
</testsuite>