# JRE version: OpenJDK Runtime Environment Temurin-21.0.7+6 (21.0.7+6) (build 21.0.7+6-LTS)
# Java VM: OpenJDK 64-Bit Server VM Temurin-21.0.7+6 (21.0.7+6-LTS, mixed mode, sharing, tiered, compressed oops, compressed class ptrs, g1 gc, windows-amd64)
GC Precious Log:
 CardTable entry size: 512
 Card Set container configuration: InlinePtr #cards 4 size 8 Array Of Cards #cards 16 size 48 Howl #buckets 8 coarsen threshold 3686 Howl Bitmap #cards 512 size 80 coarsen threshold 460 Card regions per heap region 1 cards per card region 4096
 CPUs: 12 total, 12 available
 Memory: 16027M
 Large Page Support: Disabled
 NUMA Support: Disabled
 Compressed Oops: Enabled (Zero based)
 Heap Region Size: 2M
 Heap Min Capacity: 8M
 Heap Initial Capacity: 252M
 Heap Max Capacity: 4G
 Pre-touch: Disabled
 Parallel Workers: 10
 Concurrent Workers: 3
 Concurrent Refinement Workers: 10
 Periodic GC: Disabled
Heap:
 garbage-first heap   total 378880K, used 245692K [0x0000000700000000, 0x0000000800000000)
  region size 2048K, 4 young (8192K), 4 survivors (8192K)
 Metaspace       used 121110K, committed 123584K, reserved 557056K
  class space    used 16558K, committed 17792K, reserved 425984K
GC Heap History (20 events):
Event: 27.425 GC heap after
{Heap after GC invocations=46 (full 0):
 garbage-first heap   total 268288K, used 159547K [0x0000000700000000, 0x0000000800000000)
  region size 2048K, 7 young (14336K), 7 survivors (14336K)
 Metaspace       used 112497K, committed 115008K, reserved 557056K
  class space    used 15182K, committed 16448K, reserved 425984K
}
Event: 27.996 GC heap before
{Heap before GC invocations=46 (full 0):
 garbage-first heap   total 268288K, used 235323K [0x0000000700000000, 0x0000000800000000)
  region size 2048K, 45 young (92160K), 7 survivors (14336K)
 Metaspace       used 112894K, committed 115456K, reserved 557056K
  class space    used 15235K, committed 16512K, reserved 425984K
}
Event: 28.010 GC heap after
{Heap after GC invocations=47 (full 0):
 garbage-first heap   total 268288K, used 165971K [0x0000000700000000, 0x0000000800000000)
  region size 2048K, 3 young (6144K), 3 survivors (6144K)
 Metaspace       used 112894K, committed 115456K, reserved 557056K
  class space    used 15235K, committed 16512K, reserved 425984K
}
Event: 28.339 GC heap before
{Heap before GC invocations=48 (full 0):
 garbage-first heap   total 280576K, used 239699K [0x0000000700000000, 0x0000000800000000)
  region size 2048K, 40 young (81920K), 3 survivors (6144K)
 Metaspace       used 113677K, committed 116224K, reserved 557056K
  class space    used 15340K, committed 16640K, reserved 425984K
}
Event: 28.345 GC heap after
{Heap after GC invocations=49 (full 0):
 garbage-first heap   total 280576K, used 168502K [0x0000000700000000, 0x0000000800000000)
  region size 2048K, 5 young (10240K), 5 survivors (10240K)
 Metaspace       used 113677K, committed 116224K, reserved 557056K
  class space    used 15340K, committed 16640K, reserved 425984K
}
Event: 28.706 GC heap before
{Heap before GC invocations=49 (full 0):
 garbage-first heap   total 280576K, used 248374K [0x0000000700000000, 0x0000000800000000)
  region size 2048K, 45 young (92160K), 5 survivors (10240K)
 Metaspace       used 114263K, committed 116736K, reserved 557056K
  class space    used 15421K, committed 16704K, reserved 425984K
}
Event: 28.728 GC heap after
{Heap after GC invocations=50 (full 0):
 garbage-first heap   total 280576K, used 167715K [0x0000000700000000, 0x0000000800000000)
  region size 2048K, 6 young (12288K), 6 survivors (12288K)
 Metaspace       used 114263K, committed 116736K, reserved 557056K
  class space    used 15421K, committed 16704K, reserved 425984K
}
Event: 28.857 GC heap before
{Heap before GC invocations=50 (full 0):
 garbage-first heap   total 280576K, used 249635K [0x0000000700000000, 0x0000000800000000)
  region size 2048K, 47 young (96256K), 6 survivors (12288K)
 Metaspace       used 114456K, committed 116928K, reserved 557056K
  class space    used 15453K, committed 16704K, reserved 425984K
}
Event: 28.867 GC heap after
{Heap after GC invocations=51 (full 0):
 garbage-first heap   total 372736K, used 193618K [0x0000000700000000, 0x0000000800000000)
  region size 2048K, 6 young (12288K), 6 survivors (12288K)
 Metaspace       used 114456K, committed 116928K, reserved 557056K
  class space    used 15453K, committed 16704K, reserved 425984K
}
Event: 29.504 GC heap before
{Heap before GC invocations=52 (full 0):
 garbage-first heap   total 372736K, used 314450K [0x0000000700000000, 0x0000000800000000)
  region size 2048K, 66 young (135168K), 6 survivors (12288K)
 Metaspace       used 115534K, committed 118080K, reserved 557056K
  class space    used 15626K, committed 16896K, reserved 425984K
}
Event: 29.516 GC heap after
{Heap after GC invocations=53 (full 0):
 garbage-first heap   total 372736K, used 214472K [0x0000000700000000, 0x0000000800000000)
  region size 2048K, 9 young (18432K), 9 survivors (18432K)
 Metaspace       used 115534K, committed 118080K, reserved 557056K
  class space    used 15626K, committed 16896K, reserved 425984K
}
Event: 30.166 GC heap before
{Heap before GC invocations=53 (full 0):
 garbage-first heap   total 372736K, used 314824K [0x0000000700000000, 0x0000000800000000)
  region size 2048K, 58 young (118784K), 9 survivors (18432K)
 Metaspace       used 118542K, committed 121024K, reserved 557056K
  class space    used 16132K, committed 17408K, reserved 425984K
}
Event: 30.182 GC heap after
{Heap after GC invocations=54 (full 0):
 garbage-first heap   total 372736K, used 205399K [0x0000000700000000, 0x0000000800000000)
  region size 2048K, 8 young (16384K), 8 survivors (16384K)
 Metaspace       used 118542K, committed 121024K, reserved 557056K
  class space    used 16132K, committed 17408K, reserved 425984K
}
Event: 30.433 GC heap before
{Heap before GC invocations=54 (full 0):
 garbage-first heap   total 372736K, used 309847K [0x0000000700000000, 0x0000000800000000)
  region size 2048K, 60 young (122880K), 8 survivors (16384K)
 Metaspace       used 119263K, committed 121728K, reserved 557056K
  class space    used 16220K, committed 17472K, reserved 425984K
}
Event: 30.454 GC heap after
{Heap after GC invocations=55 (full 0):
 garbage-first heap   total 372736K, used 226951K [0x0000000700000000, 0x0000000800000000)
  region size 2048K, 8 young (16384K), 8 survivors (16384K)
 Metaspace       used 119263K, committed 121728K, reserved 557056K
  class space    used 16220K, committed 17472K, reserved 425984K
}
Event: 30.727 GC heap before
{Heap before GC invocations=56 (full 0):
 garbage-first heap   total 378880K, used 321159K [0x0000000700000000, 0x0000000800000000)
  region size 2048K, 55 young (112640K), 8 survivors (16384K)
 Metaspace       used 120107K, committed 122624K, reserved 557056K
  class space    used 16377K, committed 17600K, reserved 425984K
}
Event: 30.748 GC heap after
{Heap after GC invocations=57 (full 0):
 garbage-first heap   total 378880K, used 243514K [0x0000000700000000, 0x0000000800000000)
  region size 2048K, 7 young (14336K), 7 survivors (14336K)
 Metaspace       used 120107K, committed 122624K, reserved 557056K
  class space    used 16377K, committed 17600K, reserved 425984K
}
Event: 30.933 GC heap before
{Heap before GC invocations=57 (full 0):
 garbage-first heap   total 378880K, used 333626K [0x0000000700000000, 0x0000000800000000)
  region size 2048K, 51 young (104448K), 7 survivors (14336K)
 Metaspace       used 120689K, committed 123200K, reserved 557056K
  class space    used 16480K, committed 17728K, reserved 425984K
}
Event: 30.950 GC heap after
{Heap after GC invocations=58 (full 0):
 garbage-first heap   total 378880K, used 242812K [0x0000000700000000, 0x0000000800000000)
  region size 2048K, 3 young (6144K), 3 survivors (6144K)
 Metaspace       used 120689K, committed 123200K, reserved 557056K
  class space    used 16480K, committed 17728K, reserved 425984K
}
Event: 31.079 GC heap before
{Heap before GC invocations=58 (full 0):
 garbage-first heap   total 378880K, used 302204K [0x0000000700000000, 0x0000000800000000)
  region size 2048K, 34 young (69632K), 3 survivors (6144K)
 Metaspace       used 121110K, committed 123584K, reserved 557056K
  class space    used 16558K, committed 17792K, reserved 425984K
}

