# JRE version: OpenJDK Runtime Environment (21.0.10) (build 21.0.10+-14961533-b1163.108)
# Java VM: OpenJDK 64-Bit Server VM (21.0.10+-14961533-b1163.108, mixed mode, tiered, compressed oops, compressed class ptrs, g1 gc, windows-amd64)
GC Precious Log:
 CardTable entry size: 512
 Card Set container configuration: InlinePtr #cards 4 size 8 Array Of Cards #cards 16 size 48 Howl #buckets 8 coarsen threshold 3686 Howl Bitmap #cards 512 size 80 coarsen threshold 460 Card regions per heap region 1 cards per card region 4096
 CPUs: 12 total, 12 available
 Memory: 16027M
 Large Page Support: Disabled
 NUMA Support: Disabled
 Compressed Oops: Enabled (Zero based)
 Heap Region Size: 2M
 Heap Min Capacity: 8M
 Heap Initial Capacity: 252M
 Heap Max Capacity: 4G
 Pre-touch: Disabled
 Parallel Workers: 10
 Concurrent Workers: 3
 Concurrent Refinement Workers: 10
 Periodic GC: Disabled
Heap:
 garbage-first heap   total 645120K, used 412955K [0x0000000700000000, 0x0000000800000000)
  region size 2048K, 5 young (10240K), 5 survivors (10240K)
 Metaspace       used 141417K, committed 143936K, reserved 557056K
  class space    used 20474K, committed 21696K, reserved 425984K
GC Heap History (20 events):
Event: 24.997 GC heap after
{Heap after GC invocations=58 (full 0):
 garbage-first heap   total 348160K, used 176501K [0x0000000700000000, 0x0000000800000000)
  region size 2048K, 4 young (8192K), 4 survivors (8192K)
 Metaspace       used 120727K, committed 123136K, reserved 557056K
  class space    used 17123K, committed 18304K, reserved 425984K
}
Event: 25.251 GC heap before
{Heap before GC invocations=58 (full 0):
 garbage-first heap   total 348160K, used 217461K [0x0000000700000000, 0x0000000800000000)
  region size 2048K, 21 young (43008K), 4 survivors (8192K)
 Metaspace       used 122957K, committed 125376K, reserved 557056K
  class space    used 17500K, committed 18688K, reserved 425984K
}
Event: 25.261 GC heap after
{Heap after GC invocations=59 (full 0):
 garbage-first heap   total 348160K, used 187588K [0x0000000700000000, 0x0000000800000000)
  region size 2048K, 6 young (12288K), 6 survivors (12288K)
 Metaspace       used 122957K, committed 125376K, reserved 557056K
  class space    used 17500K, committed 18688K, reserved 425984K
}
Event: 25.278 GC heap before
{Heap before GC invocations=59 (full 0):
 garbage-first heap   total 348160K, used 203972K [0x0000000700000000, 0x0000000800000000)
  region size 2048K, 15 young (30720K), 6 survivors (12288K)
 Metaspace       used 123068K, committed 125504K, reserved 557056K
  class space    used 17510K, committed 18688K, reserved 425984K
}
Event: 25.287 GC heap after
{Heap after GC invocations=60 (full 0):
 garbage-first heap   total 348160K, used 194490K [0x0000000700000000, 0x0000000800000000)
  region size 2048K, 7 young (14336K), 7 survivors (14336K)
 Metaspace       used 123068K, committed 125504K, reserved 557056K
  class space    used 17510K, committed 18688K, reserved 425984K
}
Event: 25.759 GC heap before
{Heap before GC invocations=61 (full 0):
 garbage-first heap   total 382976K, used 327610K [0x0000000700000000, 0x0000000800000000)
  region size 2048K, 57 young (116736K), 7 survivors (14336K)
 Metaspace       used 127597K, committed 129984K, reserved 557056K
  class space    used 18265K, committed 19456K, reserved 425984K
}
Event: 25.773 GC heap after
{Heap after GC invocations=62 (full 0):
 garbage-first heap   total 382976K, used 236300K [0x0000000700000000, 0x0000000800000000)
  region size 2048K, 8 young (16384K), 8 survivors (16384K)
 Metaspace       used 127597K, committed 129984K, reserved 557056K
  class space    used 18265K, committed 19456K, reserved 425984K
}
Event: 26.186 GC heap before
{Heap before GC invocations=62 (full 0):
 garbage-first heap   total 382976K, used 326412K [0x0000000700000000, 0x0000000800000000)
  region size 2048K, 53 young (108544K), 8 survivors (16384K)
 Metaspace       used 132713K, committed 135104K, reserved 557056K
  class space    used 19157K, committed 20352K, reserved 425984K
}
Event: 26.206 GC heap after
{Heap after GC invocations=63 (full 0):
 garbage-first heap   total 382976K, used 253952K [0x0000000700000000, 0x0000000800000000)
  region size 2048K, 7 young (14336K), 7 survivors (14336K)
 Metaspace       used 132713K, committed 135104K, reserved 557056K
  class space    used 19157K, committed 20352K, reserved 425984K
}
Event: 26.239 GC heap before
{Heap before GC invocations=63 (full 0):
 garbage-first heap   total 382976K, used 266240K [0x0000000700000000, 0x0000000800000000)
  region size 2048K, 14 young (28672K), 7 survivors (14336K)
 Metaspace       used 133249K, committed 135680K, reserved 557056K
  class space    used 19277K, committed 20480K, reserved 425984K
}
Event: 26.251 GC heap after
{Heap after GC invocations=64 (full 0):
 garbage-first heap   total 501760K, used 258699K [0x0000000700000000, 0x0000000800000000)
  region size 2048K, 2 young (4096K), 2 survivors (4096K)
 Metaspace       used 133249K, committed 135680K, reserved 557056K
  class space    used 19277K, committed 20480K, reserved 425984K
}
Event: 26.753 GC heap before
{Heap before GC invocations=65 (full 0):
 garbage-first heap   total 501760K, used 422539K [0x0000000700000000, 0x0000000800000000)
  region size 2048K, 81 young (165888K), 2 survivors (4096K)
 Metaspace       used 138403K, committed 140864K, reserved 557056K
  class space    used 20032K, committed 21248K, reserved 425984K
}
Event: 26.776 GC heap after
{Heap after GC invocations=66 (full 0):
 garbage-first heap   total 501760K, used 285920K [0x0000000700000000, 0x0000000800000000)
  region size 2048K, 11 young (22528K), 11 survivors (22528K)
 Metaspace       used 138403K, committed 140864K, reserved 557056K
  class space    used 20032K, committed 21248K, reserved 425984K
}
Event: 27.185 GC heap before
{Heap before GC invocations=66 (full 0):
 garbage-first heap   total 501760K, used 423136K [0x0000000700000000, 0x0000000800000000)
  region size 2048K, 79 young (161792K), 11 survivors (22528K)
 Metaspace       used 141007K, committed 143424K, reserved 557056K
  class space    used 20457K, committed 21632K, reserved 425984K
}
Event: 27.226 GC heap after
{Heap after GC invocations=67 (full 0):
 garbage-first heap   total 501760K, used 312585K [0x0000000700000000, 0x0000000800000000)
  region size 2048K, 10 young (20480K), 10 survivors (20480K)
 Metaspace       used 141007K, committed 143424K, reserved 557056K
  class space    used 20457K, committed 21632K, reserved 425984K
}
Event: 27.456 GC heap before
{Heap before GC invocations=67 (full 0):
 garbage-first heap   total 501760K, used 433417K [0x0000000700000000, 0x0000000800000000)
  region size 2048K, 70 young (143360K), 10 survivors (20480K)
 Metaspace       used 141253K, committed 143744K, reserved 557056K
  class space    used 20477K, committed 21696K, reserved 425984K
}
Event: 27.500 GC heap after
{Heap after GC invocations=68 (full 0):
 garbage-first heap   total 501760K, used 356258K [0x0000000700000000, 0x0000000800000000)
  region size 2048K, 9 young (18432K), 9 survivors (18432K)
 Metaspace       used 141253K, committed 143744K, reserved 557056K
  class space    used 20477K, committed 21696K, reserved 425984K
}
Event: 27.694 GC heap before
{Heap before GC invocations=68 (full 0):
 garbage-first heap   total 501760K, used 440226K [0x0000000700000000, 0x0000000800000000)
  region size 2048K, 51 young (104448K), 9 survivors (18432K)
 Metaspace       used 141392K, committed 143872K, reserved 557056K
  class space    used 20478K, committed 21696K, reserved 425984K
}
Event: 27.727 GC heap after
{Heap after GC invocations=69 (full 0):
 garbage-first heap   total 501760K, used 386518K [0x0000000700000000, 0x0000000800000000)
  region size 2048K, 7 young (14336K), 7 survivors (14336K)
 Metaspace       used 141392K, committed 143872K, reserved 557056K
  class space    used 20478K, committed 21696K, reserved 425984K
}
Event: 27.897 GC heap before
{Heap before GC invocations=69 (full 0):
 garbage-first heap   total 645120K, used 450006K [0x0000000700000000, 0x0000000800000000)
  region size 2048K, 39 young (79872K), 7 survivors (14336K)
 Metaspace       used 141417K, committed 143936K, reserved 557056K
  class space    used 20474K, committed 21696K, reserved 425984K
}

