# JRE version: OpenJDK Runtime Environment (21.0.10) (build 21.0.10+-14961533-b1163.108)
# Java VM: OpenJDK 64-Bit Server VM (21.0.10+-14961533-b1163.108, mixed mode, tiered, compressed oops, compressed class ptrs, g1 gc, windows-amd64)
GC Precious Log:
 CardTable entry size: 512
 Card Set container configuration: InlinePtr #cards 4 size 8 Array Of Cards #cards 16 size 48 Howl #buckets 8 coarsen threshold 3686 Howl Bitmap #cards 512 size 80 coarsen threshold 460 Card regions per heap region 1 cards per card region 4096
 CPUs: 12 total, 12 available
 Memory: 16027M
 Large Page Support: Disabled
 NUMA Support: Disabled
 Compressed Oops: Enabled (Zero based)
 Heap Region Size: 2M
 Heap Min Capacity: 8M
 Heap Initial Capacity: 252M
 Heap Max Capacity: 4G
 Pre-touch: Disabled
 Parallel Workers: 10
 Concurrent Workers: 3
 Concurrent Refinement Workers: 10
 Periodic GC: Disabled
Heap:
 garbage-first heap   total 704512K, used 364178K [0x0000000700000000, 0x0000000800000000)
  region size 2048K, 4 young (8192K), 4 survivors (8192K)
 Metaspace       used 161574K, committed 164160K, reserved 622592K
  class space    used 22701K, committed 23936K, reserved 425984K
GC Heap History (20 events):
Event: 45.916 GC heap after
{Heap after GC invocations=62 (full 0):
 garbage-first heap   total 393216K, used 227049K [0x0000000700000000, 0x0000000800000000)
  region size 2048K, 11 young (22528K), 11 survivors (22528K)
 Metaspace       used 142187K, committed 144704K, reserved 557056K
  class space    used 19601K, committed 20864K, reserved 425984K
}
Event: 46.457 GC heap before
{Heap before GC invocations=62 (full 0):
 garbage-first heap   total 393216K, used 337641K [0x0000000700000000, 0x0000000800000000)
  region size 2048K, 66 young (135168K), 11 survivors (22528K)
 Metaspace       used 145765K, committed 148288K, reserved 557056K
  class space    used 20164K, committed 21376K, reserved 425984K
}
Event: 46.476 GC heap after
{Heap after GC invocations=63 (full 0):
 garbage-first heap   total 393216K, used 229153K [0x0000000700000000, 0x0000000800000000)
  region size 2048K, 9 young (18432K), 9 survivors (18432K)
 Metaspace       used 145765K, committed 148288K, reserved 557056K
  class space    used 20164K, committed 21376K, reserved 425984K
}
Event: 46.663 GC heap before
{Heap before GC invocations=63 (full 0):
 garbage-first heap   total 393216K, used 341793K [0x0000000700000000, 0x0000000800000000)
  region size 2048K, 64 young (131072K), 9 survivors (18432K)
 Metaspace       used 146305K, committed 148800K, reserved 557056K
  class space    used 20215K, committed 21440K, reserved 425984K
}
Event: 46.682 GC heap after
{Heap after GC invocations=64 (full 0):
 garbage-first heap   total 393216K, used 251819K [0x0000000700000000, 0x0000000800000000)
  region size 2048K, 8 young (16384K), 8 survivors (16384K)
 Metaspace       used 146305K, committed 148800K, reserved 557056K
  class space    used 20215K, committed 21440K, reserved 425984K
}
Event: 46.884 GC heap before
{Heap before GC invocations=64 (full 0):
 garbage-first heap   total 419840K, used 346027K [0x0000000700000000, 0x0000000800000000)
  region size 2048K, 55 young (112640K), 8 survivors (16384K)
 Metaspace       used 147028K, committed 149504K, reserved 557056K
  class space    used 20353K, committed 21568K, reserved 425984K
}
Event: 46.907 GC heap after
{Heap after GC invocations=65 (full 0):
 garbage-first heap   total 419840K, used 271644K [0x0000000700000000, 0x0000000800000000)
  region size 2048K, 7 young (14336K), 7 survivors (14336K)
 Metaspace       used 147028K, committed 149504K, reserved 557056K
  class space    used 20353K, committed 21568K, reserved 425984K
}
Event: 47.264 GC heap before
{Heap before GC invocations=66 (full 0):
 garbage-first heap   total 419840K, used 367900K [0x0000000700000000, 0x0000000800000000)
  region size 2048K, 55 young (112640K), 7 survivors (14336K)
 Metaspace       used 149480K, committed 152000K, reserved 557056K
  class space    used 20774K, committed 22016K, reserved 425984K
}
Event: 47.289 GC heap after
{Heap after GC invocations=67 (full 0):
 garbage-first heap   total 419840K, used 286720K [0x0000000700000000, 0x0000000800000000)
  region size 2048K, 7 young (14336K), 7 survivors (14336K)
 Metaspace       used 149480K, committed 152000K, reserved 557056K
  class space    used 20774K, committed 22016K, reserved 425984K
}
Event: 47.462 GC heap before
{Heap before GC invocations=67 (full 0):
 garbage-first heap   total 419840K, used 376832K [0x0000000700000000, 0x0000000800000000)
  region size 2048K, 52 young (106496K), 7 survivors (14336K)
 Metaspace       used 150339K, committed 152832K, reserved 622592K
  class space    used 20879K, committed 22080K, reserved 425984K
}
Event: 47.484 GC heap after
{Heap after GC invocations=68 (full 0):
 garbage-first heap   total 704512K, used 280948K [0x0000000700000000, 0x0000000800000000)
  region size 2048K, 5 young (10240K), 5 survivors (10240K)
 Metaspace       used 150339K, committed 152832K, reserved 622592K
  class space    used 20879K, committed 22080K, reserved 425984K
}
Event: 48.156 GC heap before
{Heap before GC invocations=68 (full 0):
 garbage-first heap   total 704512K, used 543092K [0x0000000700000000, 0x0000000800000000)
  region size 2048K, 133 young (272384K), 5 survivors (10240K)
 Metaspace       used 154215K, committed 156736K, reserved 622592K
  class space    used 21618K, committed 22848K, reserved 425984K
}
Event: 48.186 GC heap after
{Heap after GC invocations=69 (full 0):
 garbage-first heap   total 704512K, used 316419K [0x0000000700000000, 0x0000000800000000)
  region size 2048K, 17 young (34816K), 17 survivors (34816K)
 Metaspace       used 154215K, committed 156736K, reserved 622592K
  class space    used 21618K, committed 22848K, reserved 425984K
}
Event: 48.730 GC heap before
{Heap before GC invocations=69 (full 0):
 garbage-first heap   total 704512K, used 576515K [0x0000000700000000, 0x0000000800000000)
  region size 2048K, 145 young (296960K), 17 survivors (34816K)
 Metaspace       used 158134K, committed 160704K, reserved 622592K
  class space    used 22330K, committed 23552K, reserved 425984K
}
Event: 48.779 GC heap after
{Heap after GC invocations=70 (full 0):
 garbage-first heap   total 704512K, used 365055K [0x0000000700000000, 0x0000000800000000)
  region size 2048K, 19 young (38912K), 19 survivors (38912K)
 Metaspace       used 158134K, committed 160704K, reserved 622592K
  class space    used 22330K, committed 23552K, reserved 425984K
}
Event: 49.688 GC heap before
{Heap before GC invocations=70 (full 0):
 garbage-first heap   total 704512K, used 594431K [0x0000000700000000, 0x0000000800000000)
  region size 2048K, 131 young (268288K), 19 survivors (38912K)
 Metaspace       used 161137K, committed 163712K, reserved 622592K
  class space    used 22664K, committed 23936K, reserved 425984K
}
Event: 49.710 GC heap after
{Heap after GC invocations=71 (full 0):
 garbage-first heap   total 704512K, used 376819K [0x0000000700000000, 0x0000000800000000)
  region size 2048K, 4 young (8192K), 4 survivors (8192K)
 Metaspace       used 161137K, committed 163712K, reserved 622592K
  class space    used 22664K, committed 23936K, reserved 425984K
}
Event: 50.455 GC heap before
{Heap before GC invocations=72 (full 0):
 garbage-first heap   total 704512K, used 614387K [0x0000000700000000, 0x0000000800000000)
  region size 2048K, 121 young (247808K), 4 survivors (8192K)
 Metaspace       used 161365K, committed 163968K, reserved 622592K
  class space    used 22680K, committed 23936K, reserved 425984K
}
Event: 50.462 GC heap after
{Heap after GC invocations=73 (full 0):
 garbage-first heap   total 704512K, used 376023K [0x0000000700000000, 0x0000000800000000)
  region size 2048K, 4 young (8192K), 4 survivors (8192K)
 Metaspace       used 161365K, committed 163968K, reserved 622592K
  class space    used 22680K, committed 23936K, reserved 425984K
}
Event: 50.876 GC heap before
{Heap before GC invocations=73 (full 0):
 garbage-first heap   total 704512K, used 629975K [0x0000000700000000, 0x0000000800000000)
  region size 2048K, 129 young (264192K), 4 survivors (8192K)
 Metaspace       used 161574K, committed 164160K, reserved 622592K
  class space    used 22701K, committed 23936K, reserved 425984K
}

