# JRE version: OpenJDK Runtime Environment (21.0.10) (build 21.0.10+-14961533-b1163.108)
# Java VM: OpenJDK 64-Bit Server VM (21.0.10+-14961533-b1163.108, mixed mode, tiered, compressed oops, compressed class ptrs, g1 gc, windows-amd64)
GC Precious Log:
 CardTable entry size: 512
 Card Set container configuration: InlinePtr #cards 4 size 8 Array Of Cards #cards 16 size 48 Howl #buckets 8 coarsen threshold 3686 Howl Bitmap #cards 512 size 80 coarsen threshold 460 Card regions per heap region 1 cards per card region 4096
 CPUs: 12 total, 12 available
 Memory: 16027M
 Large Page Support: Disabled
 NUMA Support: Disabled
 Compressed Oops: Enabled (Zero based)
 Heap Region Size: 2M
 Heap Min Capacity: 8M
 Heap Initial Capacity: 252M
 Heap Max Capacity: 4G
 Pre-touch: Disabled
 Parallel Workers: 10
 Concurrent Workers: 3
 Concurrent Refinement Workers: 10
 Periodic GC: Disabled
Heap:
 garbage-first heap   total 663552K, used 261128K [0x0000000700000000, 0x0000000800000000)
  region size 2048K, 14 young (28672K), 14 survivors (28672K)
 Metaspace       used 143825K, committed 146304K, reserved 557056K
  class space    used 20752K, committed 21952K, reserved 425984K
GC Heap History (20 events):
Event: 18.808 GC heap after
{Heap after GC invocations=60 (full 0):
 garbage-first heap   total 423936K, used 247659K [0x0000000700000000, 0x0000000800000000)
  region size 2048K, 2 young (4096K), 2 survivors (4096K)
 Metaspace       used 139765K, committed 142208K, reserved 557056K
  class space    used 20243K, committed 21440K, reserved 425984K
}
Event: 19.050 GC heap before
{Heap before GC invocations=60 (full 0):
 garbage-first heap   total 423936K, used 391019K [0x0000000700000000, 0x0000000800000000)
  region size 2048K, 72 young (147456K), 2 survivors (4096K)
 Metaspace       used 139970K, committed 142464K, reserved 557056K
  class space    used 20271K, committed 21504K, reserved 425984K
}
Event: 19.056 GC heap after
{Heap after GC invocations=61 (full 0):
 garbage-first heap   total 661504K, used 247878K [0x0000000700000000, 0x0000000800000000)
  region size 2048K, 2 young (4096K), 2 survivors (4096K)
 Metaspace       used 139970K, committed 142464K, reserved 557056K
  class space    used 20271K, committed 21504K, reserved 425984K
}
Event: 19.813 GC heap before
{Heap before GC invocations=62 (full 0):
 garbage-first heap   total 661504K, used 612422K [0x0000000700000000, 0x0000000800000000)
  region size 2048K, 181 young (370688K), 2 survivors (4096K)
 Metaspace       used 141549K, committed 144000K, reserved 557056K
  class space    used 20466K, committed 21696K, reserved 425984K
}
Event: 19.821 GC heap after
{Heap after GC invocations=63 (full 0):
 garbage-first heap   total 661504K, used 252281K [0x0000000700000000, 0x0000000800000000)
  region size 2048K, 4 young (8192K), 4 survivors (8192K)
 Metaspace       used 141549K, committed 144000K, reserved 557056K
  class space    used 20466K, committed 21696K, reserved 425984K
}
Event: 20.392 GC heap before
{Heap before GC invocations=63 (full 0):
 garbage-first heap   total 661504K, used 622969K [0x0000000700000000, 0x0000000800000000)
  region size 2048K, 186 young (380928K), 4 survivors (8192K)
 Metaspace       used 143002K, committed 145408K, reserved 557056K
  class space    used 20695K, committed 21888K, reserved 425984K
}
Event: 20.404 GC heap after
{Heap after GC invocations=64 (full 0):
 garbage-first heap   total 661504K, used 248079K [0x0000000700000000, 0x0000000800000000)
  region size 2048K, 5 young (10240K), 5 survivors (10240K)
 Metaspace       used 143002K, committed 145408K, reserved 557056K
  class space    used 20695K, committed 21888K, reserved 425984K
}
Event: 20.941 GC heap before
{Heap before GC invocations=64 (full 0):
 garbage-first heap   total 661504K, used 620815K [0x0000000700000000, 0x0000000800000000)
  region size 2048K, 188 young (385024K), 5 survivors (10240K)
 Metaspace       used 143392K, committed 145856K, reserved 557056K
  class space    used 20734K, committed 21952K, reserved 425984K
}
Event: 20.952 GC heap after
{Heap after GC invocations=65 (full 0):
 garbage-first heap   total 661504K, used 253852K [0x0000000700000000, 0x0000000800000000)
  region size 2048K, 7 young (14336K), 7 survivors (14336K)
 Metaspace       used 143392K, committed 145856K, reserved 557056K
  class space    used 20734K, committed 21952K, reserved 425984K
}
Event: 21.601 GC heap before
{Heap before GC invocations=66 (full 0):
 garbage-first heap   total 661504K, used 622492K [0x0000000700000000, 0x0000000800000000)
  region size 2048K, 188 young (385024K), 7 survivors (14336K)
 Metaspace       used 143567K, committed 145984K, reserved 557056K
  class space    used 20738K, committed 21952K, reserved 425984K
}
Event: 21.613 GC heap after
{Heap after GC invocations=67 (full 0):
 garbage-first heap   total 661504K, used 254076K [0x0000000700000000, 0x0000000800000000)
  region size 2048K, 7 young (14336K), 7 survivors (14336K)
 Metaspace       used 143567K, committed 145984K, reserved 557056K
  class space    used 20738K, committed 21952K, reserved 425984K
}
Event: 22.076 GC heap before
{Heap before GC invocations=67 (full 0):
 garbage-first heap   total 661504K, used 622716K [0x0000000700000000, 0x0000000800000000)
  region size 2048K, 188 young (385024K), 7 survivors (14336K)
 Metaspace       used 143683K, committed 146176K, reserved 557056K
  class space    used 20738K, committed 21952K, reserved 425984K
}
Event: 22.096 GC heap after
{Heap after GC invocations=68 (full 0):
 garbage-first heap   total 661504K, used 262610K [0x0000000700000000, 0x0000000800000000)
  region size 2048K, 14 young (28672K), 14 survivors (28672K)
 Metaspace       used 143683K, committed 146176K, reserved 557056K
  class space    used 20738K, committed 21952K, reserved 425984K
}
Event: 22.525 GC heap before
{Heap before GC invocations=68 (full 0):
 garbage-first heap   total 661504K, used 623058K [0x0000000700000000, 0x0000000800000000)
  region size 2048K, 191 young (391168K), 14 survivors (28672K)
 Metaspace       used 143715K, committed 146176K, reserved 557056K
  class space    used 20738K, committed 21952K, reserved 425984K
}
Event: 22.540 GC heap after
{Heap after GC invocations=69 (full 0):
 garbage-first heap   total 661504K, used 263622K [0x0000000700000000, 0x0000000800000000)
  region size 2048K, 14 young (28672K), 14 survivors (28672K)
 Metaspace       used 143715K, committed 146176K, reserved 557056K
  class space    used 20738K, committed 21952K, reserved 425984K
}
Event: 23.069 GC heap before
{Heap before GC invocations=70 (full 0):
 garbage-first heap   total 661504K, used 622022K [0x0000000700000000, 0x0000000800000000)
  region size 2048K, 190 young (389120K), 14 survivors (28672K)
 Metaspace       used 143758K, committed 146240K, reserved 557056K
  class space    used 20742K, committed 21952K, reserved 425984K
}
Event: 23.088 GC heap after
{Heap after GC invocations=71 (full 0):
 garbage-first heap   total 661504K, used 264713K [0x0000000700000000, 0x0000000800000000)
  region size 2048K, 14 young (28672K), 14 survivors (28672K)
 Metaspace       used 143758K, committed 146240K, reserved 557056K
  class space    used 20742K, committed 21952K, reserved 425984K
}
Event: 23.513 GC heap before
{Heap before GC invocations=71 (full 0):
 garbage-first heap   total 661504K, used 625161K [0x0000000700000000, 0x0000000800000000)
  region size 2048K, 190 young (389120K), 14 survivors (28672K)
 Metaspace       used 143799K, committed 146240K, reserved 557056K
  class space    used 20750K, committed 21952K, reserved 425984K
}
Event: 23.530 GC heap after
{Heap after GC invocations=72 (full 0):
 garbage-first heap   total 663552K, used 261128K [0x0000000700000000, 0x0000000800000000)
  region size 2048K, 14 young (28672K), 14 survivors (28672K)
 Metaspace       used 143799K, committed 146240K, reserved 557056K
  class space    used 20750K, committed 21952K, reserved 425984K
}
Event: 23.928 GC heap before
{Heap before GC invocations=72 (full 0):
 garbage-first heap   total 663552K, used 625672K [0x0000000700000000, 0x0000000800000000)
  region size 2048K, 193 young (395264K), 14 survivors (28672K)
 Metaspace       used 143825K, committed 146304K, reserved 557056K
  class space    used 20752K, committed 21952K, reserved 425984K
}

