# JRE version: OpenJDK Runtime Environment (21.0.10) (build 21.0.10+-14961533-b1163.108)
# Java VM: OpenJDK 64-Bit Server VM (21.0.10+-14961533-b1163.108, mixed mode, tiered, compressed oops, compressed class ptrs, g1 gc, windows-amd64)
GC Precious Log:
 CardTable entry size: 512
 Card Set container configuration: InlinePtr #cards 4 size 8 Array Of Cards #cards 16 size 48 Howl #buckets 8 coarsen threshold 3686 Howl Bitmap #cards 512 size 80 coarsen threshold 460 Card regions per heap region 1 cards per card region 4096
 CPUs: 12 total, 12 available
 Memory: 16027M
 Large Page Support: Disabled
 NUMA Support: Disabled
 Compressed Oops: Enabled (Zero based)
 Heap Region Size: 2M
 Heap Min Capacity: 8M
 Heap Initial Capacity: 252M
 Heap Max Capacity: 4G
 Pre-touch: Disabled
 Parallel Workers: 10
 Concurrent Workers: 3
 Concurrent Refinement Workers: 10
 Periodic GC: Disabled
Heap:
 garbage-first heap   total 847872K, used 681742K [0x0000000700000000, 0x0000000800000000)
  region size 2048K, 200 young (409600K), 6 survivors (12288K)
 Metaspace       used 280103K, committed 283200K, reserved 688128K
  class space    used 36412K, committed 37888K, reserved 425984K
GC Heap History (20 events):
Event: 328.589 GC heap before
{Heap before GC invocations=77 (full 0):
 garbage-first heap   total 655360K, used 395569K [0x0000000700000000, 0x0000000800000000)
  region size 2048K, 54 young (110592K), 3 survivors (6144K)
 Metaspace       used 272389K, committed 275456K, reserved 688128K
  class space    used 35661K, committed 37120K, reserved 425984K
}
Event: 328.598 GC heap after
{Heap after GC invocations=78 (full 0):
 garbage-first heap   total 655360K, used 296109K [0x0000000700000000, 0x0000000800000000)
  region size 2048K, 4 young (8192K), 4 survivors (8192K)
 Metaspace       used 272389K, committed 275456K, reserved 688128K
  class space    used 35661K, committed 37120K, reserved 425984K
}
Event: 328.946 GC heap before
{Heap before GC invocations=79 (full 0):
 garbage-first heap   total 655360K, used 609453K [0x0000000700000000, 0x0000000800000000)
  region size 2048K, 157 young (321536K), 4 survivors (8192K)
 Metaspace       used 272417K, committed 275456K, reserved 688128K
  class space    used 35663K, committed 37120K, reserved 425984K
}
Event: 328.951 GC heap after
{Heap after GC invocations=80 (full 0):
 garbage-first heap   total 655360K, used 302215K [0x0000000700000000, 0x0000000800000000)
  region size 2048K, 7 young (14336K), 7 survivors (14336K)
 Metaspace       used 272417K, committed 275456K, reserved 688128K
  class space    used 35663K, committed 37120K, reserved 425984K
}
Event: 329.164 GC heap before
{Heap before GC invocations=80 (full 0):
 garbage-first heap   total 655360K, used 619655K [0x0000000700000000, 0x0000000800000000)
  region size 2048K, 159 young (325632K), 7 survivors (14336K)
 Metaspace       used 272750K, committed 275840K, reserved 688128K
  class space    used 35698K, committed 37184K, reserved 425984K
}
Event: 329.177 GC heap after
{Heap after GC invocations=81 (full 0):
 garbage-first heap   total 659456K, used 307340K [0x0000000700000000, 0x0000000800000000)
  region size 2048K, 13 young (26624K), 13 survivors (26624K)
 Metaspace       used 272750K, committed 275840K, reserved 688128K
  class space    used 35698K, committed 37184K, reserved 425984K
}
Event: 329.492 GC heap before
{Heap before GC invocations=81 (full 0):
 garbage-first heap   total 659456K, used 614540K [0x0000000700000000, 0x0000000800000000)
  region size 2048K, 164 young (335872K), 13 survivors (26624K)
 Metaspace       used 272896K, committed 275968K, reserved 688128K
  class space    used 35709K, committed 37184K, reserved 425984K
}
Event: 329.504 GC heap after
{Heap after GC invocations=82 (full 0):
 garbage-first heap   total 659456K, used 304660K [0x0000000700000000, 0x0000000800000000)
  region size 2048K, 11 young (22528K), 11 survivors (22528K)
 Metaspace       used 272896K, committed 275968K, reserved 688128K
  class space    used 35709K, committed 37184K, reserved 425984K
}
Event: 329.894 GC heap before
{Heap before GC invocations=83 (full 0):
 garbage-first heap   total 659456K, used 622100K [0x0000000700000000, 0x0000000800000000)
  region size 2048K, 166 young (339968K), 11 survivors (22528K)
 Metaspace       used 272899K, committed 275968K, reserved 688128K
  class space    used 35709K, committed 37184K, reserved 425984K
}
Event: 329.905 GC heap after
{Heap after GC invocations=84 (full 0):
 garbage-first heap   total 659456K, used 302358K [0x0000000700000000, 0x0000000800000000)
  region size 2048K, 10 young (20480K), 10 survivors (20480K)
 Metaspace       used 272899K, committed 275968K, reserved 688128K
  class space    used 35709K, committed 37184K, reserved 425984K
}
Event: 330.991 GC heap before
{Heap before GC invocations=84 (full 0):
 garbage-first heap   total 659456K, used 627990K [0x0000000700000000, 0x0000000800000000)
  region size 2048K, 167 young (342016K), 10 survivors (20480K)
 Metaspace       used 275488K, committed 278528K, reserved 688128K
  class space    used 35901K, committed 37376K, reserved 425984K
}
Event: 331.011 GC heap after
{Heap after GC invocations=85 (full 0):
 garbage-first heap   total 659456K, used 297603K [0x0000000700000000, 0x0000000800000000)
  region size 2048K, 8 young (16384K), 8 survivors (16384K)
 Metaspace       used 275488K, committed 278528K, reserved 688128K
  class space    used 35901K, committed 37376K, reserved 425984K
}
Event: 331.457 GC heap before
{Heap before GC invocations=85 (full 0):
 garbage-first heap   total 659456K, used 621187K [0x0000000700000000, 0x0000000800000000)
  region size 2048K, 166 young (339968K), 8 survivors (16384K)
 Metaspace       used 278325K, committed 281408K, reserved 688128K
  class space    used 36210K, committed 37696K, reserved 425984K
}
Event: 331.463 GC heap after
{Heap after GC invocations=86 (full 0):
 garbage-first heap   total 659456K, used 300105K [0x0000000700000000, 0x0000000800000000)
  region size 2048K, 9 young (18432K), 9 survivors (18432K)
 Metaspace       used 278325K, committed 281408K, reserved 688128K
  class space    used 36210K, committed 37696K, reserved 425984K
}
Event: 331.835 GC heap before
{Heap before GC invocations=87 (full 0):
 garbage-first heap   total 659456K, used 619593K [0x0000000700000000, 0x0000000800000000)
  region size 2048K, 166 young (339968K), 9 survivors (18432K)
 Metaspace       used 278782K, committed 281920K, reserved 688128K
  class space    used 36228K, committed 37760K, reserved 425984K
}
Event: 331.841 GC heap after
{Heap after GC invocations=88 (full 0):
 garbage-first heap   total 659456K, used 299274K [0x0000000700000000, 0x0000000800000000)
  region size 2048K, 8 young (16384K), 8 survivors (16384K)
 Metaspace       used 278782K, committed 281920K, reserved 688128K
  class space    used 36228K, committed 37760K, reserved 425984K
}
Event: 332.193 GC heap before
{Heap before GC invocations=88 (full 0):
 garbage-first heap   total 659456K, used 620810K [0x0000000700000000, 0x0000000800000000)
  region size 2048K, 167 young (342016K), 8 survivors (16384K)
 Metaspace       used 278885K, committed 281984K, reserved 688128K
  class space    used 36228K, committed 37760K, reserved 425984K
}
Event: 332.204 GC heap after
{Heap after GC invocations=89 (full 0):
 garbage-first heap   total 847872K, used 297146K [0x0000000700000000, 0x0000000800000000)
  region size 2048K, 9 young (18432K), 9 survivors (18432K)
 Metaspace       used 278885K, committed 281984K, reserved 688128K
  class space    used 36228K, committed 37760K, reserved 425984K
}
Event: 332.770 GC heap before
{Heap before GC invocations=89 (full 0):
 garbage-first heap   total 847872K, used 784570K [0x0000000700000000, 0x0000000800000000)
  region size 2048K, 248 young (507904K), 9 survivors (18432K)
 Metaspace       used 278943K, committed 282048K, reserved 688128K
  class space    used 36232K, committed 37760K, reserved 425984K
}
Event: 332.776 GC heap after
{Heap after GC invocations=90 (full 0):
 garbage-first heap   total 847872K, used 288526K [0x0000000700000000, 0x0000000800000000)
  region size 2048K, 6 young (12288K), 6 survivors (12288K)
 Metaspace       used 278943K, committed 282048K, reserved 688128K
  class space    used 36232K, committed 37760K, reserved 425984K
}

