# JRE version: OpenJDK Runtime Environment (21.0.10) (build 21.0.10+-14961533-b1163.108)
# Java VM: OpenJDK 64-Bit Server VM (21.0.10+-14961533-b1163.108, mixed mode, tiered, compressed oops, compressed class ptrs, g1 gc, windows-amd64)
GC Precious Log:
 CardTable entry size: 512
 Card Set container configuration: InlinePtr #cards 4 size 8 Array Of Cards #cards 32 size 80 Howl #buckets 8 coarsen threshold 7372 Howl Bitmap #cards 1024 size 144 coarsen threshold 921 Card regions per heap region 1 cards per card region 8192
 CPUs: 12 total, 12 available
 Memory: 16027M
 Large Page Support: Disabled
 NUMA Support: Disabled
 Compressed Oops: Enabled (Zero based)
 Heap Region Size: 4M
 Heap Min Capacity: 8M
 Heap Initial Capacity: 252M
 Heap Max Capacity: 6G
 Pre-touch: Disabled
 Parallel Workers: 10
 Concurrent Workers: 3
 Concurrent Refinement Workers: 10
 Periodic GC: Disabled
Heap:
 garbage-first heap   total 1028096K, used 456945K [0x0000000680000000, 0x0000000800000000)
  region size 4096K, 37 young (151552K), 10 survivors (40960K)
 Metaspace       used 149791K, committed 152256K, reserved 983040K
  class space    used 21398K, committed 22592K, reserved 851968K
GC Heap History (20 events):
Event: 18.932 GC heap before
{Heap before GC invocations=45 (full 0):
 garbage-first heap   total 323584K, used 251506K [0x0000000680000000, 0x0000000800000000)
  region size 4096K, 20 young (81920K), 4 survivors (16384K)
 Metaspace       used 132747K, committed 135104K, reserved 983040K
  class space    used 18721K, committed 19840K, reserved 851968K
}
Event: 18.938 GC heap after
{Heap after GC invocations=46 (full 0):
 garbage-first heap   total 323584K, used 193041K [0x0000000680000000, 0x0000000800000000)
  region size 4096K, 3 young (12288K), 3 survivors (12288K)
 Metaspace       used 132747K, committed 135104K, reserved 983040K
  class space    used 18721K, committed 19840K, reserved 851968K
}
Event: 19.220 GC heap before
{Heap before GC invocations=46 (full 0):
 garbage-first heap   total 323584K, used 274961K [0x0000000680000000, 0x0000000800000000)
  region size 4096K, 23 young (94208K), 3 survivors (12288K)
 Metaspace       used 135249K, committed 137600K, reserved 983040K
  class space    used 19102K, committed 20224K, reserved 851968K
}
Event: 19.232 GC heap after
{Heap after GC invocations=47 (full 0):
 garbage-first heap   total 323584K, used 199287K [0x0000000680000000, 0x0000000800000000)
  region size 4096K, 3 young (12288K), 3 survivors (12288K)
 Metaspace       used 135249K, committed 137600K, reserved 983040K
  class space    used 19102K, committed 20224K, reserved 851968K
}
Event: 19.325 GC heap before
{Heap before GC invocations=47 (full 0):
 garbage-first heap   total 323584K, used 281207K [0x0000000680000000, 0x0000000800000000)
  region size 4096K, 23 young (94208K), 3 survivors (12288K)
 Metaspace       used 135548K, committed 137920K, reserved 983040K
  class space    used 19138K, committed 20288K, reserved 851968K
}
Event: 19.339 GC heap after
{Heap after GC invocations=48 (full 0):
 garbage-first heap   total 430080K, used 216487K [0x0000000680000000, 0x0000000800000000)
  region size 4096K, 3 young (12288K), 3 survivors (12288K)
 Metaspace       used 135548K, committed 137920K, reserved 983040K
  class space    used 19138K, committed 20288K, reserved 851968K
}
Event: 19.576 GC heap before
{Heap before GC invocations=49 (full 0):
 garbage-first heap   total 430080K, used 351655K [0x0000000680000000, 0x0000000800000000)
  region size 4096K, 36 young (147456K), 3 survivors (12288K)
 Metaspace       used 136818K, committed 139200K, reserved 983040K
  class space    used 19382K, committed 20544K, reserved 851968K
}
Event: 19.595 GC heap after
{Heap after GC invocations=50 (full 0):
 garbage-first heap   total 430080K, used 242838K [0x0000000680000000, 0x0000000800000000)
  region size 4096K, 5 young (20480K), 5 survivors (20480K)
 Metaspace       used 136818K, committed 139200K, reserved 983040K
  class space    used 19382K, committed 20544K, reserved 851968K
}
Event: 19.845 GC heap before
{Heap before GC invocations=50 (full 0):
 garbage-first heap   total 430080K, used 361622K [0x0000000680000000, 0x0000000800000000)
  region size 4096K, 34 young (139264K), 5 survivors (20480K)
 Metaspace       used 139409K, committed 141888K, reserved 983040K
  class space    used 19778K, committed 20992K, reserved 851968K
}
Event: 19.865 GC heap after
{Heap after GC invocations=51 (full 0):
 garbage-first heap   total 430080K, used 260585K [0x0000000680000000, 0x0000000800000000)
  region size 4096K, 5 young (20480K), 5 survivors (20480K)
 Metaspace       used 139409K, committed 141888K, reserved 983040K
  class space    used 19778K, committed 20992K, reserved 851968K
}
Event: 19.988 GC heap before
{Heap before GC invocations=51 (full 0):
 garbage-first heap   total 430080K, used 371177K [0x0000000680000000, 0x0000000800000000)
  region size 4096K, 32 young (131072K), 5 survivors (20480K)
 Metaspace       used 139998K, committed 142464K, reserved 983040K
  class space    used 19859K, committed 21056K, reserved 851968K
}
Event: 20.001 GC heap after
{Heap after GC invocations=52 (full 0):
 garbage-first heap   total 430080K, used 274728K [0x0000000680000000, 0x0000000800000000)
  region size 4096K, 4 young (16384K), 4 survivors (16384K)
 Metaspace       used 139998K, committed 142464K, reserved 983040K
  class space    used 19859K, committed 21056K, reserved 851968K
}
Event: 20.252 GC heap before
{Heap before GC invocations=53 (full 0):
 garbage-first heap   total 466944K, used 373032K [0x0000000680000000, 0x0000000800000000)
  region size 4096K, 29 young (118784K), 4 survivors (16384K)
 Metaspace       used 142428K, committed 144896K, reserved 983040K
  class space    used 20287K, committed 21504K, reserved 851968K
}
Event: 20.261 GC heap after
{Heap after GC invocations=54 (full 0):
 garbage-first heap   total 466944K, used 278568K [0x0000000680000000, 0x0000000800000000)
  region size 4096K, 2 young (8192K), 2 survivors (8192K)
 Metaspace       used 142428K, committed 144896K, reserved 983040K
  class space    used 20287K, committed 21504K, reserved 851968K
}
Event: 20.336 GC heap before
{Heap before GC invocations=54 (full 0):
 garbage-first heap   total 466944K, used 409640K [0x0000000680000000, 0x0000000800000000)
  region size 4096K, 34 young (139264K), 2 survivors (8192K)
 Metaspace       used 142644K, committed 145088K, reserved 983040K
  class space    used 20321K, committed 21504K, reserved 851968K
}
Event: 20.353 GC heap after
{Heap after GC invocations=55 (full 0):
 garbage-first heap   total 466944K, used 303651K [0x0000000680000000, 0x0000000800000000)
  region size 4096K, 5 young (20480K), 5 survivors (20480K)
 Metaspace       used 142644K, committed 145088K, reserved 983040K
  class space    used 20321K, committed 21504K, reserved 851968K
}
Event: 20.514 GC heap before
{Heap before GC invocations=55 (full 0):
 garbage-first heap   total 466944K, used 414243K [0x0000000680000000, 0x0000000800000000)
  region size 4096K, 32 young (131072K), 5 survivors (20480K)
 Metaspace       used 143989K, committed 146496K, reserved 983040K
  class space    used 20551K, committed 21760K, reserved 851968K
}
Event: 20.532 GC heap after
{Heap after GC invocations=56 (full 0):
 garbage-first heap   total 1028096K, used 327327K [0x0000000680000000, 0x0000000800000000)
  region size 4096K, 4 young (16384K), 4 survivors (16384K)
 Metaspace       used 143989K, committed 146496K, reserved 983040K
  class space    used 20551K, committed 21760K, reserved 851968K
}
Event: 21.634 GC heap before
{Heap before GC invocations=57 (full 0):
 garbage-first heap   total 1028096K, used 818847K [0x0000000680000000, 0x0000000800000000)
  region size 4096K, 125 young (512000K), 4 survivors (16384K)
 Metaspace       used 149548K, committed 152000K, reserved 983040K
  class space    used 21382K, committed 22592K, reserved 851968K
}
Event: 21.653 GC heap after
{Heap after GC invocations=58 (full 0):
 garbage-first heap   total 1028096K, used 350449K [0x0000000680000000, 0x0000000800000000)
  region size 4096K, 10 young (40960K), 10 survivors (40960K)
 Metaspace       used 149548K, committed 152000K, reserved 983040K
  class space    used 21382K, committed 22592K, reserved 851968K
}

