# JRE version: OpenJDK Runtime Environment (21.0.10) (build 21.0.10+-14961533-b1163.108)
# Java VM: OpenJDK 64-Bit Server VM (21.0.10+-14961533-b1163.108, mixed mode, tiered, compressed oops, compressed class ptrs, g1 gc, windows-amd64)
GC Precious Log:
 CardTable entry size: 512
 Card Set container configuration: InlinePtr #cards 4 size 8 Array Of Cards #cards 16 size 48 Howl #buckets 8 coarsen threshold 3686 Howl Bitmap #cards 512 size 80 coarsen threshold 460 Card regions per heap region 1 cards per card region 4096
 CPUs: 12 total, 12 available
 Memory: 16027M
 Large Page Support: Disabled
 NUMA Support: Disabled
 Compressed Oops: Enabled (Zero based)
 Heap Region Size: 2M
 Heap Min Capacity: 8M
 Heap Initial Capacity: 252M
 Heap Max Capacity: 4G
 Pre-touch: Disabled
 Parallel Workers: 10
 Concurrent Workers: 3
 Concurrent Refinement Workers: 10
 Periodic GC: Disabled
Heap:
 garbage-first heap   total 870400K, used 376888K [0x0000000700000000, 0x0000000800000000)
  region size 2048K, 22 young (45056K), 22 survivors (45056K)
 Metaspace       used 169431K, committed 172224K, reserved 622592K
  class space    used 23594K, committed 24960K, reserved 425984K
GC Heap History (20 events):
Event: 93.059 GC heap after
{Heap after GC invocations=60 (full 0):
 garbage-first heap   total 438272K, used 302748K [0x0000000700000000, 0x0000000800000000)
  region size 2048K, 8 young (16384K), 8 survivors (16384K)
 Metaspace       used 160465K, committed 163200K, reserved 622592K
  class space    used 22396K, committed 23744K, reserved 425984K
}
Event: 93.218 GC heap before
{Heap before GC invocations=60 (full 0):
 garbage-first heap   total 438272K, used 390812K [0x0000000700000000, 0x0000000800000000)
  region size 2048K, 52 young (106496K), 8 survivors (16384K)
 Metaspace       used 163318K, committed 166080K, reserved 622592K
  class space    used 22891K, committed 24256K, reserved 425984K
}
Event: 93.233 GC heap after
{Heap after GC invocations=61 (full 0):
 garbage-first heap   total 831488K, used 321536K [0x0000000700000000, 0x0000000800000000)
  region size 2048K, 7 young (14336K), 7 survivors (14336K)
 Metaspace       used 163318K, committed 166080K, reserved 622592K
  class space    used 22891K, committed 24256K, reserved 425984K
}
Event: 93.991 GC heap before
{Heap before GC invocations=62 (full 0):
 garbage-first heap   total 831488K, used 653312K [0x0000000700000000, 0x0000000800000000)
  region size 2048K, 170 young (348160K), 7 survivors (14336K)
 Metaspace       used 167385K, committed 170176K, reserved 622592K
  class space    used 23525K, committed 24896K, reserved 425984K
}
Event: 94.005 GC heap after
{Heap after GC invocations=63 (full 0):
 garbage-first heap   total 831488K, used 335606K [0x0000000700000000, 0x0000000800000000)
  region size 2048K, 14 young (28672K), 14 survivors (28672K)
 Metaspace       used 167385K, committed 170176K, reserved 622592K
  class space    used 23525K, committed 24896K, reserved 425984K
}
Event: 94.504 GC heap before
{Heap before GC invocations=63 (full 0):
 garbage-first heap   total 831488K, used 751350K [0x0000000700000000, 0x0000000800000000)
  region size 2048K, 217 young (444416K), 14 survivors (28672K)
 Metaspace       used 168028K, committed 170816K, reserved 622592K
  class space    used 23531K, committed 24896K, reserved 425984K
}
Event: 94.515 GC heap after
{Heap after GC invocations=64 (full 0):
 garbage-first heap   total 831488K, used 331286K [0x0000000700000000, 0x0000000800000000)
  region size 2048K, 14 young (28672K), 14 survivors (28672K)
 Metaspace       used 168028K, committed 170816K, reserved 622592K
  class space    used 23531K, committed 24896K, reserved 425984K
}
Event: 94.911 GC heap before
{Heap before GC invocations=64 (full 0):
 garbage-first heap   total 831488K, used 757270K [0x0000000700000000, 0x0000000800000000)
  region size 2048K, 223 young (456704K), 14 survivors (28672K)
 Metaspace       used 168582K, committed 171328K, reserved 622592K
  class space    used 23548K, committed 24896K, reserved 425984K
}
Event: 94.922 GC heap after
{Heap after GC invocations=65 (full 0):
 garbage-first heap   total 831488K, used 333334K [0x0000000700000000, 0x0000000800000000)
  region size 2048K, 15 young (30720K), 15 survivors (30720K)
 Metaspace       used 168582K, committed 171328K, reserved 622592K
  class space    used 23548K, committed 24896K, reserved 425984K
}
Event: 95.339 GC heap before
{Heap before GC invocations=66 (full 0):
 garbage-first heap   total 831488K, used 775702K [0x0000000700000000, 0x0000000800000000)
  region size 2048K, 232 young (475136K), 15 survivors (30720K)
 Metaspace       used 168929K, committed 171712K, reserved 622592K
  class space    used 23554K, committed 24896K, reserved 425984K
}
Event: 95.353 GC heap after
{Heap after GC invocations=67 (full 0):
 garbage-first heap   total 831488K, used 335382K [0x0000000700000000, 0x0000000800000000)
  region size 2048K, 16 young (32768K), 16 survivors (32768K)
 Metaspace       used 168929K, committed 171712K, reserved 622592K
  class space    used 23554K, committed 24896K, reserved 425984K
}
Event: 95.685 GC heap before
{Heap before GC invocations=67 (full 0):
 garbage-first heap   total 831488K, used 785942K [0x0000000700000000, 0x0000000800000000)
  region size 2048K, 237 young (485376K), 16 survivors (32768K)
 Metaspace       used 169075K, committed 171840K, reserved 622592K
  class space    used 23565K, committed 24896K, reserved 425984K
}
Event: 95.701 GC heap after
{Heap after GC invocations=68 (full 0):
 garbage-first heap   total 831488K, used 331967K [0x0000000700000000, 0x0000000800000000)
  region size 2048K, 18 young (36864K), 18 survivors (36864K)
 Metaspace       used 169075K, committed 171840K, reserved 622592K
  class space    used 23565K, committed 24896K, reserved 425984K
}
Event: 96.002 GC heap before
{Heap before GC invocations=68 (full 0):
 garbage-first heap   total 831488K, used 786623K [0x0000000700000000, 0x0000000800000000)
  region size 2048K, 242 young (495616K), 18 survivors (36864K)
 Metaspace       used 169222K, committed 171968K, reserved 622592K
  class space    used 23580K, committed 24896K, reserved 425984K
}
Event: 96.021 GC heap after
{Heap after GC invocations=69 (full 0):
 garbage-first heap   total 843776K, used 347274K [0x0000000700000000, 0x0000000800000000)
  region size 2048K, 18 young (36864K), 18 survivors (36864K)
 Metaspace       used 169222K, committed 171968K, reserved 622592K
  class space    used 23580K, committed 24896K, reserved 425984K
}
Event: 96.390 GC heap before
{Heap before GC invocations=70 (full 0):
 garbage-first heap   total 843776K, used 797834K [0x0000000700000000, 0x0000000800000000)
  region size 2048K, 238 young (487424K), 18 survivors (36864K)
 Metaspace       used 169273K, committed 172032K, reserved 622592K
  class space    used 23583K, committed 24896K, reserved 425984K
}
Event: 96.408 GC heap after
{Heap after GC invocations=71 (full 0):
 garbage-first heap   total 849920K, used 361803K [0x0000000700000000, 0x0000000800000000)
  region size 2048K, 21 young (43008K), 21 survivors (43008K)
 Metaspace       used 169273K, committed 172032K, reserved 622592K
  class space    used 23583K, committed 24896K, reserved 425984K
}
Event: 96.695 GC heap before
{Heap before GC invocations=71 (full 0):
 garbage-first heap   total 849920K, used 800075K [0x0000000700000000, 0x0000000800000000)
  region size 2048K, 236 young (483328K), 21 survivors (43008K)
 Metaspace       used 169352K, committed 172160K, reserved 622592K
  class space    used 23588K, committed 24960K, reserved 425984K
}
Event: 96.715 GC heap after
{Heap after GC invocations=72 (full 0):
 garbage-first heap   total 864256K, used 364451K [0x0000000700000000, 0x0000000800000000)
  region size 2048K, 21 young (43008K), 21 survivors (43008K)
 Metaspace       used 169352K, committed 172160K, reserved 622592K
  class space    used 23588K, committed 24960K, reserved 425984K
}
Event: 97.005 GC heap before
{Heap before GC invocations=72 (full 0):
 garbage-first heap   total 864256K, used 810915K [0x0000000700000000, 0x0000000800000000)
  region size 2048K, 240 young (491520K), 21 survivors (43008K)
 Metaspace       used 169431K, committed 172224K, reserved 622592K
  class space    used 23594K, committed 24960K, reserved 425984K
}

