# JRE version: OpenJDK Runtime Environment (21.0.10) (build 21.0.10+-14961533-b1163.108)
# Java VM: OpenJDK 64-Bit Server VM (21.0.10+-14961533-b1163.108, mixed mode, tiered, compressed oops, compressed class ptrs, g1 gc, windows-amd64)
GC Precious Log:
 CardTable entry size: 512
 Card Set container configuration: InlinePtr #cards 4 size 8 Array Of Cards #cards 16 size 48 Howl #buckets 8 coarsen threshold 3686 Howl Bitmap #cards 512 size 80 coarsen threshold 460 Card regions per heap region 1 cards per card region 4096
 CPUs: 12 total, 12 available
 Memory: 16027M
 Large Page Support: Disabled
 NUMA Support: Disabled
 Compressed Oops: Enabled (Zero based)
 Heap Region Size: 2M
 Heap Min Capacity: 8M
 Heap Initial Capacity: 252M
 Heap Max Capacity: 4G
 Pre-touch: Disabled
 Parallel Workers: 10
 Concurrent Workers: 3
 Concurrent Refinement Workers: 10
 Periodic GC: Disabled
Heap:
 garbage-first heap   total 516096K, used 345245K [0x0000000700000000, 0x0000000800000000)
  region size 2048K, 9 young (18432K), 9 survivors (18432K)
 Metaspace       used 157955K, committed 160512K, reserved 622592K
  class space    used 21891K, committed 23104K, reserved 425984K
GC Heap History (20 events):
Event: 26.448 GC heap after
{Heap after GC invocations=53 (full 0):
 garbage-first heap   total 342016K, used 167936K [0x0000000700000000, 0x0000000800000000)
  region size 2048K, 8 young (16384K), 8 survivors (16384K)
 Metaspace       used 134030K, committed 136448K, reserved 557056K
  class space    used 18450K, committed 19648K, reserved 425984K
}
Event: 26.652 GC heap before
{Heap before GC invocations=53 (full 0):
 garbage-first heap   total 342016K, used 301056K [0x0000000700000000, 0x0000000800000000)
  region size 2048K, 74 young (151552K), 8 survivors (16384K)
 Metaspace       used 134131K, committed 136576K, reserved 557056K
  class space    used 18460K, committed 19648K, reserved 425984K
}
Event: 26.681 GC heap after
{Heap after GC invocations=54 (full 0):
 garbage-first heap   total 350208K, used 183867K [0x0000000700000000, 0x0000000800000000)
  region size 2048K, 10 young (20480K), 10 survivors (20480K)
 Metaspace       used 134131K, committed 136576K, reserved 557056K
  class space    used 18460K, committed 19648K, reserved 425984K
}
Event: 27.869 GC heap before
{Heap before GC invocations=54 (full 0):
 garbage-first heap   total 350208K, used 296507K [0x0000000700000000, 0x0000000800000000)
  region size 2048K, 65 young (133120K), 10 survivors (20480K)
 Metaspace       used 140841K, committed 143296K, reserved 557056K
  class space    used 19481K, committed 20672K, reserved 425984K
}
Event: 27.915 GC heap after
{Heap after GC invocations=55 (full 0):
 garbage-first heap   total 507904K, used 196421K [0x0000000700000000, 0x0000000800000000)
  region size 2048K, 9 young (18432K), 9 survivors (18432K)
 Metaspace       used 140841K, committed 143296K, reserved 557056K
  class space    used 19481K, committed 20672K, reserved 425984K
}
Event: 29.306 GC heap before
{Heap before GC invocations=56 (full 0):
 garbage-first heap   total 507904K, used 405317K [0x0000000700000000, 0x0000000800000000)
  region size 2048K, 102 young (208896K), 9 survivors (18432K)
 Metaspace       used 147879K, committed 150336K, reserved 557056K
  class space    used 20693K, committed 21888K, reserved 425984K
}
Event: 29.323 GC heap after
{Heap after GC invocations=57 (full 0):
 garbage-first heap   total 507904K, used 219462K [0x0000000700000000, 0x0000000800000000)
  region size 2048K, 8 young (16384K), 8 survivors (16384K)
 Metaspace       used 147879K, committed 150336K, reserved 557056K
  class space    used 20693K, committed 21888K, reserved 425984K
}
Event: 30.195 GC heap before
{Heap before GC invocations=57 (full 0):
 garbage-first heap   total 507904K, used 434502K [0x0000000700000000, 0x0000000800000000)
  region size 2048K, 112 young (229376K), 8 survivors (16384K)
 Metaspace       used 149851K, committed 152320K, reserved 557056K
  class space    used 20968K, committed 22144K, reserved 425984K
}
Event: 30.205 GC heap after
{Heap after GC invocations=58 (full 0):
 garbage-first heap   total 507904K, used 208406K [0x0000000700000000, 0x0000000800000000)
  region size 2048K, 5 young (10240K), 5 survivors (10240K)
 Metaspace       used 149851K, committed 152320K, reserved 557056K
  class space    used 20968K, committed 22144K, reserved 425984K
}
Event: 31.684 GC heap before
{Heap before GC invocations=58 (full 0):
 garbage-first heap   total 507904K, used 448022K [0x0000000700000000, 0x0000000800000000)
  region size 2048K, 123 young (251904K), 5 survivors (10240K)
 Metaspace       used 152717K, committed 155200K, reserved 622592K
  class space    used 21307K, committed 22464K, reserved 425984K
}
Event: 31.703 GC heap after
{Heap after GC invocations=59 (full 0):
 garbage-first heap   total 507904K, used 214183K [0x0000000700000000, 0x0000000800000000)
  region size 2048K, 8 young (16384K), 8 survivors (16384K)
 Metaspace       used 152717K, committed 155200K, reserved 622592K
  class space    used 21307K, committed 22464K, reserved 425984K
}
Event: 32.663 GC heap before
{Heap before GC invocations=60 (full 0):
 garbage-first heap   total 507904K, used 453799K [0x0000000700000000, 0x0000000800000000)
  region size 2048K, 126 young (258048K), 8 survivors (16384K)
 Metaspace       used 156454K, committed 159040K, reserved 622592K
  class space    used 21808K, committed 23040K, reserved 425984K
}
Event: 32.684 GC heap after
{Heap after GC invocations=61 (full 0):
 garbage-first heap   total 516096K, used 257390K [0x0000000700000000, 0x0000000800000000)
  region size 2048K, 16 young (32768K), 16 survivors (32768K)
 Metaspace       used 156454K, committed 159040K, reserved 622592K
  class space    used 21808K, committed 23040K, reserved 425984K
}
Event: 32.918 GC heap before
{Heap before GC invocations=61 (full 0):
 garbage-first heap   total 516096K, used 441710K [0x0000000700000000, 0x0000000800000000)
  region size 2048K, 107 young (219136K), 16 survivors (32768K)
 Metaspace       used 156774K, committed 159424K, reserved 622592K
  class space    used 21844K, committed 23104K, reserved 425984K
}
Event: 32.951 GC heap after
{Heap after GC invocations=62 (full 0):
 garbage-first heap   total 516096K, used 277842K [0x0000000700000000, 0x0000000800000000)
  region size 2048K, 14 young (28672K), 14 survivors (28672K)
 Metaspace       used 156774K, committed 159424K, reserved 622592K
  class space    used 21844K, committed 23104K, reserved 425984K
}
Event: 33.173 GC heap before
{Heap before GC invocations=62 (full 0):
 garbage-first heap   total 516096K, used 437586K [0x0000000700000000, 0x0000000800000000)
  region size 2048K, 92 young (188416K), 14 survivors (28672K)
 Metaspace       used 157155K, committed 159744K, reserved 622592K
  class space    used 21852K, committed 23104K, reserved 425984K
}
Event: 33.208 GC heap after
{Heap after GC invocations=63 (full 0):
 garbage-first heap   total 516096K, used 311849K [0x0000000700000000, 0x0000000800000000)
  region size 2048K, 12 young (24576K), 12 survivors (24576K)
 Metaspace       used 157155K, committed 159744K, reserved 622592K
  class space    used 21852K, committed 23104K, reserved 425984K
}
Event: 33.506 GC heap before
{Heap before GC invocations=63 (full 0):
 garbage-first heap   total 516096K, used 426537K [0x0000000700000000, 0x0000000800000000)
  region size 2048K, 76 young (155648K), 12 survivors (24576K)
 Metaspace       used 157582K, committed 160128K, reserved 622592K
  class space    used 21877K, committed 23104K, reserved 425984K
}
Event: 33.534 GC heap after
{Heap after GC invocations=64 (full 0):
 garbage-first heap   total 516096K, used 323508K [0x0000000700000000, 0x0000000800000000)
  region size 2048K, 10 young (20480K), 10 survivors (20480K)
 Metaspace       used 157582K, committed 160128K, reserved 622592K
  class space    used 21877K, committed 23104K, reserved 425984K
}
Event: 33.825 GC heap before
{Heap before GC invocations=65 (full 0):
 garbage-first heap   total 516096K, used 446388K [0x0000000700000000, 0x0000000800000000)
  region size 2048K, 71 young (145408K), 10 survivors (20480K)
 Metaspace       used 157955K, committed 160512K, reserved 622592K
  class space    used 21891K, committed 23104K, reserved 425984K
}

