# JRE version: OpenJDK Runtime Environment (21.0.10) (build 21.0.10+-14961533-b1163.108)
# Java VM: OpenJDK 64-Bit Server VM (21.0.10+-14961533-b1163.108, mixed mode, tiered, compressed oops, compressed class ptrs, g1 gc, windows-amd64)
GC Precious Log:
 CardTable entry size: 512
 Card Set container configuration: InlinePtr #cards 4 size 8 Array Of Cards #cards 16 size 48 Howl #buckets 8 coarsen threshold 3686 Howl Bitmap #cards 512 size 80 coarsen threshold 460 Card regions per heap region 1 cards per card region 4096
 CPUs: 12 total, 12 available
 Memory: 16027M
 Large Page Support: Disabled
 NUMA Support: Disabled
 Compressed Oops: Enabled (Zero based)
 Heap Region Size: 2M
 Heap Min Capacity: 8M
 Heap Initial Capacity: 252M
 Heap Max Capacity: 4G
 Pre-touch: Disabled
 Parallel Workers: 10
 Concurrent Workers: 3
 Concurrent Refinement Workers: 10
 Periodic GC: Disabled
Heap:
 garbage-first heap   total 389120K, used 282321K [0x0000000700000000, 0x0000000800000000)
  region size 2048K, 5 young (10240K), 5 survivors (10240K)
 Metaspace       used 183654K, committed 186176K, reserved 622592K
  class space    used 23927K, committed 25152K, reserved 425984K
GC Heap History (20 events):
Event: 92.641 GC heap after
{Heap after GC invocations=58 (full 0):
 garbage-first heap   total 344064K, used 228983K [0x0000000700000000, 0x0000000800000000)
  region size 2048K, 7 young (14336K), 7 survivors (14336K)
 Metaspace       used 180298K, committed 182784K, reserved 622592K
  class space    used 23771K, committed 24960K, reserved 425984K
}
Event: 92.696 GC heap before
{Heap before GC invocations=58 (full 0):
 garbage-first heap   total 344064K, used 294519K [0x0000000700000000, 0x0000000800000000)
  region size 2048K, 39 young (79872K), 7 survivors (14336K)
 Metaspace       used 180298K, committed 182784K, reserved 622592K
  class space    used 23771K, committed 24960K, reserved 425984K
}
Event: 92.712 GC heap after
{Heap after GC invocations=59 (full 0):
 garbage-first heap   total 348160K, used 245760K [0x0000000700000000, 0x0000000800000000)
  region size 2048K, 5 young (10240K), 5 survivors (10240K)
 Metaspace       used 180298K, committed 182784K, reserved 622592K
  class space    used 23771K, committed 24960K, reserved 425984K
}
Event: 92.961 GC heap before
{Heap before GC invocations=59 (full 0):
 garbage-first heap   total 348160K, used 299008K [0x0000000700000000, 0x0000000800000000)
  region size 2048K, 31 young (63488K), 5 survivors (10240K)
 Metaspace       used 180506K, committed 182976K, reserved 622592K
  class space    used 23773K, committed 24960K, reserved 425984K
}
Event: 92.969 GC heap after
{Heap after GC invocations=60 (full 0):
 garbage-first heap   total 348160K, used 262144K [0x0000000700000000, 0x0000000800000000)
  region size 2048K, 4 young (8192K), 4 survivors (8192K)
 Metaspace       used 180506K, committed 182976K, reserved 622592K
  class space    used 23773K, committed 24960K, reserved 425984K
}
Event: 93.289 GC heap before
{Heap before GC invocations=61 (full 0):
 garbage-first heap   total 389120K, used 276480K [0x0000000700000000, 0x0000000800000000)
  region size 2048K, 26 young (53248K), 4 survivors (8192K)
 Metaspace       used 180909K, committed 183360K, reserved 622592K
  class space    used 23783K, committed 24960K, reserved 425984K
}
Event: 93.298 GC heap after
{Heap after GC invocations=62 (full 0):
 garbage-first heap   total 389120K, used 247808K [0x0000000700000000, 0x0000000800000000)
  region size 2048K, 4 young (8192K), 4 survivors (8192K)
 Metaspace       used 180909K, committed 183360K, reserved 622592K
  class space    used 23783K, committed 24960K, reserved 425984K
}
Event: 94.121 GC heap before
{Heap before GC invocations=62 (full 0):
 garbage-first heap   total 389120K, used 325632K [0x0000000700000000, 0x0000000800000000)
  region size 2048K, 42 young (86016K), 4 survivors (8192K)
 Metaspace       used 181704K, committed 184192K, reserved 622592K
  class space    used 23826K, committed 25024K, reserved 425984K
}
Event: 94.131 GC heap after
{Heap after GC invocations=63 (full 0):
 garbage-first heap   total 389120K, used 225562K [0x0000000700000000, 0x0000000800000000)
  region size 2048K, 6 young (12288K), 6 survivors (12288K)
 Metaspace       used 181704K, committed 184192K, reserved 622592K
  class space    used 23826K, committed 25024K, reserved 425984K
}
Event: 119.646 GC heap before
{Heap before GC invocations=63 (full 0):
 garbage-first heap   total 389120K, used 317722K [0x0000000700000000, 0x0000000800000000)
  region size 2048K, 51 young (104448K), 6 survivors (12288K)
 Metaspace       used 182483K, committed 185088K, reserved 622592K
  class space    used 23912K, committed 25152K, reserved 425984K
}
Event: 119.658 GC heap after
{Heap after GC invocations=64 (full 0):
 garbage-first heap   total 389120K, used 223323K [0x0000000700000000, 0x0000000800000000)
  region size 2048K, 7 young (14336K), 7 survivors (14336K)
 Metaspace       used 182483K, committed 185088K, reserved 622592K
  class space    used 23912K, committed 25152K, reserved 425984K
}
Event: 119.770 GC heap before
{Heap before GC invocations=64 (full 0):
 garbage-first heap   total 389120K, used 321627K [0x0000000700000000, 0x0000000800000000)
  region size 2048K, 55 young (112640K), 7 survivors (14336K)
 Metaspace       used 182530K, committed 185088K, reserved 622592K
  class space    used 23912K, committed 25152K, reserved 425984K
}
Event: 119.783 GC heap after
{Heap after GC invocations=65 (full 0):
 garbage-first heap   total 389120K, used 262144K [0x0000000700000000, 0x0000000800000000)
  region size 2048K, 7 young (14336K), 7 survivors (14336K)
 Metaspace       used 182530K, committed 185088K, reserved 622592K
  class space    used 23912K, committed 25152K, reserved 425984K
}
Event: 120.165 GC heap before
{Heap before GC invocations=66 (full 0):
 garbage-first heap   total 389120K, used 288768K [0x0000000700000000, 0x0000000800000000)
  region size 2048K, 41 young (83968K), 7 survivors (14336K)
 Metaspace       used 182824K, committed 185344K, reserved 622592K
  class space    used 23916K, committed 25152K, reserved 425984K
}
Event: 120.175 GC heap after
{Heap after GC invocations=67 (full 0):
 garbage-first heap   total 389120K, used 242385K [0x0000000700000000, 0x0000000800000000)
  region size 2048K, 6 young (12288K), 6 survivors (12288K)
 Metaspace       used 182824K, committed 185344K, reserved 622592K
  class space    used 23916K, committed 25152K, reserved 425984K
}
Event: 120.274 GC heap before
{Heap before GC invocations=67 (full 0):
 garbage-first heap   total 389120K, used 322257K [0x0000000700000000, 0x0000000800000000)
  region size 2048K, 45 young (92160K), 6 survivors (12288K)
 Metaspace       used 182832K, committed 185408K, reserved 622592K
  class space    used 23916K, committed 25152K, reserved 425984K
}
Event: 120.291 GC heap after
{Heap after GC invocations=68 (full 0):
 garbage-first heap   total 389120K, used 247808K [0x0000000700000000, 0x0000000800000000)
  region size 2048K, 6 young (12288K), 6 survivors (12288K)
 Metaspace       used 182832K, committed 185408K, reserved 622592K
  class space    used 23916K, committed 25152K, reserved 425984K
}
Event: 120.473 GC heap before
{Heap before GC invocations=68 (full 0):
 garbage-first heap   total 389120K, used 321536K [0x0000000700000000, 0x0000000800000000)
  region size 2048K, 42 young (86016K), 6 survivors (12288K)
 Metaspace       used 182875K, committed 185408K, reserved 622592K
  class space    used 23916K, committed 25152K, reserved 425984K
}
Event: 120.491 GC heap after
{Heap after GC invocations=69 (full 0):
 garbage-first heap   total 389120K, used 266240K [0x0000000700000000, 0x0000000800000000)
  region size 2048K, 6 young (12288K), 6 survivors (12288K)
 Metaspace       used 182875K, committed 185408K, reserved 622592K
  class space    used 23916K, committed 25152K, reserved 425984K
}
Event: 121.105 GC heap before
{Heap before GC invocations=69 (full 0):
 garbage-first heap   total 389120K, used 329728K [0x0000000700000000, 0x0000000800000000)
  region size 2048K, 37 young (75776K), 6 survivors (12288K)
 Metaspace       used 183654K, committed 186176K, reserved 622592K
  class space    used 23927K, committed 25152K, reserved 425984K
}

