# JRE version: OpenJDK Runtime Environment (21.0.10) (build 21.0.10+-14961533-b1163.108)
# Java VM: OpenJDK 64-Bit Server VM (21.0.10+-14961533-b1163.108, mixed mode, tiered, compressed oops, compressed class ptrs, g1 gc, windows-amd64)
GC Precious Log:
 CardTable entry size: 512
 Card Set container configuration: InlinePtr #cards 4 size 8 Array Of Cards #cards 16 size 48 Howl #buckets 8 coarsen threshold 3686 Howl Bitmap #cards 512 size 80 coarsen threshold 460 Card regions per heap region 1 cards per card region 4096
 CPUs: 12 total, 12 available
 Memory: 16027M
 Large Page Support: Disabled
 NUMA Support: Disabled
 Compressed Oops: Enabled (Zero based)
 Heap Region Size: 2M
 Heap Min Capacity: 8M
 Heap Initial Capacity: 252M
 Heap Max Capacity: 4G
 Pre-touch: Disabled
 Parallel Workers: 10
 Concurrent Workers: 3
 Concurrent Refinement Workers: 10
 Periodic GC: Disabled
Heap:
 garbage-first heap   total 626688K, used 549524K [0x0000000700000000, 0x0000000800000000)
  region size 2048K, 173 young (354304K), 16 survivors (32768K)
 Metaspace       used 194889K, committed 197440K, reserved 622592K
  class space    used 25679K, committed 26944K, reserved 425984K
GC Heap History (20 events):
Event: 69.175 GC heap after
{Heap after GC invocations=72 (full 0):
 garbage-first heap   total 608256K, used 171666K [0x0000000700000000, 0x0000000800000000)
  region size 2048K, 6 young (12288K), 6 survivors (12288K)
 Metaspace       used 123534K, committed 125952K, reserved 557056K
  class space    used 17266K, committed 18432K, reserved 425984K
}
Event: 72.179 GC heap before
{Heap before GC invocations=72 (full 0):
 garbage-first heap   total 608256K, used 528018K [0x0000000700000000, 0x0000000800000000)
  region size 2048K, 178 young (364544K), 6 survivors (12288K)
 Metaspace       used 143582K, committed 146048K, reserved 557056K
  class space    used 20150K, committed 21376K, reserved 425984K
}
Event: 72.194 GC heap after
{Heap after GC invocations=73 (full 0):
 garbage-first heap   total 608256K, used 190635K [0x0000000700000000, 0x0000000800000000)
  region size 2048K, 15 young (30720K), 15 survivors (30720K)
 Metaspace       used 143582K, committed 146048K, reserved 557056K
  class space    used 20150K, committed 21376K, reserved 425984K
}
Event: 73.274 GC heap before
{Heap before GC invocations=73 (full 0):
 garbage-first heap   total 608256K, used 524459K [0x0000000700000000, 0x0000000800000000)
  region size 2048K, 178 young (364544K), 15 survivors (30720K)
 Metaspace       used 144625K, committed 147072K, reserved 557056K
  class space    used 20204K, committed 21376K, reserved 425984K
}
Event: 73.285 GC heap after
{Heap after GC invocations=74 (full 0):
 garbage-first heap   total 608256K, used 198227K [0x0000000700000000, 0x0000000800000000)
  region size 2048K, 16 young (32768K), 16 survivors (32768K)
 Metaspace       used 144625K, committed 147072K, reserved 557056K
  class space    used 20204K, committed 21376K, reserved 425984K
}
Event: 73.957 GC heap before
{Heap before GC invocations=74 (full 0):
 garbage-first heap   total 608256K, used 530003K [0x0000000700000000, 0x0000000800000000)
  region size 2048K, 178 young (364544K), 16 survivors (32768K)
 Metaspace       used 144652K, committed 147072K, reserved 557056K
  class space    used 20206K, committed 21376K, reserved 425984K
}
Event: 73.968 GC heap after
{Heap after GC invocations=75 (full 0):
 garbage-first heap   total 608256K, used 197133K [0x0000000700000000, 0x0000000800000000)
  region size 2048K, 3 young (6144K), 3 survivors (6144K)
 Metaspace       used 144652K, committed 147072K, reserved 557056K
  class space    used 20206K, committed 21376K, reserved 425984K
}
Event: 74.670 GC heap before
{Heap before GC invocations=75 (full 0):
 garbage-first heap   total 608256K, used 555533K [0x0000000700000000, 0x0000000800000000)
  region size 2048K, 178 young (364544K), 3 survivors (6144K)
 Metaspace       used 144669K, committed 147136K, reserved 557056K
  class space    used 20210K, committed 21440K, reserved 425984K
}
Event: 74.673 GC heap after
{Heap after GC invocations=76 (full 0):
 garbage-first heap   total 608256K, used 191944K [0x0000000700000000, 0x0000000800000000)
  region size 2048K, 1 young (2048K), 1 survivors (2048K)
 Metaspace       used 144669K, committed 147136K, reserved 557056K
  class space    used 20210K, committed 21440K, reserved 425984K
}
Event: 75.307 GC heap before
{Heap before GC invocations=77 (full 0):
 garbage-first heap   total 608256K, used 554440K [0x0000000700000000, 0x0000000800000000)
  region size 2048K, 178 young (364544K), 1 survivors (2048K)
 Metaspace       used 144675K, committed 147200K, reserved 557056K
  class space    used 20210K, committed 21440K, reserved 425984K
}
Event: 75.311 GC heap after
{Heap after GC invocations=78 (full 0):
 garbage-first heap   total 608256K, used 197462K [0x0000000700000000, 0x0000000800000000)
  region size 2048K, 4 young (8192K), 4 survivors (8192K)
 Metaspace       used 144675K, committed 147200K, reserved 557056K
  class space    used 20210K, committed 21440K, reserved 425984K
}
Event: 75.771 GC heap before
{Heap before GC invocations=78 (full 0):
 garbage-first heap   total 608256K, used 551766K [0x0000000700000000, 0x0000000800000000)
  region size 2048K, 178 young (364544K), 4 survivors (8192K)
 Metaspace       used 144675K, committed 147200K, reserved 557056K
  class space    used 20210K, committed 21440K, reserved 425984K
}
Event: 75.775 GC heap after
{Heap after GC invocations=79 (full 0):
 garbage-first heap   total 608256K, used 190350K [0x0000000700000000, 0x0000000800000000)
  region size 2048K, 2 young (4096K), 2 survivors (4096K)
 Metaspace       used 144675K, committed 147200K, reserved 557056K
  class space    used 20210K, committed 21440K, reserved 425984K
}
Event: 76.203 GC heap before
{Heap before GC invocations=79 (full 0):
 garbage-first heap   total 608256K, used 550798K [0x0000000700000000, 0x0000000800000000)
  region size 2048K, 178 young (364544K), 2 survivors (4096K)
 Metaspace       used 144675K, committed 147200K, reserved 557056K
  class space    used 20210K, committed 21440K, reserved 425984K
}
Event: 76.205 GC heap after
{Heap after GC invocations=80 (full 0):
 garbage-first heap   total 608256K, used 188126K [0x0000000700000000, 0x0000000800000000)
  region size 2048K, 1 young (2048K), 1 survivors (2048K)
 Metaspace       used 144675K, committed 147200K, reserved 557056K
  class space    used 20210K, committed 21440K, reserved 425984K
}
Event: 76.757 GC heap before
{Heap before GC invocations=81 (full 0):
 garbage-first heap   total 608256K, used 550622K [0x0000000700000000, 0x0000000800000000)
  region size 2048K, 178 young (364544K), 1 survivors (2048K)
 Metaspace       used 144678K, committed 147200K, reserved 557056K
  class space    used 20210K, committed 21440K, reserved 425984K
}
Event: 76.760 GC heap after
{Heap after GC invocations=82 (full 0):
 garbage-first heap   total 608256K, used 188154K [0x0000000700000000, 0x0000000800000000)
  region size 2048K, 1 young (2048K), 1 survivors (2048K)
 Metaspace       used 144678K, committed 147200K, reserved 557056K
  class space    used 20210K, committed 21440K, reserved 425984K
}
Event: 79.176 GC heap before
{Heap before GC invocations=82 (full 0):
 garbage-first heap   total 608256K, used 548602K [0x0000000700000000, 0x0000000800000000)
  region size 2048K, 178 young (364544K), 1 survivors (2048K)
 Metaspace       used 164785K, committed 167424K, reserved 622592K
  class space    used 22591K, committed 23872K, reserved 425984K
}
Event: 79.201 GC heap after
{Heap after GC invocations=83 (full 0):
 garbage-first heap   total 608256K, used 227988K [0x0000000700000000, 0x0000000800000000)
  region size 2048K, 21 young (43008K), 21 survivors (43008K)
 Metaspace       used 164785K, committed 167424K, reserved 622592K
  class space    used 22591K, committed 23872K, reserved 425984K
}
Event: 82.803 GC heap before
{Heap before GC invocations=83 (full 0):
 garbage-first heap   total 608256K, used 547476K [0x0000000700000000, 0x0000000800000000)
  region size 2048K, 178 young (364544K), 21 survivors (43008K)
 Metaspace       used 194889K, committed 197440K, reserved 622592K
  class space    used 25679K, committed 26944K, reserved 425984K
}

