# JRE version: OpenJDK Runtime Environment (21.0.10) (build 21.0.10+-14961533-b1163.108)
# Java VM: OpenJDK 64-Bit Server VM (21.0.10+-14961533-b1163.108, mixed mode, tiered, compressed oops, compressed class ptrs, g1 gc, windows-amd64)
GC Precious Log:
 CardTable entry size: 512
 Card Set container configuration: InlinePtr #cards 4 size 8 Array Of Cards #cards 16 size 48 Howl #buckets 8 coarsen threshold 3686 Howl Bitmap #cards 512 size 80 coarsen threshold 460 Card regions per heap region 1 cards per card region 4096
 CPUs: 12 total, 12 available
 Memory: 16027M
 Large Page Support: Disabled
 NUMA Support: Disabled
 Compressed Oops: Enabled (Zero based)
 Heap Region Size: 2M
 Heap Min Capacity: 8M
 Heap Initial Capacity: 252M
 Heap Max Capacity: 4G
 Pre-touch: Disabled
 Parallel Workers: 10
 Concurrent Workers: 3
 Concurrent Refinement Workers: 10
 Periodic GC: Disabled
Heap:
 garbage-first heap   total 489472K, used 269015K [0x0000000700000000, 0x0000000800000000)
  region size 2048K, 4 young (8192K), 4 survivors (8192K)
 Metaspace       used 222912K, committed 225792K, reserved 622592K
  class space    used 29021K, committed 30400K, reserved 425984K
GC Heap History (20 events):
Event: 35.792 GC heap after
{Heap after GC invocations=52 (full 0):
 garbage-first heap   total 395264K, used 179470K [0x0000000700000000, 0x0000000800000000)
  region size 2048K, 4 young (8192K), 4 survivors (8192K)
 Metaspace       used 199215K, committed 201792K, reserved 622592K
  class space    used 26295K, committed 27520K, reserved 425984K
}
Event: 40.355 GC heap before
{Heap before GC invocations=52 (full 0):
 garbage-first heap   total 395264K, used 363790K [0x0000000700000000, 0x0000000800000000)
  region size 2048K, 94 young (192512K), 4 survivors (8192K)
 Metaspace       used 200764K, committed 203392K, reserved 622592K
  class space    used 26474K, committed 27712K, reserved 425984K
}
Event: 40.368 GC heap after
{Heap after GC invocations=53 (full 0):
 garbage-first heap   total 395264K, used 181153K [0x0000000700000000, 0x0000000800000000)
  region size 2048K, 8 young (16384K), 8 survivors (16384K)
 Metaspace       used 200764K, committed 203392K, reserved 622592K
  class space    used 26474K, committed 27712K, reserved 425984K
}
Event: 93.249 GC heap before
{Heap before GC invocations=53 (full 0):
 garbage-first heap   total 395264K, used 361377K [0x0000000700000000, 0x0000000800000000)
  region size 2048K, 96 young (196608K), 8 survivors (16384K)
 Metaspace       used 209440K, committed 212288K, reserved 622592K
  class space    used 27563K, committed 28928K, reserved 425984K
}
Event: 93.271 GC heap after
{Heap after GC invocations=54 (full 0):
 garbage-first heap   total 395264K, used 195786K [0x0000000700000000, 0x0000000800000000)
  region size 2048K, 12 young (24576K), 12 survivors (24576K)
 Metaspace       used 209440K, committed 212288K, reserved 622592K
  class space    used 27563K, committed 28928K, reserved 425984K
}
Event: 94.838 GC heap before
{Heap before GC invocations=55 (full 0):
 garbage-first heap   total 395264K, used 357578K [0x0000000700000000, 0x0000000800000000)
  region size 2048K, 92 young (188416K), 12 survivors (24576K)
 Metaspace       used 211949K, committed 214784K, reserved 622592K
  class space    used 27931K, committed 29312K, reserved 425984K
}
Event: 94.863 GC heap after
{Heap after GC invocations=56 (full 0):
 garbage-first heap   total 407552K, used 216257K [0x0000000700000000, 0x0000000800000000)
  region size 2048K, 11 young (22528K), 11 survivors (22528K)
 Metaspace       used 211949K, committed 214784K, reserved 622592K
  class space    used 27931K, committed 29312K, reserved 425984K
}
Event: 96.702 GC heap before
{Heap before GC invocations=56 (full 0):
 garbage-first heap   total 407552K, used 373953K [0x0000000700000000, 0x0000000800000000)
  region size 2048K, 84 young (172032K), 11 survivors (22528K)
 Metaspace       used 213915K, committed 216768K, reserved 622592K
  class space    used 28127K, committed 29504K, reserved 425984K
}
Event: 96.744 GC heap after
{Heap after GC invocations=57 (full 0):
 garbage-first heap   total 452608K, used 264061K [0x0000000700000000, 0x0000000800000000)
  region size 2048K, 11 young (22528K), 11 survivors (22528K)
 Metaspace       used 213915K, committed 216768K, reserved 622592K
  class space    used 28127K, committed 29504K, reserved 425984K
}
Event: 97.161 GC heap before
{Heap before GC invocations=57 (full 0):
 garbage-first heap   total 452608K, used 288637K [0x0000000700000000, 0x0000000800000000)
  region size 2048K, 25 young (51200K), 11 survivors (22528K)
 Metaspace       used 214360K, committed 217152K, reserved 622592K
  class space    used 28173K, committed 29504K, reserved 425984K
}
Event: 97.177 GC heap after
{Heap after GC invocations=58 (full 0):
 garbage-first heap   total 452608K, used 273116K [0x0000000700000000, 0x0000000800000000)
  region size 2048K, 4 young (8192K), 4 survivors (8192K)
 Metaspace       used 214360K, committed 217152K, reserved 622592K
  class space    used 28173K, committed 29504K, reserved 425984K
}
Event: 98.649 GC heap before
{Heap before GC invocations=59 (full 0):
 garbage-first heap   total 468992K, used 379612K [0x0000000700000000, 0x0000000800000000)
  region size 2048K, 53 young (108544K), 4 survivors (8192K)
 Metaspace       used 217280K, committed 220160K, reserved 622592K
  class space    used 28496K, committed 29888K, reserved 425984K
}
Event: 98.662 GC heap after
{Heap after GC invocations=60 (full 0):
 garbage-first heap   total 468992K, used 278550K [0x0000000700000000, 0x0000000800000000)
  region size 2048K, 7 young (14336K), 7 survivors (14336K)
 Metaspace       used 217280K, committed 220160K, reserved 622592K
  class space    used 28496K, committed 29888K, reserved 425984K
}
Event: 99.177 GC heap before
{Heap before GC invocations=60 (full 0):
 garbage-first heap   total 468992K, used 417814K [0x0000000700000000, 0x0000000800000000)
  region size 2048K, 62 young (126976K), 7 survivors (14336K)
 Metaspace       used 219456K, committed 222336K, reserved 622592K
  class space    used 28676K, committed 30080K, reserved 425984K
}
Event: 99.190 GC heap after
{Heap after GC invocations=61 (full 0):
 garbage-first heap   total 468992K, used 288602K [0x0000000700000000, 0x0000000800000000)
  region size 2048K, 8 young (16384K), 8 survivors (16384K)
 Metaspace       used 219456K, committed 222336K, reserved 622592K
  class space    used 28676K, committed 30080K, reserved 425984K
}
Event: 99.533 GC heap before
{Heap before GC invocations=61 (full 0):
 garbage-first heap   total 468992K, used 397146K [0x0000000700000000, 0x0000000800000000)
  region size 2048K, 62 young (126976K), 8 survivors (16384K)
 Metaspace       used 221824K, committed 224640K, reserved 622592K
  class space    used 28914K, committed 30272K, reserved 425984K
}
Event: 99.543 GC heap after
{Heap after GC invocations=62 (full 0):
 garbage-first heap   total 468992K, used 298989K [0x0000000700000000, 0x0000000800000000)
  region size 2048K, 5 young (10240K), 5 survivors (10240K)
 Metaspace       used 221824K, committed 224640K, reserved 622592K
  class space    used 28914K, committed 30272K, reserved 425984K
}
Event: 99.996 GC heap before
{Heap before GC invocations=63 (full 0):
 garbage-first heap   total 489472K, used 399341K [0x0000000700000000, 0x0000000800000000)
  region size 2048K, 59 young (120832K), 5 survivors (10240K)
 Metaspace       used 222418K, committed 225280K, reserved 622592K
  class space    used 28956K, committed 30336K, reserved 425984K
}
Event: 100.002 GC heap after
{Heap after GC invocations=64 (full 0):
 garbage-first heap   total 489472K, used 292289K [0x0000000700000000, 0x0000000800000000)
  region size 2048K, 3 young (6144K), 3 survivors (6144K)
 Metaspace       used 222418K, committed 225280K, reserved 622592K
  class space    used 28956K, committed 30336K, reserved 425984K
}
Event: 100.504 GC heap before
{Heap before GC invocations=64 (full 0):
 garbage-first heap   total 489472K, used 425409K [0x0000000700000000, 0x0000000800000000)
  region size 2048K, 69 young (141312K), 3 survivors (6144K)
 Metaspace       used 222912K, committed 225792K, reserved 622592K
  class space    used 29021K, committed 30400K, reserved 425984K
}

