# JRE version: OpenJDK Runtime Environment (21.0.10) (build 21.0.10+-14961533-b1163.108)
# Java VM: OpenJDK 64-Bit Server VM (21.0.10+-14961533-b1163.108, mixed mode, tiered, compressed oops, compressed class ptrs, g1 gc, windows-amd64)
GC Precious Log:
 CardTable entry size: 512
 Card Set container configuration: InlinePtr #cards 4 size 8 Array Of Cards #cards 16 size 48 Howl #buckets 8 coarsen threshold 3686 Howl Bitmap #cards 512 size 80 coarsen threshold 460 Card regions per heap region 1 cards per card region 4096
 CPUs: 12 total, 12 available
 Memory: 16027M
 Large Page Support: Disabled
 NUMA Support: Disabled
 Compressed Oops: Enabled (Zero based)
 Heap Region Size: 2M
 Heap Min Capacity: 8M
 Heap Initial Capacity: 252M
 Heap Max Capacity: 4G
 Pre-touch: Disabled
 Parallel Workers: 10
 Concurrent Workers: 3
 Concurrent Refinement Workers: 10
 Periodic GC: Disabled
Heap:
 garbage-first heap   total 397312K, used 286237K [0x0000000700000000, 0x0000000800000000)
  region size 2048K, 7 young (14336K), 7 survivors (14336K)
 Metaspace       used 133964K, committed 136384K, reserved 557056K
  class space    used 19428K, committed 20608K, reserved 425984K
GC Heap History (20 events):
Event: 15.352 GC heap after
{Heap after GC invocations=42 (full 0):
 garbage-first heap   total 258048K, used 132464K [0x0000000700000000, 0x0000000800000000)
  region size 2048K, 6 young (12288K), 6 survivors (12288K)
 Metaspace       used 120870K, committed 123328K, reserved 557056K
  class space    used 17203K, committed 18368K, reserved 425984K
}
Event: 15.558 GC heap before
{Heap before GC invocations=42 (full 0):
 garbage-first heap   total 258048K, used 234864K [0x0000000700000000, 0x0000000800000000)
  region size 2048K, 57 young (116736K), 6 survivors (12288K)
 Metaspace       used 121673K, committed 124096K, reserved 557056K
  class space    used 17331K, committed 18496K, reserved 425984K
}
Event: 15.568 GC heap after
{Heap after GC invocations=43 (full 0):
 garbage-first heap   total 276480K, used 157997K [0x0000000700000000, 0x0000000800000000)
  region size 2048K, 8 young (16384K), 8 survivors (16384K)
 Metaspace       used 121673K, committed 124096K, reserved 557056K
  class space    used 17331K, committed 18496K, reserved 425984K
}
Event: 15.819 GC heap before
{Heap before GC invocations=44 (full 0):
 garbage-first heap   total 276480K, used 235821K [0x0000000700000000, 0x0000000800000000)
  region size 2048K, 47 young (96256K), 8 survivors (16384K)
 Metaspace       used 122648K, committed 125056K, reserved 557056K
  class space    used 17466K, committed 18624K, reserved 425984K
}
Event: 15.825 GC heap after
{Heap after GC invocations=45 (full 0):
 garbage-first heap   total 276480K, used 172585K [0x0000000700000000, 0x0000000800000000)
  region size 2048K, 6 young (12288K), 6 survivors (12288K)
 Metaspace       used 122648K, committed 125056K, reserved 557056K
  class space    used 17466K, committed 18624K, reserved 425984K
}
Event: 16.247 GC heap before
{Heap before GC invocations=45 (full 0):
 garbage-first heap   total 276480K, used 236073K [0x0000000700000000, 0x0000000800000000)
  region size 2048K, 38 young (77824K), 6 survivors (12288K)
 Metaspace       used 126484K, committed 128960K, reserved 557056K
  class space    used 18066K, committed 19264K, reserved 425984K
}
Event: 16.255 GC heap after
{Heap after GC invocations=46 (full 0):
 garbage-first heap   total 276480K, used 176118K [0x0000000700000000, 0x0000000800000000)
  region size 2048K, 5 young (10240K), 5 survivors (10240K)
 Metaspace       used 126484K, committed 128960K, reserved 557056K
  class space    used 18066K, committed 19264K, reserved 425984K
}
Event: 16.323 GC heap before
{Heap before GC invocations=46 (full 0):
 garbage-first heap   total 276480K, used 239606K [0x0000000700000000, 0x0000000800000000)
  region size 2048K, 37 young (75776K), 5 survivors (10240K)
 Metaspace       used 126672K, committed 129152K, reserved 557056K
  class space    used 18086K, committed 19264K, reserved 425984K
}
Event: 16.334 GC heap after
{Heap after GC invocations=47 (full 0):
 garbage-first heap   total 331776K, used 189268K [0x0000000700000000, 0x0000000800000000)
  region size 2048K, 5 young (10240K), 5 survivors (10240K)
 Metaspace       used 126672K, committed 129152K, reserved 557056K
  class space    used 18086K, committed 19264K, reserved 425984K
}
Event: 16.478 GC heap before
{Heap before GC invocations=48 (full 0):
 garbage-first heap   total 331776K, used 279380K [0x0000000700000000, 0x0000000800000000)
  region size 2048K, 50 young (102400K), 5 survivors (10240K)
 Metaspace       used 127237K, committed 129728K, reserved 557056K
  class space    used 18200K, committed 19392K, reserved 425984K
}
Event: 16.492 GC heap after
{Heap after GC invocations=49 (full 0):
 garbage-first heap   total 331776K, used 209995K [0x0000000700000000, 0x0000000800000000)
  region size 2048K, 7 young (14336K), 7 survivors (14336K)
 Metaspace       used 127237K, committed 129728K, reserved 557056K
  class space    used 18200K, committed 19392K, reserved 425984K
}
Event: 16.813 GC heap before
{Heap before GC invocations=49 (full 0):
 garbage-first heap   total 331776K, used 285771K [0x0000000700000000, 0x0000000800000000)
  region size 2048K, 45 young (92160K), 7 survivors (14336K)
 Metaspace       used 129804K, committed 132224K, reserved 557056K
  class space    used 18618K, committed 19776K, reserved 425984K
}
Event: 16.825 GC heap after
{Heap after GC invocations=50 (full 0):
 garbage-first heap   total 331776K, used 220520K [0x0000000700000000, 0x0000000800000000)
  region size 2048K, 6 young (12288K), 6 survivors (12288K)
 Metaspace       used 129804K, committed 132224K, reserved 557056K
  class space    used 18618K, committed 19776K, reserved 425984K
}
Event: 16.901 GC heap before
{Heap before GC invocations=50 (full 0):
 garbage-first heap   total 331776K, used 292200K [0x0000000700000000, 0x0000000800000000)
  region size 2048K, 41 young (83968K), 6 survivors (12288K)
 Metaspace       used 130086K, committed 132544K, reserved 557056K
  class space    used 18668K, committed 19840K, reserved 425984K
}
Event: 16.912 GC heap after
{Heap after GC invocations=51 (full 0):
 garbage-first heap   total 331776K, used 236782K [0x0000000700000000, 0x0000000800000000)
  region size 2048K, 6 young (12288K), 6 survivors (12288K)
 Metaspace       used 130086K, committed 132544K, reserved 557056K
  class space    used 18668K, committed 19840K, reserved 425984K
}
Event: 17.299 GC heap before
{Heap before GC invocations=52 (full 0):
 garbage-first heap   total 397312K, used 296174K [0x0000000700000000, 0x0000000800000000)
  region size 2048K, 36 young (73728K), 6 survivors (12288K)
 Metaspace       used 133499K, committed 135936K, reserved 557056K
  class space    used 19351K, committed 20544K, reserved 425984K
}
Event: 17.310 GC heap after
{Heap after GC invocations=53 (full 0):
 garbage-first heap   total 397312K, used 248090K [0x0000000700000000, 0x0000000800000000)
  region size 2048K, 5 young (10240K), 5 survivors (10240K)
 Metaspace       used 133499K, committed 135936K, reserved 557056K
  class space    used 19351K, committed 20544K, reserved 425984K
}
Event: 17.406 GC heap before
{Heap before GC invocations=53 (full 0):
 garbage-first heap   total 397312K, used 346394K [0x0000000700000000, 0x0000000800000000)
  region size 2048K, 53 young (108544K), 5 survivors (10240K)
 Metaspace       used 133796K, committed 136256K, reserved 557056K
  class space    used 19397K, committed 20608K, reserved 425984K
}
Event: 17.421 GC heap after
{Heap after GC invocations=54 (full 0):
 garbage-first heap   total 397312K, used 265728K [0x0000000700000000, 0x0000000800000000)
  region size 2048K, 7 young (14336K), 7 survivors (14336K)
 Metaspace       used 133796K, committed 136256K, reserved 557056K
  class space    used 19397K, committed 20608K, reserved 425984K
}
Event: 17.514 GC heap before
{Heap before GC invocations=54 (full 0):
 garbage-first heap   total 397312K, used 349696K [0x0000000700000000, 0x0000000800000000)
  region size 2048K, 49 young (100352K), 7 survivors (14336K)
 Metaspace       used 133964K, committed 136384K, reserved 557056K
  class space    used 19428K, committed 20608K, reserved 425984K
}

