# JRE version: OpenJDK Runtime Environment (21.0.10) (build 21.0.10+-14961533-b1163.108)
# Java VM: OpenJDK 64-Bit Server VM (21.0.10+-14961533-b1163.108, mixed mode, tiered, compressed oops, compressed class ptrs, g1 gc, windows-amd64)
GC Precious Log:
 CardTable entry size: 512
 Card Set container configuration: InlinePtr #cards 4 size 8 Array Of Cards #cards 32 size 80 Howl #buckets 8 coarsen threshold 7372 Howl Bitmap #cards 1024 size 144 coarsen threshold 921 Card regions per heap region 1 cards per card region 8192
 CPUs: 12 total, 12 available
 Memory: 16027M
 Large Page Support: Disabled
 NUMA Support: Disabled
 Compressed Oops: Enabled (Zero based)
 Heap Region Size: 4M
 Heap Min Capacity: 8M
 Heap Initial Capacity: 252M
 Heap Max Capacity: 6G
 Pre-touch: Disabled
 Parallel Workers: 10
 Concurrent Workers: 3
 Concurrent Refinement Workers: 10
 Periodic GC: Disabled
Heap:
 garbage-first heap   total 335872K, used 200346K [0x0000000680000000, 0x0000000800000000)
  region size 4096K, 3 young (12288K), 3 survivors (12288K)
 Metaspace       used 134932K, committed 137408K, reserved 983040K
  class space    used 18766K, committed 19968K, reserved 851968K
GC Heap History (20 events):
Event: 31.934 GC heap after
{Heap after GC invocations=47 (full 0):
 garbage-first heap   total 233472K, used 126060K [0x0000000680000000, 0x0000000800000000)
  region size 4096K, 2 young (8192K), 2 survivors (8192K)
 Metaspace       used 117033K, committed 119424K, reserved 983040K
  class space    used 16685K, committed 17856K, reserved 851968K
}
Event: 33.332 GC heap before
{Heap before GC invocations=48 (full 0):
 garbage-first heap   total 233472K, used 207980K [0x0000000680000000, 0x0000000800000000)
  region size 4096K, 23 young (94208K), 2 survivors (8192K)
 Metaspace       used 126185K, committed 128640K, reserved 983040K
  class space    used 17769K, committed 18944K, reserved 851968K
}
Event: 33.344 GC heap after
{Heap after GC invocations=49 (full 0):
 garbage-first heap   total 233472K, used 135745K [0x0000000680000000, 0x0000000800000000)
  region size 4096K, 3 young (12288K), 3 survivors (12288K)
 Metaspace       used 126185K, committed 128640K, reserved 983040K
  class space    used 17769K, committed 18944K, reserved 851968K
}
Event: 34.336 GC heap before
{Heap before GC invocations=49 (full 0):
 garbage-first heap   total 233472K, used 209473K [0x0000000680000000, 0x0000000800000000)
  region size 4096K, 21 young (86016K), 3 survivors (12288K)
 Metaspace       used 127191K, committed 129728K, reserved 983040K
  class space    used 17845K, committed 19072K, reserved 851968K
}
Event: 34.358 GC heap after
{Heap after GC invocations=50 (full 0):
 garbage-first heap   total 245760K, used 151723K [0x0000000680000000, 0x0000000800000000)
  region size 4096K, 3 young (12288K), 3 survivors (12288K)
 Metaspace       used 127191K, committed 129728K, reserved 983040K
  class space    used 17845K, committed 19072K, reserved 851968K
}
Event: 34.964 GC heap before
{Heap before GC invocations=50 (full 0):
 garbage-first heap   total 245760K, used 213163K [0x0000000680000000, 0x0000000800000000)
  region size 4096K, 18 young (73728K), 3 survivors (12288K)
 Metaspace       used 129380K, committed 131840K, reserved 983040K
  class space    used 18122K, committed 19328K, reserved 851968K
}
Event: 34.976 GC heap after
{Heap after GC invocations=51 (full 0):
 garbage-first heap   total 245760K, used 158519K [0x0000000680000000, 0x0000000800000000)
  region size 4096K, 2 young (8192K), 2 survivors (8192K)
 Metaspace       used 129380K, committed 131840K, reserved 983040K
  class space    used 18122K, committed 19328K, reserved 851968K
}
Event: 35.886 GC heap before
{Heap before GC invocations=52 (full 0):
 garbage-first heap   total 274432K, used 215863K [0x0000000680000000, 0x0000000800000000)
  region size 4096K, 16 young (65536K), 2 survivors (8192K)
 Metaspace       used 130442K, committed 132992K, reserved 983040K
  class space    used 18152K, committed 19392K, reserved 851968K
}
Event: 35.895 GC heap after
{Heap after GC invocations=53 (full 0):
 garbage-first heap   total 274432K, used 160670K [0x0000000680000000, 0x0000000800000000)
  region size 4096K, 2 young (8192K), 2 survivors (8192K)
 Metaspace       used 130442K, committed 132992K, reserved 983040K
  class space    used 18152K, committed 19392K, reserved 851968K
}
Event: 36.585 GC heap before
{Heap before GC invocations=53 (full 0):
 garbage-first heap   total 274432K, used 242590K [0x0000000680000000, 0x0000000800000000)
  region size 4096K, 22 young (90112K), 2 survivors (8192K)
 Metaspace       used 130762K, committed 133248K, reserved 983040K
  class space    used 18159K, committed 19392K, reserved 851968K
}
Event: 36.598 GC heap after
{Heap after GC invocations=54 (full 0):
 garbage-first heap   total 331776K, used 161136K [0x0000000680000000, 0x0000000800000000)
  region size 4096K, 2 young (8192K), 2 survivors (8192K)
 Metaspace       used 130762K, committed 133248K, reserved 983040K
  class space    used 18159K, committed 19392K, reserved 851968K
}
Event: 37.524 GC heap before
{Heap before GC invocations=54 (full 0):
 garbage-first heap   total 331776K, used 284016K [0x0000000680000000, 0x0000000800000000)
  region size 4096K, 33 young (135168K), 2 survivors (8192K)
 Metaspace       used 132250K, committed 134784K, reserved 983040K
  class space    used 18347K, committed 19584K, reserved 851968K
}
Event: 37.539 GC heap after
{Heap after GC invocations=55 (full 0):
 garbage-first heap   total 331776K, used 177916K [0x0000000680000000, 0x0000000800000000)
  region size 4096K, 5 young (20480K), 5 survivors (20480K)
 Metaspace       used 132250K, committed 134784K, reserved 983040K
  class space    used 18347K, committed 19584K, reserved 851968K
}
Event: 37.896 GC heap before
{Heap before GC invocations=55 (full 0):
 garbage-first heap   total 331776K, used 276220K [0x0000000680000000, 0x0000000800000000)
  region size 4096K, 30 young (122880K), 5 survivors (20480K)
 Metaspace       used 133233K, committed 135744K, reserved 983040K
  class space    used 18493K, committed 19712K, reserved 851968K
}
Event: 37.912 GC heap after
{Heap after GC invocations=56 (full 0):
 garbage-first heap   total 331776K, used 183665K [0x0000000680000000, 0x0000000800000000)
  region size 4096K, 2 young (8192K), 2 survivors (8192K)
 Metaspace       used 133233K, committed 135744K, reserved 983040K
  class space    used 18493K, committed 19712K, reserved 851968K
}
Event: 38.240 GC heap before
{Heap before GC invocations=56 (full 0):
 garbage-first heap   total 331776K, used 286065K [0x0000000680000000, 0x0000000800000000)
  region size 4096K, 28 young (114688K), 2 survivors (8192K)
 Metaspace       used 134258K, committed 136768K, reserved 983040K
  class space    used 18631K, committed 19840K, reserved 851968K
}
Event: 38.248 GC heap after
{Heap after GC invocations=57 (full 0):
 garbage-first heap   total 331776K, used 192743K [0x0000000680000000, 0x0000000800000000)
  region size 4096K, 4 young (16384K), 4 survivors (16384K)
 Metaspace       used 134258K, committed 136768K, reserved 983040K
  class space    used 18631K, committed 19840K, reserved 851968K
}
Event: 38.435 GC heap before
{Heap before GC invocations=58 (full 0):
 garbage-first heap   total 331776K, used 286951K [0x0000000680000000, 0x0000000800000000)
  region size 4096K, 28 young (114688K), 4 survivors (16384K)
 Metaspace       used 133950K, committed 136640K, reserved 983040K
  class space    used 18619K, committed 19840K, reserved 851968K
}
Event: 38.446 GC heap after
{Heap after GC invocations=59 (full 0):
 garbage-first heap   total 335872K, used 220317K [0x0000000680000000, 0x0000000800000000)
  region size 4096K, 4 young (16384K), 4 survivors (16384K)
 Metaspace       used 133950K, committed 136640K, reserved 983040K
  class space    used 18619K, committed 19840K, reserved 851968K
}
Event: 38.673 GC heap before
{Heap before GC invocations=59 (full 0):
 garbage-first heap   total 335872K, used 289949K [0x0000000680000000, 0x0000000800000000)
  region size 4096K, 22 young (90112K), 4 survivors (16384K)
 Metaspace       used 134932K, committed 137408K, reserved 983040K
  class space    used 18766K, committed 19968K, reserved 851968K
}

