# JRE version: OpenJDK Runtime Environment (21.0.10) (build 21.0.10+-14961533-b1163.108)
# Java VM: OpenJDK 64-Bit Server VM (21.0.10+-14961533-b1163.108, mixed mode, tiered, compressed oops, compressed class ptrs, g1 gc, windows-amd64)
GC Precious Log:
 CardTable entry size: 512
 Card Set container configuration: InlinePtr #cards 4 size 8 Array Of Cards #cards 32 size 80 Howl #buckets 8 coarsen threshold 7372 Howl Bitmap #cards 1024 size 144 coarsen threshold 921 Card regions per heap region 1 cards per card region 8192
 CPUs: 12 total, 12 available
 Memory: 16027M
 Large Page Support: Disabled
 NUMA Support: Disabled
 Compressed Oops: Enabled (Zero based)
 Heap Region Size: 4M
 Heap Min Capacity: 8M
 Heap Initial Capacity: 252M
 Heap Max Capacity: 6G
 Pre-touch: Disabled
 Parallel Workers: 10
 Concurrent Workers: 3
 Concurrent Refinement Workers: 10
 Periodic GC: Disabled
Heap:
 garbage-first heap   total 278528K, used 176128K [0x0000000680000000, 0x0000000800000000)
  region size 4096K, 4 young (16384K), 3 survivors (12288K)
 Metaspace       used 123025K, committed 125376K, reserved 983040K
  class space    used 17526K, committed 18688K, reserved 851968K
GC Heap History (20 events):
Event: 14.587 GC heap before
{Heap before GC invocations=36 (full 0):
 garbage-first heap   total 176128K, used 154115K [0x0000000680000000, 0x0000000800000000)
  region size 4096K, 13 young (53248K), 2 survivors (8192K)
 Metaspace       used 114975K, committed 117312K, reserved 983040K
  class space    used 16404K, committed 17536K, reserved 851968K
}
Event: 14.593 GC heap after
{Heap after GC invocations=37 (full 0):
 garbage-first heap   total 212992K, used 116849K [0x0000000680000000, 0x0000000800000000)
  region size 4096K, 1 young (4096K), 1 survivors (4096K)
 Metaspace       used 114975K, committed 117312K, reserved 983040K
  class space    used 16404K, committed 17536K, reserved 851968K
}
Event: 14.962 GC heap before
{Heap before GC invocations=38 (full 0):
 garbage-first heap   total 212992K, used 190577K [0x0000000680000000, 0x0000000800000000)
  region size 4096K, 19 young (77824K), 1 survivors (4096K)
 Metaspace       used 115004K, committed 117376K, reserved 983040K
  class space    used 16404K, committed 17536K, reserved 851968K
}
Event: 14.965 GC heap after
{Heap after GC invocations=39 (full 0):
 garbage-first heap   total 212992K, used 118377K [0x0000000680000000, 0x0000000800000000)
  region size 4096K, 2 young (8192K), 2 survivors (8192K)
 Metaspace       used 115004K, committed 117376K, reserved 983040K
  class space    used 16404K, committed 17536K, reserved 851968K
}
Event: 15.489 GC heap before
{Heap before GC invocations=39 (full 0):
 garbage-first heap   total 212992K, used 188009K [0x0000000680000000, 0x0000000800000000)
  region size 4096K, 19 young (77824K), 2 survivors (8192K)
 Metaspace       used 115453K, committed 117760K, reserved 983040K
  class space    used 16478K, committed 17600K, reserved 851968K
}
Event: 15.494 GC heap after
{Heap after GC invocations=40 (full 0):
 garbage-first heap   total 212992K, used 119068K [0x0000000680000000, 0x0000000800000000)
  region size 4096K, 3 young (12288K), 3 survivors (12288K)
 Metaspace       used 115453K, committed 117760K, reserved 983040K
  class space    used 16478K, committed 17600K, reserved 851968K
}
Event: 15.789 GC heap before
{Heap before GC invocations=40 (full 0):
 garbage-first heap   total 212992K, used 188700K [0x0000000680000000, 0x0000000800000000)
  region size 4096K, 20 young (81920K), 3 survivors (12288K)
 Metaspace       used 115649K, committed 118016K, reserved 983040K
  class space    used 16503K, committed 17664K, reserved 851968K
}
Event: 15.795 GC heap after
{Heap after GC invocations=41 (full 0):
 garbage-first heap   total 212992K, used 122094K [0x0000000680000000, 0x0000000800000000)
  region size 4096K, 3 young (12288K), 3 survivors (12288K)
 Metaspace       used 115649K, committed 118016K, reserved 983040K
  class space    used 16503K, committed 17664K, reserved 851968K
}
Event: 16.097 GC heap before
{Heap before GC invocations=42 (full 0):
 garbage-first heap   total 212992K, used 187630K [0x0000000680000000, 0x0000000800000000)
  region size 4096K, 20 young (81920K), 3 survivors (12288K)
 Metaspace       used 115887K, committed 118208K, reserved 983040K
  class space    used 16540K, committed 17664K, reserved 851968K
}
Event: 16.102 GC heap after
{Heap after GC invocations=43 (full 0):
 garbage-first heap   total 212992K, used 124220K [0x0000000680000000, 0x0000000800000000)
  region size 4096K, 2 young (8192K), 2 survivors (8192K)
 Metaspace       used 115887K, committed 118208K, reserved 983040K
  class space    used 16540K, committed 17664K, reserved 851968K
}
Event: 16.615 GC heap before
{Heap before GC invocations=43 (full 0):
 garbage-first heap   total 212992K, used 193852K [0x0000000680000000, 0x0000000800000000)
  region size 4096K, 19 young (77824K), 2 survivors (8192K)
 Metaspace       used 118719K, committed 121152K, reserved 983040K
  class space    used 16888K, committed 18048K, reserved 851968K
}
Event: 16.624 GC heap after
{Heap after GC invocations=44 (full 0):
 garbage-first heap   total 212992K, used 126346K [0x0000000680000000, 0x0000000800000000)
  region size 4096K, 3 young (12288K), 3 survivors (12288K)
 Metaspace       used 118719K, committed 121152K, reserved 983040K
  class space    used 16888K, committed 18048K, reserved 851968K
}
Event: 16.874 GC heap before
{Heap before GC invocations=44 (full 0):
 garbage-first heap   total 212992K, used 187786K [0x0000000680000000, 0x0000000800000000)
  region size 4096K, 19 young (77824K), 3 survivors (12288K)
 Metaspace       used 120018K, committed 122432K, reserved 983040K
  class space    used 17074K, committed 18240K, reserved 851968K
}
Event: 16.880 GC heap after
{Heap after GC invocations=45 (full 0):
 garbage-first heap   total 258048K, used 128983K [0x0000000680000000, 0x0000000800000000)
  region size 4096K, 3 young (12288K), 3 survivors (12288K)
 Metaspace       used 120018K, committed 122432K, reserved 983040K
  class space    used 17074K, committed 18240K, reserved 851968K
}
Event: 17.341 GC heap before
{Heap before GC invocations=46 (full 0):
 garbage-first heap   total 258048K, used 227287K [0x0000000680000000, 0x0000000800000000)
  region size 4096K, 28 young (114688K), 3 survivors (12288K)
 Metaspace       used 120437K, committed 122880K, reserved 983040K
  class space    used 17156K, committed 18368K, reserved 851968K
}
Event: 17.352 GC heap after
{Heap after GC invocations=47 (full 0):
 garbage-first heap   total 258048K, used 132348K [0x0000000680000000, 0x0000000800000000)
  region size 4096K, 3 young (12288K), 3 survivors (12288K)
 Metaspace       used 120437K, committed 122880K, reserved 983040K
  class space    used 17156K, committed 18368K, reserved 851968K
}
Event: 23.995 GC heap before
{Heap before GC invocations=47 (full 0):
 garbage-first heap   total 258048K, used 230652K [0x0000000680000000, 0x0000000800000000)
  region size 4096K, 28 young (114688K), 3 survivors (12288K)
 Metaspace       used 121290K, committed 123712K, reserved 983040K
  class space    used 17289K, committed 18496K, reserved 851968K
}
Event: 24.011 GC heap after
{Heap after GC invocations=48 (full 0):
 garbage-first heap   total 278528K, used 158249K [0x0000000680000000, 0x0000000800000000)
  region size 4096K, 4 young (16384K), 4 survivors (16384K)
 Metaspace       used 121290K, committed 123712K, reserved 983040K
  class space    used 17289K, committed 18496K, reserved 851968K
}
Event: 25.387 GC heap before
{Heap before GC invocations=48 (full 0):
 garbage-first heap   total 278528K, used 236073K [0x0000000680000000, 0x0000000800000000)
  region size 4096K, 24 young (98304K), 4 survivors (16384K)
 Metaspace       used 123014K, committed 125376K, reserved 983040K
  class space    used 17524K, committed 18688K, reserved 851968K
}
Event: 25.397 GC heap after
{Heap after GC invocations=49 (full 0):
 garbage-first heap   total 278528K, used 176128K [0x0000000680000000, 0x0000000800000000)
  region size 4096K, 3 young (12288K), 3 survivors (12288K)
 Metaspace       used 123014K, committed 125376K, reserved 983040K
  class space    used 17524K, committed 18688K, reserved 851968K
}

