# JRE version: OpenJDK Runtime Environment (21.0.10) (build 21.0.10+-14961533-b1163.108)
# Java VM: OpenJDK 64-Bit Server VM (21.0.10+-14961533-b1163.108, mixed mode, tiered, compressed oops, compressed class ptrs, g1 gc, windows-amd64)
GC Precious Log:
 CardTable entry size: 512
 Card Set container configuration: InlinePtr #cards 4 size 8 Array Of Cards #cards 16 size 48 Howl #buckets 8 coarsen threshold 3686 Howl Bitmap #cards 512 size 80 coarsen threshold 460 Card regions per heap region 1 cards per card region 4096
 CPUs: 12 total, 12 available
 Memory: 16027M
 Large Page Support: Disabled
 NUMA Support: Disabled
 Compressed Oops: Enabled (Zero based)
 Heap Region Size: 2M
 Heap Min Capacity: 8M
 Heap Initial Capacity: 252M
 Heap Max Capacity: 4G
 Pre-touch: Disabled
 Parallel Workers: 10
 Concurrent Workers: 3
 Concurrent Refinement Workers: 10
 Periodic GC: Disabled
Heap:
 garbage-first heap   total 419840K, used 269969K [0x0000000700000000, 0x0000000800000000)
  region size 2048K, 7 young (14336K), 7 survivors (14336K)
 Metaspace       used 149873K, committed 152512K, reserved 557056K
  class space    used 21017K, committed 22272K, reserved 425984K
GC Heap History (20 events):
Event: 131.391 GC heap after
{Heap after GC invocations=59 (full 0):
 garbage-first heap   total 288768K, used 163590K [0x0000000700000000, 0x0000000800000000)
  region size 2048K, 4 young (8192K), 4 survivors (8192K)
 Metaspace       used 136950K, committed 139584K, reserved 557056K
  class space    used 18934K, committed 20224K, reserved 425984K
}
Event: 132.190 GC heap before
{Heap before GC invocations=59 (full 0):
 garbage-first heap   total 288768K, used 253702K [0x0000000700000000, 0x0000000800000000)
  region size 2048K, 49 young (100352K), 4 survivors (8192K)
 Metaspace       used 138140K, committed 140736K, reserved 557056K
  class space    used 19085K, committed 20352K, reserved 425984K
}
Event: 132.208 GC heap after
{Heap after GC invocations=60 (full 0):
 garbage-first heap   total 288768K, used 175850K [0x0000000700000000, 0x0000000800000000)
  region size 2048K, 7 young (14336K), 7 survivors (14336K)
 Metaspace       used 138140K, committed 140736K, reserved 557056K
  class space    used 19085K, committed 20352K, reserved 425984K
}
Event: 132.913 GC heap before
{Heap before GC invocations=61 (full 0):
 garbage-first heap   total 294912K, used 257770K [0x0000000700000000, 0x0000000800000000)
  region size 2048K, 47 young (96256K), 7 survivors (14336K)
 Metaspace       used 138352K, committed 141056K, reserved 557056K
  class space    used 19105K, committed 20416K, reserved 425984K
}
Event: 132.927 GC heap after
{Heap after GC invocations=62 (full 0):
 garbage-first heap   total 294912K, used 183283K [0x0000000700000000, 0x0000000800000000)
  region size 2048K, 4 young (8192K), 4 survivors (8192K)
 Metaspace       used 138352K, committed 141056K, reserved 557056K
  class space    used 19105K, committed 20416K, reserved 425984K
}
Event: 133.217 GC heap before
{Heap before GC invocations=62 (full 0):
 garbage-first heap   total 294912K, used 263155K [0x0000000700000000, 0x0000000800000000)
  region size 2048K, 44 young (90112K), 4 survivors (8192K)
 Metaspace       used 138405K, committed 141056K, reserved 557056K
  class space    used 19109K, committed 20416K, reserved 425984K
}
Event: 133.225 GC heap after
{Heap after GC invocations=63 (full 0):
 garbage-first heap   total 294912K, used 182371K [0x0000000700000000, 0x0000000800000000)
  region size 2048K, 6 young (12288K), 6 survivors (12288K)
 Metaspace       used 138405K, committed 141056K, reserved 557056K
  class space    used 19109K, committed 20416K, reserved 425984K
}
Event: 133.516 GC heap before
{Heap before GC invocations=63 (full 0):
 garbage-first heap   total 294912K, used 266339K [0x0000000700000000, 0x0000000800000000)
  region size 2048K, 48 young (98304K), 6 survivors (12288K)
 Metaspace       used 139005K, committed 141632K, reserved 557056K
  class space    used 19201K, committed 20480K, reserved 425984K
}
Event: 133.524 GC heap after
{Heap after GC invocations=64 (full 0):
 garbage-first heap   total 354304K, used 188347K [0x0000000700000000, 0x0000000800000000)
  region size 2048K, 6 young (12288K), 6 survivors (12288K)
 Metaspace       used 139005K, committed 141632K, reserved 557056K
  class space    used 19201K, committed 20480K, reserved 425984K
}
Event: 133.780 GC heap before
{Heap before GC invocations=65 (full 0):
 garbage-first heap   total 354304K, used 319419K [0x0000000700000000, 0x0000000800000000)
  region size 2048K, 71 young (145408K), 6 survivors (12288K)
 Metaspace       used 139623K, committed 142272K, reserved 557056K
  class space    used 19306K, committed 20608K, reserved 425984K
}
Event: 133.793 GC heap after
{Heap after GC invocations=66 (full 0):
 garbage-first heap   total 374784K, used 227958K [0x0000000700000000, 0x0000000800000000)
  region size 2048K, 9 young (18432K), 9 survivors (18432K)
 Metaspace       used 139623K, committed 142272K, reserved 557056K
  class space    used 19306K, committed 20608K, reserved 425984K
}
Event: 134.407 GC heap before
{Heap before GC invocations=66 (full 0):
 garbage-first heap   total 374784K, used 324214K [0x0000000700000000, 0x0000000800000000)
  region size 2048K, 57 young (116736K), 9 survivors (18432K)
 Metaspace       used 143784K, committed 146368K, reserved 557056K
  class space    used 19954K, committed 21184K, reserved 425984K
}
Event: 134.424 GC heap after
{Heap after GC invocations=67 (full 0):
 garbage-first heap   total 374784K, used 217088K [0x0000000700000000, 0x0000000800000000)
  region size 2048K, 8 young (16384K), 8 survivors (16384K)
 Metaspace       used 143784K, committed 146368K, reserved 557056K
  class space    used 19954K, committed 21184K, reserved 425984K
}
Event: 134.541 GC heap before
{Heap before GC invocations=67 (full 0):
 garbage-first heap   total 374784K, used 323584K [0x0000000700000000, 0x0000000800000000)
  region size 2048K, 60 young (122880K), 8 survivors (16384K)
 Metaspace       used 144271K, committed 146944K, reserved 557056K
  class space    used 20034K, committed 21312K, reserved 425984K
}
Event: 134.563 GC heap after
{Heap after GC invocations=68 (full 0):
 garbage-first heap   total 374784K, used 234445K [0x0000000700000000, 0x0000000800000000)
  region size 2048K, 8 young (16384K), 8 survivors (16384K)
 Metaspace       used 144271K, committed 146944K, reserved 557056K
  class space    used 20034K, committed 21312K, reserved 425984K
}
Event: 134.857 GC heap before
{Heap before GC invocations=68 (full 0):
 garbage-first heap   total 374784K, used 324557K [0x0000000700000000, 0x0000000800000000)
  region size 2048K, 53 young (108544K), 8 survivors (16384K)
 Metaspace       used 146273K, committed 148928K, reserved 557056K
  class space    used 20418K, committed 21696K, reserved 425984K
}
Event: 134.878 GC heap after
{Heap after GC invocations=69 (full 0):
 garbage-first heap   total 374784K, used 253313K [0x0000000700000000, 0x0000000800000000)
  region size 2048K, 7 young (14336K), 7 survivors (14336K)
 Metaspace       used 146273K, committed 148928K, reserved 557056K
  class space    used 20418K, committed 21696K, reserved 425984K
}
Event: 135.131 GC heap before
{Heap before GC invocations=70 (full 0):
 garbage-first heap   total 419840K, used 331137K [0x0000000700000000, 0x0000000800000000)
  region size 2048K, 46 young (94208K), 7 survivors (14336K)
 Metaspace       used 147159K, committed 149760K, reserved 557056K
  class space    used 20562K, committed 21824K, reserved 425984K
}
Event: 135.145 GC heap after
{Heap after GC invocations=71 (full 0):
 garbage-first heap   total 419840K, used 267014K [0x0000000700000000, 0x0000000800000000)
  region size 2048K, 6 young (12288K), 6 survivors (12288K)
 Metaspace       used 147159K, committed 149760K, reserved 557056K
  class space    used 20562K, committed 21824K, reserved 425984K
}
Event: 135.536 GC heap before
{Heap before GC invocations=71 (full 0):
 garbage-first heap   total 419840K, used 367366K [0x0000000700000000, 0x0000000800000000)
  region size 2048K, 56 young (114688K), 6 survivors (12288K)
 Metaspace       used 149873K, committed 152512K, reserved 557056K
  class space    used 21017K, committed 22272K, reserved 425984K
}

