# JRE version: OpenJDK Runtime Environment (21.0.10) (build 21.0.10+-14961533-b1163.108)
# Java VM: OpenJDK 64-Bit Server VM (21.0.10+-14961533-b1163.108, mixed mode, tiered, compressed oops, compressed class ptrs, g1 gc, windows-amd64)
GC Precious Log:
 CardTable entry size: 512
 Card Set container configuration: InlinePtr #cards 4 size 8 Array Of Cards #cards 16 size 48 Howl #buckets 8 coarsen threshold 3686 Howl Bitmap #cards 512 size 80 coarsen threshold 460 Card regions per heap region 1 cards per card region 4096
 CPUs: 12 total, 12 available
 Memory: 16027M
 Large Page Support: Disabled
 NUMA Support: Disabled
 Compressed Oops: Enabled (Zero based)
 Heap Region Size: 2M
 Heap Min Capacity: 8M
 Heap Initial Capacity: 252M
 Heap Max Capacity: 4G
 Pre-touch: Disabled
 Parallel Workers: 10
 Concurrent Workers: 3
 Concurrent Refinement Workers: 10
 Periodic GC: Disabled
Heap:
 garbage-first heap   total 583680K, used 337387K [0x0000000700000000, 0x0000000800000000)
  region size 2048K, 3 young (6144K), 3 survivors (6144K)
 Metaspace       used 140194K, committed 142592K, reserved 557056K
  class space    used 20077K, committed 21248K, reserved 425984K
GC Heap History (20 events):
Event: 21.511 GC heap after
{Heap after GC invocations=57 (full 0):
 garbage-first heap   total 354304K, used 219637K [0x0000000700000000, 0x0000000800000000)
  region size 2048K, 7 young (14336K), 7 survivors (14336K)
 Metaspace       used 125142K, committed 127552K, reserved 557056K
  class space    used 17768K, committed 18944K, reserved 425984K
}
Event: 21.760 GC heap before
{Heap before GC invocations=58 (full 0):
 garbage-first heap   total 354304K, used 305653K [0x0000000700000000, 0x0000000800000000)
  region size 2048K, 50 young (102400K), 7 survivors (14336K)
 Metaspace       used 126474K, committed 128832K, reserved 557056K
  class space    used 18040K, committed 19200K, reserved 425984K
}
Event: 21.783 GC heap after
{Heap after GC invocations=59 (full 0):
 garbage-first heap   total 354304K, used 235817K [0x0000000700000000, 0x0000000800000000)
  region size 2048K, 7 young (14336K), 7 survivors (14336K)
 Metaspace       used 126474K, committed 128832K, reserved 557056K
  class space    used 18040K, committed 19200K, reserved 425984K
}
Event: 22.098 GC heap before
{Heap before GC invocations=59 (full 0):
 garbage-first heap   total 354304K, used 311593K [0x0000000700000000, 0x0000000800000000)
  region size 2048K, 45 young (92160K), 7 survivors (14336K)
 Metaspace       used 128287K, committed 130688K, reserved 557056K
  class space    used 18293K, committed 19456K, reserved 425984K
}
Event: 22.118 GC heap after
{Heap after GC invocations=60 (full 0):
 garbage-first heap   total 354304K, used 247808K [0x0000000700000000, 0x0000000800000000)
  region size 2048K, 6 young (12288K), 6 survivors (12288K)
 Metaspace       used 128287K, committed 130688K, reserved 557056K
  class space    used 18293K, committed 19456K, reserved 425984K
}
Event: 22.288 GC heap before
{Heap before GC invocations=60 (full 0):
 garbage-first heap   total 354304K, used 319488K [0x0000000700000000, 0x0000000800000000)
  region size 2048K, 41 young (83968K), 6 survivors (12288K)
 Metaspace       used 129147K, committed 131520K, reserved 557056K
  class space    used 18418K, committed 19584K, reserved 425984K
}
Event: 22.308 GC heap after
{Heap after GC invocations=61 (full 0):
 garbage-first heap   total 567296K, used 262828K [0x0000000700000000, 0x0000000800000000)
  region size 2048K, 6 young (12288K), 6 survivors (12288K)
 Metaspace       used 129147K, committed 131520K, reserved 557056K
  class space    used 18418K, committed 19584K, reserved 425984K
}
Event: 22.852 GC heap before
{Heap before GC invocations=62 (full 0):
 garbage-first heap   total 567296K, used 463532K [0x0000000700000000, 0x0000000800000000)
  region size 2048K, 105 young (215040K), 6 survivors (12288K)
 Metaspace       used 131421K, committed 133760K, reserved 557056K
  class space    used 18763K, committed 19904K, reserved 425984K
}
Event: 22.872 GC heap after
{Heap after GC invocations=63 (full 0):
 garbage-first heap   total 567296K, used 280861K [0x0000000700000000, 0x0000000800000000)
  region size 2048K, 14 young (28672K), 14 survivors (28672K)
 Metaspace       used 131421K, committed 133760K, reserved 557056K
  class space    used 18763K, committed 19904K, reserved 425984K
}
Event: 23.173 GC heap before
{Heap before GC invocations=63 (full 0):
 garbage-first heap   total 567296K, used 508189K [0x0000000700000000, 0x0000000800000000)
  region size 2048K, 124 young (253952K), 14 survivors (28672K)
 Metaspace       used 132712K, committed 135104K, reserved 557056K
  class space    used 18996K, committed 20160K, reserved 425984K
}
Event: 23.215 GC heap after
{Heap after GC invocations=64 (full 0):
 garbage-first heap   total 583680K, used 319488K [0x0000000700000000, 0x0000000800000000)
  region size 2048K, 16 young (32768K), 16 survivors (32768K)
 Metaspace       used 132712K, committed 135104K, reserved 557056K
  class space    used 18996K, committed 20160K, reserved 425984K
}
Event: 24.010 GC heap before
{Heap before GC invocations=64 (full 0):
 garbage-first heap   total 583680K, used 509952K [0x0000000700000000, 0x0000000800000000)
  region size 2048K, 110 young (225280K), 16 survivors (32768K)
 Metaspace       used 137144K, committed 139520K, reserved 557056K
  class space    used 19781K, committed 20928K, reserved 425984K
}
Event: 24.038 GC heap after
{Heap after GC invocations=65 (full 0):
 garbage-first heap   total 583680K, used 337116K [0x0000000700000000, 0x0000000800000000)
  region size 2048K, 8 young (16384K), 8 survivors (16384K)
 Metaspace       used 137144K, committed 139520K, reserved 557056K
  class space    used 19781K, committed 20928K, reserved 425984K
}
Event: 24.779 GC heap before
{Heap before GC invocations=66 (full 0):
 garbage-first heap   total 583680K, used 517340K [0x0000000700000000, 0x0000000800000000)
  region size 2048K, 96 young (196608K), 8 survivors (16384K)
 Metaspace       used 138326K, committed 140736K, reserved 557056K
  class space    used 19893K, committed 21056K, reserved 425984K
}
Event: 24.791 GC heap after
{Heap after GC invocations=67 (full 0):
 garbage-first heap   total 583680K, used 340594K [0x0000000700000000, 0x0000000800000000)
  region size 2048K, 2 young (4096K), 2 survivors (4096K)
 Metaspace       used 138326K, committed 140736K, reserved 557056K
  class space    used 19893K, committed 21056K, reserved 425984K
}
Event: 25.229 GC heap before
{Heap before GC invocations=67 (full 0):
 garbage-first heap   total 583680K, used 529010K [0x0000000700000000, 0x0000000800000000)
  region size 2048K, 94 young (192512K), 2 survivors (4096K)
 Metaspace       used 138742K, committed 141120K, reserved 557056K
  class space    used 19901K, committed 21056K, reserved 425984K
}
Event: 25.238 GC heap after
{Heap after GC invocations=68 (full 0):
 garbage-first heap   total 583680K, used 337205K [0x0000000700000000, 0x0000000800000000)
  region size 2048K, 2 young (4096K), 2 survivors (4096K)
 Metaspace       used 138742K, committed 141120K, reserved 557056K
  class space    used 19901K, committed 21056K, reserved 425984K
}
Event: 25.630 GC heap before
{Heap before GC invocations=68 (full 0):
 garbage-first heap   total 583680K, used 537909K [0x0000000700000000, 0x0000000800000000)
  region size 2048K, 100 young (204800K), 2 survivors (4096K)
 Metaspace       used 139239K, committed 141632K, reserved 557056K
  class space    used 19953K, committed 21120K, reserved 425984K
}
Event: 25.635 GC heap after
{Heap after GC invocations=69 (full 0):
 garbage-first heap   total 583680K, used 336501K [0x0000000700000000, 0x0000000800000000)
  region size 2048K, 2 young (4096K), 2 survivors (4096K)
 Metaspace       used 139239K, committed 141632K, reserved 557056K
  class space    used 19953K, committed 21120K, reserved 425984K
}
Event: 26.220 GC heap before
{Heap before GC invocations=69 (full 0):
 garbage-first heap   total 583680K, used 541301K [0x0000000700000000, 0x0000000800000000)
  region size 2048K, 103 young (210944K), 2 survivors (4096K)
 Metaspace       used 140194K, committed 142592K, reserved 557056K
  class space    used 20077K, committed 21248K, reserved 425984K
}

