# JRE version: OpenJDK Runtime Environment (21.0.10) (build 21.0.10+-14961533-b1163.108)
# Java VM: OpenJDK 64-Bit Server VM (21.0.10+-14961533-b1163.108, mixed mode, tiered, compressed oops, compressed class ptrs, g1 gc, windows-amd64)
GC Precious Log:
 CardTable entry size: 512
 Card Set container configuration: InlinePtr #cards 4 size 8 Array Of Cards #cards 16 size 48 Howl #buckets 8 coarsen threshold 3686 Howl Bitmap #cards 512 size 80 coarsen threshold 460 Card regions per heap region 1 cards per card region 4096
 CPUs: 12 total, 12 available
 Memory: 16027M
 Large Page Support: Disabled
 NUMA Support: Disabled
 Compressed Oops: Enabled (Zero based)
 Heap Region Size: 2M
 Heap Min Capacity: 8M
 Heap Initial Capacity: 252M
 Heap Max Capacity: 3G
 Pre-touch: Disabled
 Parallel Workers: 10
 Concurrent Workers: 3
 Concurrent Refinement Workers: 10
 Periodic GC: Disabled
Heap:
 garbage-first heap   total 1009664K, used 813353K [0x0000000740000000, 0x0000000800000000)
  region size 2048K, 238 young (487424K), 5 survivors (10240K)
 Metaspace       used 153519K, committed 155968K, reserved 622592K
  class space    used 21706K, committed 22848K, reserved 425984K
GC Heap History (20 events):
Event: 28.247 GC heap before
{Heap before GC invocations=62 (full 0):
 garbage-first heap   total 514048K, used 434176K [0x0000000740000000, 0x0000000800000000)
  region size 2048K, 83 young (169984K), 12 survivors (24576K)
 Metaspace       used 144469K, committed 146944K, reserved 557056K
  class space    used 20448K, committed 21632K, reserved 425984K
}
Event: 28.268 GC heap after
{Heap after GC invocations=63 (full 0):
 garbage-first heap   total 514048K, used 322560K [0x0000000740000000, 0x0000000800000000)
  region size 2048K, 11 young (22528K), 11 survivors (22528K)
 Metaspace       used 144469K, committed 146944K, reserved 557056K
  class space    used 20448K, committed 21632K, reserved 425984K
}
Event: 28.746 GC heap before
{Heap before GC invocations=64 (full 0):
 garbage-first heap   total 540672K, used 443392K [0x0000000740000000, 0x0000000800000000)
  region size 2048K, 71 young (145408K), 11 survivors (22528K)
 Metaspace       used 148105K, committed 150592K, reserved 557056K
  class space    used 21148K, committed 22336K, reserved 425984K
}
Event: 28.761 GC heap after
{Heap after GC invocations=65 (full 0):
 garbage-first heap   total 540672K, used 338282K [0x0000000740000000, 0x0000000800000000)
  region size 2048K, 7 young (14336K), 7 survivors (14336K)
 Metaspace       used 148105K, committed 150592K, reserved 557056K
  class space    used 21148K, committed 22336K, reserved 425984K
}
Event: 29.121 GC heap before
{Heap before GC invocations=65 (full 0):
 garbage-first heap   total 540672K, used 473450K [0x0000000740000000, 0x0000000800000000)
  region size 2048K, 74 young (151552K), 7 survivors (14336K)
 Metaspace       used 149547K, committed 152064K, reserved 557056K
  class space    used 21286K, committed 22464K, reserved 425984K
}
Event: 30.249 GC heap after
{Heap after GC invocations=66 (full 0):
 garbage-first heap   total 1009664K, used 334073K [0x0000000740000000, 0x0000000800000000)
  region size 2048K, 2 young (4096K), 2 survivors (4096K)
 Metaspace       used 149547K, committed 152064K, reserved 557056K
  class space    used 21286K, committed 22464K, reserved 425984K
}
Event: 30.452 GC heap before
{Heap before GC invocations=66 (full 0):
 garbage-first heap   total 1009664K, used 379129K [0x0000000740000000, 0x0000000800000000)
  region size 2048K, 24 young (49152K), 2 survivors (4096K)
 Metaspace       used 149707K, committed 152192K, reserved 557056K
  class space    used 21294K, committed 22464K, reserved 425984K
}
Event: 30.455 GC heap after
{Heap after GC invocations=67 (full 0):
 garbage-first heap   total 1009664K, used 333285K [0x0000000740000000, 0x0000000800000000)
  region size 2048K, 1 young (2048K), 1 survivors (2048K)
 Metaspace       used 149707K, committed 152192K, reserved 557056K
  class space    used 21294K, committed 22464K, reserved 425984K
}
Event: 30.548 GC heap before
{Heap before GC invocations=67 (full 0):
 garbage-first heap   total 1009664K, used 380389K [0x0000000740000000, 0x0000000800000000)
  region size 2048K, 24 young (49152K), 1 survivors (2048K)
 Metaspace       used 149837K, committed 152320K, reserved 557056K
  class space    used 21306K, committed 22464K, reserved 425984K
}
Event: 30.552 GC heap after
{Heap after GC invocations=68 (full 0):
 garbage-first heap   total 1009664K, used 333190K [0x0000000740000000, 0x0000000800000000)
  region size 2048K, 1 young (2048K), 1 survivors (2048K)
 Metaspace       used 149837K, committed 152320K, reserved 557056K
  class space    used 21306K, committed 22464K, reserved 425984K
}
Event: 30.630 GC heap before
{Heap before GC invocations=68 (full 0):
 garbage-first heap   total 1009664K, used 380294K [0x0000000740000000, 0x0000000800000000)
  region size 2048K, 24 young (49152K), 1 survivors (2048K)
 Metaspace       used 150009K, committed 152512K, reserved 557056K
  class space    used 21310K, committed 22528K, reserved 425984K
}
Event: 30.633 GC heap after
{Heap after GC invocations=69 (full 0):
 garbage-first heap   total 1009664K, used 334256K [0x0000000740000000, 0x0000000800000000)
  region size 2048K, 2 young (4096K), 2 survivors (4096K)
 Metaspace       used 150009K, committed 152512K, reserved 557056K
  class space    used 21310K, committed 22528K, reserved 425984K
}
Event: 30.703 GC heap before
{Heap before GC invocations=69 (full 0):
 garbage-first heap   total 1009664K, used 379312K [0x0000000740000000, 0x0000000800000000)
  region size 2048K, 24 young (49152K), 2 survivors (4096K)
 Metaspace       used 150176K, committed 152704K, reserved 557056K
  class space    used 21312K, committed 22528K, reserved 425984K
}
Event: 30.707 GC heap after
{Heap after GC invocations=70 (full 0):
 garbage-first heap   total 1009664K, used 334569K [0x0000000740000000, 0x0000000800000000)
  region size 2048K, 2 young (4096K), 2 survivors (4096K)
 Metaspace       used 150176K, committed 152704K, reserved 557056K
  class space    used 21312K, committed 22528K, reserved 425984K
}
Event: 30.769 GC heap before
{Heap before GC invocations=70 (full 0):
 garbage-first heap   total 1009664K, used 379625K [0x0000000740000000, 0x0000000800000000)
  region size 2048K, 24 young (49152K), 2 survivors (4096K)
 Metaspace       used 150232K, committed 152768K, reserved 557056K
  class space    used 21312K, committed 22528K, reserved 425984K
}
Event: 30.773 GC heap after
{Heap after GC invocations=71 (full 0):
 garbage-first heap   total 1009664K, used 335479K [0x0000000740000000, 0x0000000800000000)
  region size 2048K, 2 young (4096K), 2 survivors (4096K)
 Metaspace       used 150232K, committed 152768K, reserved 557056K
  class space    used 21312K, committed 22528K, reserved 425984K
}
Event: 31.484 GC heap before
{Heap before GC invocations=71 (full 0):
 garbage-first heap   total 1009664K, used 845431K [0x0000000740000000, 0x0000000800000000)
  region size 2048K, 252 young (516096K), 2 survivors (4096K)
 Metaspace       used 151336K, committed 153792K, reserved 622592K
  class space    used 21410K, committed 22592K, reserved 425984K
}
Event: 31.489 GC heap after
{Heap after GC invocations=72 (full 0):
 garbage-first heap   total 1009664K, used 336131K [0x0000000740000000, 0x0000000800000000)
  region size 2048K, 3 young (6144K), 3 survivors (6144K)
 Metaspace       used 151336K, committed 153792K, reserved 622592K
  class space    used 21410K, committed 22592K, reserved 425984K
}
Event: 32.165 GC heap before
{Heap before GC invocations=72 (full 0):
 garbage-first heap   total 1009664K, used 932099K [0x0000000740000000, 0x0000000800000000)
  region size 2048K, 295 young (604160K), 3 survivors (6144K)
 Metaspace       used 153089K, committed 155584K, reserved 622592K
  class space    used 21652K, committed 22848K, reserved 425984K
}
Event: 32.171 GC heap after
{Heap after GC invocations=73 (full 0):
 garbage-first heap   total 1009664K, used 340265K [0x0000000740000000, 0x0000000800000000)
  region size 2048K, 5 young (10240K), 5 survivors (10240K)
 Metaspace       used 153089K, committed 155584K, reserved 622592K
  class space    used 21652K, committed 22848K, reserved 425984K
}

