# JRE version: OpenJDK Runtime Environment (21.0.10) (build 21.0.10+-14961533-b1163.108)
# Java VM: OpenJDK 64-Bit Server VM (21.0.10+-14961533-b1163.108, mixed mode, tiered, compressed oops, compressed class ptrs, g1 gc, windows-amd64)
GC Precious Log:
 CardTable entry size: 512
 Card Set container configuration: InlinePtr #cards 4 size 8 Array Of Cards #cards 16 size 48 Howl #buckets 8 coarsen threshold 3686 Howl Bitmap #cards 512 size 80 coarsen threshold 460 Card regions per heap region 1 cards per card region 4096
 CPUs: 12 total, 12 available
 Memory: 16027M
 Large Page Support: Disabled
 NUMA Support: Disabled
 Compressed Oops: Enabled (Zero based)
 Heap Region Size: 2M
 Heap Min Capacity: 8M
 Heap Initial Capacity: 252M
 Heap Max Capacity: 4G
 Pre-touch: Disabled
 Parallel Workers: 10
 Concurrent Workers: 3
 Concurrent Refinement Workers: 10
 Periodic GC: Disabled
Heap:
 garbage-first heap   total 798720K, used 465583K [0x0000000700000000, 0x0000000800000000)
  region size 2048K, 9 young (18432K), 9 survivors (18432K)
 Metaspace       used 159463K, committed 161984K, reserved 622592K
  class space    used 22521K, committed 23744K, reserved 425984K
GC Heap History (20 events):
Event: 35.747 GC heap after
{Heap after GC invocations=65 (full 0):
 garbage-first heap   total 385024K, used 235866K [0x0000000700000000, 0x0000000800000000)
  region size 2048K, 4 young (8192K), 4 survivors (8192K)
 Metaspace       used 138932K, committed 141376K, reserved 557056K
  class space    used 19246K, committed 20416K, reserved 425984K
}
Event: 36.151 GC heap before
{Heap before GC invocations=66 (full 0):
 garbage-first heap   total 448512K, used 354650K [0x0000000700000000, 0x0000000800000000)
  region size 2048K, 48 young (98304K), 4 survivors (8192K)
 Metaspace       used 139132K, committed 141632K, reserved 557056K
  class space    used 19293K, committed 20480K, reserved 425984K
}
Event: 36.162 GC heap after
{Heap after GC invocations=67 (full 0):
 garbage-first heap   total 448512K, used 266680K [0x0000000700000000, 0x0000000800000000)
  region size 2048K, 6 young (12288K), 6 survivors (12288K)
 Metaspace       used 139132K, committed 141632K, reserved 557056K
  class space    used 19293K, committed 20480K, reserved 425984K
}
Event: 36.576 GC heap before
{Heap before GC invocations=67 (full 0):
 garbage-first heap   total 448512K, used 375224K [0x0000000700000000, 0x0000000800000000)
  region size 2048K, 60 young (122880K), 6 survivors (12288K)
 Metaspace       used 139636K, committed 142080K, reserved 557056K
  class space    used 19361K, committed 20544K, reserved 425984K
}
Event: 36.599 GC heap after
{Heap after GC invocations=68 (full 0):
 garbage-first heap   total 448512K, used 280709K [0x0000000700000000, 0x0000000800000000)
  region size 2048K, 8 young (16384K), 8 survivors (16384K)
 Metaspace       used 139636K, committed 142080K, reserved 557056K
  class space    used 19361K, committed 20544K, reserved 425984K
}
Event: 36.880 GC heap before
{Heap before GC invocations=68 (full 0):
 garbage-first heap   total 448512K, used 358533K [0x0000000700000000, 0x0000000800000000)
  region size 2048K, 48 young (98304K), 8 survivors (16384K)
 Metaspace       used 140349K, committed 142848K, reserved 557056K
  class space    used 19442K, committed 20672K, reserved 425984K
}
Event: 36.902 GC heap after
{Heap after GC invocations=69 (full 0):
 garbage-first heap   total 448512K, used 294347K [0x0000000700000000, 0x0000000800000000)
  region size 2048K, 8 young (16384K), 8 survivors (16384K)
 Metaspace       used 140349K, committed 142848K, reserved 557056K
  class space    used 19442K, committed 20672K, reserved 425984K
}
Event: 37.160 GC heap before
{Heap before GC invocations=69 (full 0):
 garbage-first heap   total 501760K, used 394699K [0x0000000700000000, 0x0000000800000000)
  region size 2048K, 55 young (112640K), 8 survivors (16384K)
 Metaspace       used 140617K, committed 143168K, reserved 557056K
  class space    used 19481K, committed 20736K, reserved 425984K
}
Event: 37.181 GC heap after
{Heap after GC invocations=70 (full 0):
 garbage-first heap   total 735232K, used 307801K [0x0000000700000000, 0x0000000800000000)
  region size 2048K, 5 young (10240K), 5 survivors (10240K)
 Metaspace       used 140617K, committed 143168K, reserved 557056K
  class space    used 19481K, committed 20736K, reserved 425984K
}
Event: 38.643 GC heap before
{Heap before GC invocations=71 (full 0):
 garbage-first heap   total 735232K, used 590425K [0x0000000700000000, 0x0000000800000000)
  region size 2048K, 143 young (292864K), 5 survivors (10240K)
 Metaspace       used 143904K, committed 146368K, reserved 557056K
  class space    used 20116K, committed 21312K, reserved 425984K
}
Event: 38.740 GC heap after
{Heap after GC invocations=72 (full 0):
 garbage-first heap   total 735232K, used 417792K [0x0000000700000000, 0x0000000800000000)
  region size 2048K, 18 young (36864K), 18 survivors (36864K)
 Metaspace       used 143904K, committed 146368K, reserved 557056K
  class space    used 20116K, committed 21312K, reserved 425984K
}
Event: 40.209 GC heap before
{Heap before GC invocations=72 (full 0):
 garbage-first heap   total 735232K, used 575488K [0x0000000700000000, 0x0000000800000000)
  region size 2048K, 94 young (192512K), 18 survivors (36864K)
 Metaspace       used 147340K, committed 149824K, reserved 557056K
  class space    used 20577K, committed 21824K, reserved 425984K
}
Event: 40.270 GC heap after
{Heap after GC invocations=73 (full 0):
 garbage-first heap   total 735232K, used 478208K [0x0000000700000000, 0x0000000800000000)
  region size 2048K, 12 young (24576K), 12 survivors (24576K)
 Metaspace       used 147340K, committed 149824K, reserved 557056K
  class space    used 20577K, committed 21824K, reserved 425984K
}
Event: 42.163 GC heap before
{Heap before GC invocations=73 (full 0):
 garbage-first heap   total 735232K, used 609280K [0x0000000700000000, 0x0000000800000000)
  region size 2048K, 77 young (157696K), 12 survivors (24576K)
 Metaspace       used 149205K, committed 151744K, reserved 557056K
  class space    used 20851K, committed 22080K, reserved 425984K
}
Event: 42.193 GC heap after
{Heap after GC invocations=74 (full 0):
 garbage-first heap   total 735232K, used 503261K [0x0000000700000000, 0x0000000800000000)
  region size 2048K, 10 young (20480K), 10 survivors (20480K)
 Metaspace       used 149205K, committed 151744K, reserved 557056K
  class space    used 20851K, committed 22080K, reserved 425984K
}
Event: 43.065 GC heap before
{Heap before GC invocations=75 (full 0):
 garbage-first heap   total 798720K, used 607709K [0x0000000700000000, 0x0000000800000000)
  region size 2048K, 74 young (151552K), 10 survivors (20480K)
 Metaspace       used 150992K, committed 153536K, reserved 622592K
  class space    used 21082K, committed 22336K, reserved 425984K
}
Event: 43.083 GC heap after
{Heap after GC invocations=76 (full 0):
 garbage-first heap   total 798720K, used 491252K [0x0000000700000000, 0x0000000800000000)
  region size 2048K, 10 young (20480K), 10 survivors (20480K)
 Metaspace       used 150992K, committed 153536K, reserved 622592K
  class space    used 21082K, committed 22336K, reserved 425984K
}
Event: 43.953 GC heap before
{Heap before GC invocations=76 (full 0):
 garbage-first heap   total 798720K, used 665332K [0x0000000700000000, 0x0000000800000000)
  region size 2048K, 96 young (196608K), 10 survivors (20480K)
 Metaspace       used 157895K, committed 160448K, reserved 622592K
  class space    used 22335K, committed 23552K, reserved 425984K
}
Event: 43.988 GC heap after
{Heap after GC invocations=77 (full 0):
 garbage-first heap   total 798720K, used 458519K [0x0000000700000000, 0x0000000800000000)
  region size 2048K, 6 young (12288K), 6 survivors (12288K)
 Metaspace       used 157895K, committed 160448K, reserved 622592K
  class space    used 22335K, committed 23552K, reserved 425984K
}
Event: 44.646 GC heap before
{Heap before GC invocations=77 (full 0):
 garbage-first heap   total 798720K, used 671511K [0x0000000700000000, 0x0000000800000000)
  region size 2048K, 111 young (227328K), 6 survivors (12288K)
 Metaspace       used 159463K, committed 161984K, reserved 622592K
  class space    used 22521K, committed 23744K, reserved 425984K
}

