# JRE version: OpenJDK Runtime Environment Temurin-21.0.7+6 (21.0.7+6) (build 21.0.7+6-LTS)
# Java VM: OpenJDK 64-Bit Server VM Temurin-21.0.7+6 (21.0.7+6-LTS, mixed mode, sharing, tiered, compressed oops, compressed class ptrs, g1 gc, windows-amd64)
GC Precious Log:
 CardTable entry size: 512
 Card Set container configuration: InlinePtr #cards 4 size 8 Array Of Cards #cards 16 size 48 Howl #buckets 8 coarsen threshold 3686 Howl Bitmap #cards 512 size 80 coarsen threshold 460 Card regions per heap region 1 cards per card region 4096
 CPUs: 12 total, 12 available
 Memory: 16027M
 Large Page Support: Disabled
 NUMA Support: Disabled
 Compressed Oops: Enabled (Zero based)
 Heap Region Size: 2M
 Heap Min Capacity: 8M
 Heap Initial Capacity: 252M
 Heap Max Capacity: 4G
 Pre-touch: Disabled
 Parallel Workers: 10
 Concurrent Workers: 3
 Concurrent Refinement Workers: 10
 Periodic GC: Disabled
Heap:
 garbage-first heap   total 288768K, used 169484K [0x0000000700000000, 0x0000000800000000)
  region size 2048K, 22 young (45056K), 6 survivors (12288K)
 Metaspace       used 158566K, committed 161216K, reserved 622592K
  class space    used 20506K, committed 21824K, reserved 425984K
GC Heap History (20 events):
Event: 14.696 GC heap before
{Heap before GC invocations=37 (full 0):
 garbage-first heap   total 235520K, used 209218K [0x0000000700000000, 0x0000000800000000)
  region size 2048K, 33 young (67584K), 5 survivors (10240K)
 Metaspace       used 131429K, committed 133696K, reserved 557056K
  class space    used 17004K, committed 18112K, reserved 425984K
}
Event: 14.702 GC heap after
{Heap after GC invocations=38 (full 0):
 garbage-first heap   total 235520K, used 154395K [0x0000000700000000, 0x0000000800000000)
  region size 2048K, 4 young (8192K), 4 survivors (8192K)
 Metaspace       used 131429K, committed 133696K, reserved 557056K
  class space    used 17004K, committed 18112K, reserved 425984K
}
Event: 15.319 GC heap before
{Heap before GC invocations=39 (full 0):
 garbage-first heap   total 235520K, used 195355K [0x0000000700000000, 0x0000000800000000)
  region size 2048K, 32 young (65536K), 4 survivors (8192K)
 Metaspace       used 132623K, committed 134848K, reserved 557056K
  class space    used 17153K, committed 18240K, reserved 425984K
}
Event: 15.331 GC heap after
{Heap after GC invocations=40 (full 0):
 garbage-first heap   total 235520K, used 152524K [0x0000000700000000, 0x0000000800000000)
  region size 2048K, 4 young (8192K), 4 survivors (8192K)
 Metaspace       used 132623K, committed 134848K, reserved 557056K
  class space    used 17153K, committed 18240K, reserved 425984K
}
Event: 15.408 GC heap before
{Heap before GC invocations=40 (full 0):
 garbage-first heap   total 235520K, used 205772K [0x0000000700000000, 0x0000000800000000)
  region size 2048K, 30 young (61440K), 4 survivors (8192K)
 Metaspace       used 132651K, committed 134848K, reserved 557056K
  class space    used 17153K, committed 18240K, reserved 425984K
}
Event: 15.419 GC heap after
{Heap after GC invocations=41 (full 0):
 garbage-first heap   total 288768K, used 152768K [0x0000000700000000, 0x0000000800000000)
  region size 2048K, 4 young (8192K), 4 survivors (8192K)
 Metaspace       used 132651K, committed 134848K, reserved 557056K
  class space    used 17153K, committed 18240K, reserved 425984K
}
Event: 15.999 GC heap before
{Heap before GC invocations=41 (full 0):
 garbage-first heap   total 288768K, used 234688K [0x0000000700000000, 0x0000000800000000)
  region size 2048K, 45 young (92160K), 4 survivors (8192K)
 Metaspace       used 133127K, committed 135360K, reserved 557056K
  class space    used 17177K, committed 18304K, reserved 425984K
}
Event: 16.015 GC heap after
{Heap after GC invocations=42 (full 0):
 garbage-first heap   total 288768K, used 167372K [0x0000000700000000, 0x0000000800000000)
  region size 2048K, 6 young (12288K), 6 survivors (12288K)
 Metaspace       used 133127K, committed 135360K, reserved 557056K
  class space    used 17177K, committed 18304K, reserved 425984K
}
Event: 17.385 GC heap before
{Heap before GC invocations=42 (full 0):
 garbage-first heap   total 288768K, used 237004K [0x0000000700000000, 0x0000000800000000)
  region size 2048K, 40 young (81920K), 6 survivors (12288K)
 Metaspace       used 137621K, committed 139840K, reserved 557056K
  class space    used 17522K, committed 18624K, reserved 425984K
}
Event: 17.396 GC heap after
{Heap after GC invocations=43 (full 0):
 garbage-first heap   total 288768K, used 180769K [0x0000000700000000, 0x0000000800000000)
  region size 2048K, 5 young (10240K), 5 survivors (10240K)
 Metaspace       used 137621K, committed 139840K, reserved 557056K
  class space    used 17522K, committed 18624K, reserved 425984K
}
Event: 18.119 GC heap before
{Heap before GC invocations=43 (full 0):
 garbage-first heap   total 288768K, used 244257K [0x0000000700000000, 0x0000000800000000)
  region size 2048K, 36 young (73728K), 5 survivors (10240K)
 Metaspace       used 142252K, committed 144640K, reserved 557056K
  class space    used 18224K, committed 19392K, reserved 425984K
}
Event: 18.128 GC heap after
{Heap after GC invocations=44 (full 0):
 garbage-first heap   total 288768K, used 183999K [0x0000000700000000, 0x0000000800000000)
  region size 2048K, 2 young (4096K), 2 survivors (4096K)
 Metaspace       used 142252K, committed 144640K, reserved 557056K
  class space    used 18224K, committed 19392K, reserved 425984K
}
Event: 18.938 GC heap before
{Heap before GC invocations=44 (full 0):
 garbage-first heap   total 288768K, used 249535K [0x0000000700000000, 0x0000000800000000)
  region size 2048K, 34 young (69632K), 2 survivors (4096K)
 Metaspace       used 146942K, committed 149440K, reserved 557056K
  class space    used 18976K, committed 20224K, reserved 425984K
}
Event: 18.943 GC heap after
{Heap after GC invocations=45 (full 0):
 garbage-first heap   total 288768K, used 186634K [0x0000000700000000, 0x0000000800000000)
  region size 2048K, 3 young (6144K), 3 survivors (6144K)
 Metaspace       used 146942K, committed 149440K, reserved 557056K
  class space    used 18976K, committed 20224K, reserved 425984K
}
Event: 19.868 GC heap before
{Heap before GC invocations=46 (full 0):
 garbage-first heap   total 288768K, used 225546K [0x0000000700000000, 0x0000000800000000)
  region size 2048K, 37 young (75776K), 3 survivors (6144K)
 Metaspace       used 152244K, committed 154752K, reserved 622592K
  class space    used 19710K, committed 20992K, reserved 425984K
}
Event: 19.876 GC heap after
{Heap after GC invocations=47 (full 0):
 garbage-first heap   total 288768K, used 163490K [0x0000000700000000, 0x0000000800000000)
  region size 2048K, 5 young (10240K), 5 survivors (10240K)
 Metaspace       used 152244K, committed 154752K, reserved 622592K
  class space    used 19710K, committed 20992K, reserved 425984K
}
Event: 20.725 GC heap before
{Heap before GC invocations=47 (full 0):
 garbage-first heap   total 288768K, used 251554K [0x0000000700000000, 0x0000000800000000)
  region size 2048K, 49 young (100352K), 5 survivors (10240K)
 Metaspace       used 152465K, committed 154944K, reserved 622592K
  class space    used 19729K, committed 20992K, reserved 425984K
}
Event: 20.734 GC heap after
{Heap after GC invocations=48 (full 0):
 garbage-first heap   total 288768K, used 138046K [0x0000000700000000, 0x0000000800000000)
  region size 2048K, 6 young (12288K), 6 survivors (12288K)
 Metaspace       used 152465K, committed 154944K, reserved 622592K
  class space    used 19729K, committed 20992K, reserved 425984K
}
Event: 105.969 GC heap before
{Heap before GC invocations=48 (full 0):
 garbage-first heap   total 288768K, used 254782K [0x0000000700000000, 0x0000000800000000)
  region size 2048K, 60 young (122880K), 6 survivors (12288K)
 Metaspace       used 156570K, committed 159168K, reserved 622592K
  class space    used 20187K, committed 21504K, reserved 425984K
}
Event: 106.000 GC heap after
{Heap after GC invocations=49 (full 0):
 garbage-first heap   total 288768K, used 132620K [0x0000000700000000, 0x0000000800000000)
  region size 2048K, 6 young (12288K), 6 survivors (12288K)
 Metaspace       used 156570K, committed 159168K, reserved 622592K
  class space    used 20187K, committed 21504K, reserved 425984K
}

