# JRE version: OpenJDK Runtime Environment (21.0.10) (build 21.0.10+-14961533-b1163.108)
# Java VM: OpenJDK 64-Bit Server VM (21.0.10+-14961533-b1163.108, mixed mode, tiered, compressed oops, compressed class ptrs, g1 gc, windows-amd64)
GC Precious Log:
 CardTable entry size: 512
 Card Set container configuration: InlinePtr #cards 5 size 8 Array Of Cards #cards 12 size 40 Howl #buckets 4 coarsen threshold 1843 Howl Bitmap #cards 512 size 80 coarsen threshold 460 Card regions per heap region 1 cards per card region 2048
 CPUs: 12 total, 12 available
 Memory: 16027M
 Large Page Support: Disabled
 NUMA Support: Disabled
 Compressed Oops: Enabled (32-bit)
 Heap Region Size: 1M
 Heap Min Capacity: 8M
 Heap Initial Capacity: 252M
 Heap Max Capacity: 2G
 Pre-touch: Disabled
 Parallel Workers: 10
 Concurrent Workers: 3
 Concurrent Refinement Workers: 10
 Periodic GC: Disabled
Heap:
 garbage-first heap   total 264192K, used 174400K [0x0000000080000000, 0x0000000100000000)
  region size 1024K, 19 young (19456K), 7 survivors (7168K)
 Metaspace       used 129096K, committed 131584K, reserved 1179648K
  class space    used 18112K, committed 19328K, reserved 1048576K
GC Heap History (20 events):
Event: 16.174 GC heap before
{Heap before GC invocations=41 (full 0):
 garbage-first heap   total 202752K, used 178089K [0x0000000080000000, 0x0000000100000000)
  region size 1024K, 69 young (70656K), 7 survivors (7168K)
 Metaspace       used 114163K, committed 116480K, reserved 1179648K
  class space    used 16296K, committed 17408K, reserved 1048576K
}
Event: 16.181 GC heap after
{Heap after GC invocations=42 (full 0):
 garbage-first heap   total 202752K, used 117351K [0x0000000080000000, 0x0000000100000000)
  region size 1024K, 4 young (4096K), 4 survivors (4096K)
 Metaspace       used 114163K, committed 116480K, reserved 1179648K
  class space    used 16296K, committed 17408K, reserved 1048576K
}
Event: 16.805 GC heap before
{Heap before GC invocations=43 (full 0):
 garbage-first heap   total 202752K, used 180839K [0x0000000080000000, 0x0000000100000000)
  region size 1024K, 67 young (68608K), 4 survivors (4096K)
 Metaspace       used 114593K, committed 116992K, reserved 1179648K
  class space    used 16370K, committed 17536K, reserved 1048576K
}
Event: 16.811 GC heap after
{Heap after GC invocations=44 (full 0):
 garbage-first heap   total 202752K, used 120367K [0x0000000080000000, 0x0000000100000000)
  region size 1024K, 7 young (7168K), 7 survivors (7168K)
 Metaspace       used 114593K, committed 116992K, reserved 1179648K
  class space    used 16370K, committed 17536K, reserved 1048576K
}
Event: 17.126 GC heap before
{Heap before GC invocations=44 (full 0):
 garbage-first heap   total 202752K, used 182831K [0x0000000080000000, 0x0000000100000000)
  region size 1024K, 69 young (70656K), 7 survivors (7168K)
 Metaspace       used 114788K, committed 117184K, reserved 1179648K
  class space    used 16394K, committed 17536K, reserved 1048576K
}
Event: 17.133 GC heap after
{Heap after GC invocations=45 (full 0):
 garbage-first heap   total 202752K, used 120657K [0x0000000080000000, 0x0000000100000000)
  region size 1024K, 5 young (5120K), 5 survivors (5120K)
 Metaspace       used 114788K, committed 117184K, reserved 1179648K
  class space    used 16394K, committed 17536K, reserved 1048576K
}
Event: 17.538 GC heap before
{Heap before GC invocations=45 (full 0):
 garbage-first heap   total 202752K, used 184145K [0x0000000080000000, 0x0000000100000000)
  region size 1024K, 68 young (69632K), 5 survivors (5120K)
 Metaspace       used 115206K, committed 117504K, reserved 1179648K
  class space    used 16477K, committed 17600K, reserved 1048576K
}
Event: 17.542 GC heap after
{Heap after GC invocations=46 (full 0):
 garbage-first heap   total 202752K, used 122590K [0x0000000080000000, 0x0000000100000000)
  region size 1024K, 7 young (7168K), 7 survivors (7168K)
 Metaspace       used 115206K, committed 117504K, reserved 1179648K
  class space    used 16477K, committed 17600K, reserved 1048576K
}
Event: 18.173 GC heap before
{Heap before GC invocations=47 (full 0):
 garbage-first heap   total 215040K, used 192222K [0x0000000080000000, 0x0000000100000000)
  region size 1024K, 69 young (70656K), 7 survivors (7168K)
 Metaspace       used 118457K, committed 120896K, reserved 1179648K
  class space    used 16819K, committed 17984K, reserved 1048576K
}
Event: 18.198 GC heap after
{Heap after GC invocations=48 (full 0):
 garbage-first heap   total 215040K, used 132993K [0x0000000080000000, 0x0000000100000000)
  region size 1024K, 9 young (9216K), 9 survivors (9216K)
 Metaspace       used 118457K, committed 120896K, reserved 1179648K
  class space    used 16819K, committed 17984K, reserved 1048576K
}
Event: 19.468 GC heap before
{Heap before GC invocations=48 (full 0):
 garbage-first heap   total 215040K, used 195457K [0x0000000080000000, 0x0000000100000000)
  region size 1024K, 69 young (70656K), 9 survivors (9216K)
 Metaspace       used 124856K, committed 127232K, reserved 1179648K
  class space    used 17624K, committed 18752K, reserved 1048576K
}
Event: 19.485 GC heap after
{Heap after GC invocations=49 (full 0):
 garbage-first heap   total 219136K, used 145137K [0x0000000080000000, 0x0000000100000000)
  region size 1024K, 9 young (9216K), 9 survivors (9216K)
 Metaspace       used 124856K, committed 127232K, reserved 1179648K
  class space    used 17624K, committed 18752K, reserved 1048576K
}
Event: 20.383 GC heap before
{Heap before GC invocations=49 (full 0):
 garbage-first heap   total 219136K, used 196337K [0x0000000080000000, 0x0000000100000000)
  region size 1024K, 59 young (60416K), 9 survivors (9216K)
 Metaspace       used 127521K, committed 129984K, reserved 1179648K
  class space    used 17933K, committed 19136K, reserved 1048576K
}
Event: 20.406 GC heap after
{Heap after GC invocations=50 (full 0):
 garbage-first heap   total 219136K, used 154423K [0x0000000080000000, 0x0000000100000000)
  region size 1024K, 8 young (8192K), 8 survivors (8192K)
 Metaspace       used 127521K, committed 129984K, reserved 1179648K
  class space    used 17933K, committed 19136K, reserved 1048576K
}
Event: 21.213 GC heap before
{Heap before GC invocations=51 (full 0):
 garbage-first heap   total 258048K, used 197431K [0x0000000080000000, 0x0000000100000000)
  region size 1024K, 51 young (52224K), 8 survivors (8192K)
 Metaspace       used 128977K, committed 131456K, reserved 1179648K
  class space    used 18104K, committed 19328K, reserved 1048576K
}
Event: 21.223 GC heap after
{Heap after GC invocations=52 (full 0):
 garbage-first heap   total 258048K, used 159513K [0x0000000080000000, 0x0000000100000000)
  region size 1024K, 5 young (5120K), 5 survivors (5120K)
 Metaspace       used 128977K, committed 131456K, reserved 1179648K
  class space    used 18104K, committed 19328K, reserved 1048576K
}
Event: 21.869 GC heap before
{Heap before GC invocations=52 (full 0):
 garbage-first heap   total 258048K, used 229145K [0x0000000080000000, 0x0000000100000000)
  region size 1024K, 74 young (75776K), 5 survivors (5120K)
 Metaspace       used 129036K, committed 131520K, reserved 1179648K
  class space    used 18109K, committed 19328K, reserved 1048576K
}
Event: 21.877 GC heap after
{Heap after GC invocations=53 (full 0):
 garbage-first heap   total 258048K, used 161056K [0x0000000080000000, 0x0000000100000000)
  region size 1024K, 7 young (7168K), 7 survivors (7168K)
 Metaspace       used 129036K, committed 131520K, reserved 1179648K
  class space    used 18109K, committed 19328K, reserved 1048576K
}
Event: 22.499 GC heap before
{Heap before GC invocations=53 (full 0):
 garbage-first heap   total 258048K, used 232736K [0x0000000080000000, 0x0000000100000000)
  region size 1024K, 78 young (79872K), 7 survivors (7168K)
 Metaspace       used 129066K, committed 131520K, reserved 1179648K
  class space    used 18111K, committed 19328K, reserved 1048576K
}
Event: 22.506 GC heap after
{Heap after GC invocations=54 (full 0):
 garbage-first heap   total 258048K, used 163136K [0x0000000080000000, 0x0000000100000000)
  region size 1024K, 7 young (7168K), 7 survivors (7168K)
 Metaspace       used 129066K, committed 131520K, reserved 1179648K
  class space    used 18111K, committed 19328K, reserved 1048576K
}

