# JRE version: OpenJDK Runtime Environment (21.0.10) (build 21.0.10+-14961533-b1163.108)
# Java VM: OpenJDK 64-Bit Server VM (21.0.10+-14961533-b1163.108, mixed mode, tiered, compressed oops, compressed class ptrs, g1 gc, windows-amd64)
GC Precious Log:
 CardTable entry size: 512
 Card Set container configuration: InlinePtr #cards 4 size 8 Array Of Cards #cards 16 size 48 Howl #buckets 8 coarsen threshold 3686 Howl Bitmap #cards 512 size 80 coarsen threshold 460 Card regions per heap region 1 cards per card region 4096
 CPUs: 12 total, 12 available
 Memory: 16027M
 Large Page Support: Disabled
 NUMA Support: Disabled
 Compressed Oops: Enabled (Zero based)
 Heap Region Size: 2M
 Heap Min Capacity: 8M
 Heap Initial Capacity: 252M
 Heap Max Capacity: 4G
 Pre-touch: Disabled
 Parallel Workers: 10
 Concurrent Workers: 3
 Concurrent Refinement Workers: 10
 Periodic GC: Disabled
Heap:
 garbage-first heap   total 806912K, used 485146K [0x0000000700000000, 0x0000000800000000)
  region size 2048K, 16 young (32768K), 16 survivors (32768K)
 Metaspace       used 153582K, committed 156096K, reserved 622592K
  class space    used 21729K, committed 22912K, reserved 425984K
GC Heap History (20 events):
Event: 34.893 GC heap after
{Heap after GC invocations=58 (full 0):
 garbage-first heap   total 421888K, used 267357K [0x0000000700000000, 0x0000000800000000)
  region size 2048K, 9 young (18432K), 9 survivors (18432K)
 Metaspace       used 133409K, committed 135872K, reserved 557056K
  class space    used 18720K, committed 19904K, reserved 425984K
}
Event: 35.852 GC heap before
{Heap before GC invocations=59 (full 0):
 garbage-first heap   total 454656K, used 365661K [0x0000000700000000, 0x0000000800000000)
  region size 2048K, 56 young (114688K), 9 survivors (18432K)
 Metaspace       used 136584K, committed 139008K, reserved 557056K
  class space    used 19367K, committed 20544K, reserved 425984K
}
Event: 35.891 GC heap after
{Heap after GC invocations=60 (full 0):
 garbage-first heap   total 454656K, used 305100K [0x0000000700000000, 0x0000000800000000)
  region size 2048K, 7 young (14336K), 7 survivors (14336K)
 Metaspace       used 136584K, committed 139008K, reserved 557056K
  class space    used 19367K, committed 20544K, reserved 425984K
}
Event: 36.143 GC heap before
{Heap before GC invocations=60 (full 0):
 garbage-first heap   total 454656K, used 393164K [0x0000000700000000, 0x0000000800000000)
  region size 2048K, 50 young (102400K), 7 survivors (14336K)
 Metaspace       used 136689K, committed 139136K, reserved 557056K
  class space    used 19369K, committed 20544K, reserved 425984K
}
Event: 36.196 GC heap after
{Heap after GC invocations=61 (full 0):
 garbage-first heap   total 458752K, used 348160K [0x0000000700000000, 0x0000000800000000)
  region size 2048K, 7 young (14336K), 7 survivors (14336K)
 Metaspace       used 136689K, committed 139136K, reserved 557056K
  class space    used 19369K, committed 20544K, reserved 425984K
}
Event: 36.353 GC heap before
{Heap before GC invocations=61 (full 0):
 garbage-first heap   total 458752K, used 405504K [0x0000000700000000, 0x0000000800000000)
  region size 2048K, 35 young (71680K), 7 survivors (14336K)
 Metaspace       used 136696K, committed 139136K, reserved 557056K
  class space    used 19369K, committed 20544K, reserved 425984K
}
Event: 36.389 GC heap after
{Heap after GC invocations=62 (full 0):
 garbage-first heap   total 780288K, used 379904K [0x0000000700000000, 0x0000000800000000)
  region size 2048K, 5 young (10240K), 5 survivors (10240K)
 Metaspace       used 136696K, committed 139136K, reserved 557056K
  class space    used 19369K, committed 20544K, reserved 425984K
}
Event: 38.045 GC heap before
{Heap before GC invocations=63 (full 0):
 garbage-first heap   total 780288K, used 578560K [0x0000000700000000, 0x0000000800000000)
  region size 2048K, 101 young (206848K), 5 survivors (10240K)
 Metaspace       used 140293K, committed 142720K, reserved 557056K
  class space    used 19859K, committed 21056K, reserved 425984K
}
Event: 38.094 GC heap after
{Heap after GC invocations=64 (full 0):
 garbage-first heap   total 780288K, used 461490K [0x0000000700000000, 0x0000000800000000)
  region size 2048K, 13 young (26624K), 13 survivors (26624K)
 Metaspace       used 140293K, committed 142720K, reserved 557056K
  class space    used 19859K, committed 21056K, reserved 425984K
}
Event: 39.231 GC heap before
{Heap before GC invocations=64 (full 0):
 garbage-first heap   total 780288K, used 613042K [0x0000000700000000, 0x0000000800000000)
  region size 2048K, 87 young (178176K), 13 survivors (26624K)
 Metaspace       used 142174K, committed 144576K, reserved 557056K
  class space    used 20143K, committed 21312K, reserved 425984K
}
Event: 39.273 GC heap after
{Heap after GC invocations=65 (full 0):
 garbage-first heap   total 780288K, used 482187K [0x0000000700000000, 0x0000000800000000)
  region size 2048K, 11 young (22528K), 11 survivors (22528K)
 Metaspace       used 142174K, committed 144576K, reserved 557056K
  class space    used 20143K, committed 21312K, reserved 425984K
}
Event: 40.008 GC heap before
{Heap before GC invocations=65 (full 0):
 garbage-first heap   total 780288K, used 633739K [0x0000000700000000, 0x0000000800000000)
  region size 2048K, 86 young (176128K), 11 survivors (22528K)
 Metaspace       used 143069K, committed 145408K, reserved 557056K
  class space    used 20241K, committed 21376K, reserved 425984K
}
Event: 40.028 GC heap after
{Heap after GC invocations=66 (full 0):
 garbage-first heap   total 780288K, used 489344K [0x0000000700000000, 0x0000000800000000)
  region size 2048K, 4 young (8192K), 4 survivors (8192K)
 Metaspace       used 143069K, committed 145408K, reserved 557056K
  class space    used 20241K, committed 21376K, reserved 425984K
}
Event: 40.718 GC heap before
{Heap before GC invocations=66 (full 0):
 garbage-first heap   total 780288K, used 651136K [0x0000000700000000, 0x0000000800000000)
  region size 2048K, 84 young (172032K), 4 survivors (8192K)
 Metaspace       used 147665K, committed 150080K, reserved 557056K
  class space    used 21033K, committed 22208K, reserved 425984K
}
Event: 40.737 GC heap after
{Heap after GC invocations=67 (full 0):
 garbage-first heap   total 780288K, used 504254K [0x0000000700000000, 0x0000000800000000)
  region size 2048K, 11 young (22528K), 11 survivors (22528K)
 Metaspace       used 147665K, committed 150080K, reserved 557056K
  class space    used 21033K, committed 22208K, reserved 425984K
}
Event: 41.759 GC heap before
{Heap before GC invocations=68 (full 0):
 garbage-first heap   total 806912K, used 647614K [0x0000000700000000, 0x0000000800000000)
  region size 2048K, 93 young (190464K), 11 survivors (22528K)
 Metaspace       used 151885K, committed 154368K, reserved 622592K
  class space    used 21585K, committed 22784K, reserved 425984K
}
Event: 41.784 GC heap after
{Heap after GC invocations=69 (full 0):
 garbage-first heap   total 806912K, used 492368K [0x0000000700000000, 0x0000000800000000)
  region size 2048K, 6 young (12288K), 6 survivors (12288K)
 Metaspace       used 151885K, committed 154368K, reserved 622592K
  class space    used 21585K, committed 22784K, reserved 425984K
}
Event: 42.436 GC heap before
{Heap before GC invocations=69 (full 0):
 garbage-first heap   total 806912K, used 691024K [0x0000000700000000, 0x0000000800000000)
  region size 2048K, 104 young (212992K), 6 survivors (12288K)
 Metaspace       used 153034K, committed 155520K, reserved 622592K
  class space    used 21716K, committed 22912K, reserved 425984K
}
Event: 42.483 GC heap after
{Heap after GC invocations=70 (full 0):
 garbage-first heap   total 806912K, used 456928K [0x0000000700000000, 0x0000000800000000)
  region size 2048K, 8 young (16384K), 8 survivors (16384K)
 Metaspace       used 153034K, committed 155520K, reserved 622592K
  class space    used 21716K, committed 22912K, reserved 425984K
}
Event: 43.730 GC heap before
{Heap before GC invocations=70 (full 0):
 garbage-first heap   total 806912K, used 723168K [0x0000000700000000, 0x0000000800000000)
  region size 2048K, 133 young (272384K), 8 survivors (16384K)
 Metaspace       used 153582K, committed 156096K, reserved 622592K
  class space    used 21729K, committed 22912K, reserved 425984K
}

