# JRE version: OpenJDK Runtime Environment (21.0.10) (build 21.0.10+-14961533-b1163.108)
# Java VM: OpenJDK 64-Bit Server VM (21.0.10+-14961533-b1163.108, mixed mode, tiered, compressed oops, compressed class ptrs, g1 gc, windows-amd64)
GC Precious Log:
 CardTable entry size: 512
 Card Set container configuration: InlinePtr #cards 4 size 8 Array Of Cards #cards 16 size 48 Howl #buckets 8 coarsen threshold 3686 Howl Bitmap #cards 512 size 80 coarsen threshold 460 Card regions per heap region 1 cards per card region 4096
 CPUs: 12 total, 12 available
 Memory: 16027M
 Large Page Support: Disabled
 NUMA Support: Disabled
 Compressed Oops: Enabled (Zero based)
 Heap Region Size: 2M
 Heap Min Capacity: 8M
 Heap Initial Capacity: 252M
 Heap Max Capacity: 4G
 Pre-touch: Disabled
 Parallel Workers: 10
 Concurrent Workers: 3
 Concurrent Refinement Workers: 10
 Periodic GC: Disabled
Heap:
 garbage-first heap   total 495616K, used 255677K [0x0000000700000000, 0x0000000800000000)
  region size 2048K, 8 young (16384K), 8 survivors (16384K)
 Metaspace       used 146504K, committed 149056K, reserved 557056K
  class space    used 21103K, committed 22336K, reserved 425984K
GC Heap History (20 events):
Event: 15.156 GC heap after
{Heap after GC invocations=55 (full 0):
 garbage-first heap   total 372736K, used 146912K [0x0000000700000000, 0x0000000800000000)
  region size 2048K, 6 young (12288K), 6 survivors (12288K)
 Metaspace       used 122200K, committed 124672K, reserved 557056K
  class space    used 17324K, committed 18496K, reserved 425984K
}
Event: 15.853 GC heap before
{Heap before GC invocations=56 (full 0):
 garbage-first heap   total 372736K, used 345568K [0x0000000700000000, 0x0000000800000000)
  region size 2048K, 104 young (212992K), 6 survivors (12288K)
 Metaspace       used 123503K, committed 125952K, reserved 557056K
  class space    used 17390K, committed 18560K, reserved 425984K
}
Event: 15.859 GC heap after
{Heap after GC invocations=57 (full 0):
 garbage-first heap   total 372736K, used 143868K [0x0000000700000000, 0x0000000800000000)
  region size 2048K, 4 young (8192K), 4 survivors (8192K)
 Metaspace       used 123503K, committed 125952K, reserved 557056K
  class space    used 17390K, committed 18560K, reserved 425984K
}
Event: 17.303 GC heap before
{Heap before GC invocations=57 (full 0):
 garbage-first heap   total 372736K, used 348668K [0x0000000700000000, 0x0000000800000000)
  region size 2048K, 105 young (215040K), 4 survivors (8192K)
 Metaspace       used 129499K, committed 131968K, reserved 557056K
  class space    used 18292K, committed 19520K, reserved 425984K
}
Event: 17.316 GC heap after
{Heap after GC invocations=58 (full 0):
 garbage-first heap   total 380928K, used 162586K [0x0000000700000000, 0x0000000800000000)
  region size 2048K, 14 young (28672K), 14 survivors (28672K)
 Metaspace       used 129499K, committed 131968K, reserved 557056K
  class space    used 18292K, committed 19520K, reserved 425984K
}
Event: 17.950 GC heap before
{Heap before GC invocations=58 (full 0):
 garbage-first heap   total 380928K, used 340762K [0x0000000700000000, 0x0000000800000000)
  region size 2048K, 102 young (208896K), 14 survivors (28672K)
 Metaspace       used 133809K, committed 136384K, reserved 557056K
  class space    used 18980K, committed 20224K, reserved 425984K
}
Event: 17.981 GC heap after
{Heap after GC invocations=59 (full 0):
 garbage-first heap   total 403456K, used 189970K [0x0000000700000000, 0x0000000800000000)
  region size 2048K, 13 young (26624K), 13 survivors (26624K)
 Metaspace       used 133809K, committed 136384K, reserved 557056K
  class space    used 18980K, committed 20224K, reserved 425984K
}
Event: 18.356 GC heap before
{Heap before GC invocations=59 (full 0):
 garbage-first heap   total 403456K, used 351762K [0x0000000700000000, 0x0000000800000000)
  region size 2048K, 93 young (190464K), 13 survivors (26624K)
 Metaspace       used 137215K, committed 139776K, reserved 557056K
  class space    used 19708K, committed 20928K, reserved 425984K
}
Event: 18.389 GC heap after
{Heap after GC invocations=60 (full 0):
 garbage-first heap   total 495616K, used 220883K [0x0000000700000000, 0x0000000800000000)
  region size 2048K, 12 young (24576K), 12 survivors (24576K)
 Metaspace       used 137215K, committed 139776K, reserved 557056K
  class space    used 19708K, committed 20928K, reserved 425984K
}
Event: 19.537 GC heap before
{Heap before GC invocations=61 (full 0):
 garbage-first heap   total 495616K, used 425683K [0x0000000700000000, 0x0000000800000000)
  region size 2048K, 112 young (229376K), 12 survivors (24576K)
 Metaspace       used 144663K, committed 147264K, reserved 557056K
  class space    used 20931K, committed 22208K, reserved 425984K
}
Event: 19.561 GC heap after
{Heap after GC invocations=62 (full 0):
 garbage-first heap   total 495616K, used 238559K [0x0000000700000000, 0x0000000800000000)
  region size 2048K, 8 young (16384K), 8 survivors (16384K)
 Metaspace       used 144663K, committed 147264K, reserved 557056K
  class space    used 20931K, committed 22208K, reserved 425984K
}
Event: 20.081 GC heap before
{Heap before GC invocations=62 (full 0):
 garbage-first heap   total 495616K, used 433119K [0x0000000700000000, 0x0000000800000000)
  region size 2048K, 103 young (210944K), 8 survivors (16384K)
 Metaspace       used 145601K, committed 148160K, reserved 557056K
  class space    used 21024K, committed 22272K, reserved 425984K
}
Event: 20.098 GC heap after
{Heap after GC invocations=63 (full 0):
 garbage-first heap   total 495616K, used 247596K [0x0000000700000000, 0x0000000800000000)
  region size 2048K, 6 young (12288K), 6 survivors (12288K)
 Metaspace       used 145601K, committed 148160K, reserved 557056K
  class space    used 21024K, committed 22272K, reserved 425984K
}
Event: 20.474 GC heap before
{Heap before GC invocations=63 (full 0):
 garbage-first heap   total 495616K, used 440108K [0x0000000700000000, 0x0000000800000000)
  region size 2048K, 101 young (206848K), 6 survivors (12288K)
 Metaspace       used 145925K, committed 148480K, reserved 557056K
  class space    used 21068K, committed 22336K, reserved 425984K
}
Event: 20.483 GC heap after
{Heap after GC invocations=64 (full 0):
 garbage-first heap   total 495616K, used 253627K [0x0000000700000000, 0x0000000800000000)
  region size 2048K, 9 young (18432K), 9 survivors (18432K)
 Metaspace       used 145925K, committed 148480K, reserved 557056K
  class space    used 21068K, committed 22336K, reserved 425984K
}
Event: 20.942 GC heap before
{Heap before GC invocations=65 (full 0):
 garbage-first heap   total 495616K, used 446139K [0x0000000700000000, 0x0000000800000000)
  region size 2048K, 104 young (212992K), 9 survivors (18432K)
 Metaspace       used 146060K, committed 148608K, reserved 557056K
  class space    used 21069K, committed 22336K, reserved 425984K
}
Event: 20.955 GC heap after
{Heap after GC invocations=66 (full 0):
 garbage-first heap   total 495616K, used 259850K [0x0000000700000000, 0x0000000800000000)
  region size 2048K, 7 young (14336K), 7 survivors (14336K)
 Metaspace       used 146060K, committed 148608K, reserved 557056K
  class space    used 21069K, committed 22336K, reserved 425984K
}
Event: 21.247 GC heap before
{Heap before GC invocations=66 (full 0):
 garbage-first heap   total 495616K, used 454410K [0x0000000700000000, 0x0000000800000000)
  region size 2048K, 103 young (210944K), 7 survivors (14336K)
 Metaspace       used 146336K, committed 148864K, reserved 557056K
  class space    used 21100K, committed 22336K, reserved 425984K
}
Event: 21.256 GC heap after
{Heap after GC invocations=67 (full 0):
 garbage-first heap   total 495616K, used 252892K [0x0000000700000000, 0x0000000800000000)
  region size 2048K, 6 young (12288K), 6 survivors (12288K)
 Metaspace       used 146336K, committed 148864K, reserved 557056K
  class space    used 21100K, committed 22336K, reserved 425984K
}
Event: 21.513 GC heap before
{Heap before GC invocations=67 (full 0):
 garbage-first heap   total 495616K, used 459740K [0x0000000700000000, 0x0000000800000000)
  region size 2048K, 107 young (219136K), 6 survivors (12288K)
 Metaspace       used 146504K, committed 149056K, reserved 557056K
  class space    used 21103K, committed 22336K, reserved 425984K
}

