# JRE version: OpenJDK Runtime Environment Temurin-21.0.7+6 (21.0.7+6) (build 21.0.7+6-LTS)
# Java VM: OpenJDK 64-Bit Server VM Temurin-21.0.7+6 (21.0.7+6-LTS, mixed mode, sharing, tiered, compressed oops, compressed class ptrs, g1 gc, windows-amd64)
GC Precious Log:
 CardTable entry size: 512
 Card Set container configuration: InlinePtr #cards 4 size 8 Array Of Cards #cards 32 size 80 Howl #buckets 8 coarsen threshold 7372 Howl Bitmap #cards 1024 size 144 coarsen threshold 921 Card regions per heap region 1 cards per card region 8192
 CPUs: 12 total, 12 available
 Memory: 16027M
 Large Page Support: Disabled
 NUMA Support: Disabled
 Compressed Oops: Enabled (Zero based)
 Heap Region Size: 4M
 Heap Min Capacity: 8M
 Heap Initial Capacity: 252M
 Heap Max Capacity: 6G
 Pre-touch: Disabled
 Parallel Workers: 10
 Concurrent Workers: 3
 Concurrent Refinement Workers: 10
 Periodic GC: Disabled
Heap:
 garbage-first heap   total 503808K, used 332286K [0x0000000680000000, 0x0000000800000000)
  region size 4096K, 1 young (4096K), 1 survivors (4096K)
 Metaspace       used 132562K, committed 135168K, reserved 983040K
  class space    used 18785K, committed 20096K, reserved 851968K
GC Heap History (20 events):
Event: 24.450 GC heap after
{Heap after GC invocations=50 (full 0):
 garbage-first heap   total 352256K, used 165798K [0x0000000680000000, 0x0000000800000000)
  region size 4096K, 3 young (12288K), 3 survivors (12288K)
 Metaspace       used 113404K, committed 115904K, reserved 983040K
  class space    used 15342K, committed 16576K, reserved 851968K
}
Event: 24.841 GC heap before
{Heap before GC invocations=50 (full 0):
 garbage-first heap   total 352256K, used 288678K [0x0000000680000000, 0x0000000800000000)
  region size 4096K, 34 young (139264K), 3 survivors (12288K)
 Metaspace       used 114730K, committed 117248K, reserved 983040K
  class space    used 15541K, committed 16768K, reserved 851968K
}
Event: 24.852 GC heap after
{Heap after GC invocations=51 (full 0):
 garbage-first heap   total 352256K, used 186217K [0x0000000680000000, 0x0000000800000000)
  region size 4096K, 5 young (20480K), 5 survivors (20480K)
 Metaspace       used 114730K, committed 117248K, reserved 983040K
  class space    used 15541K, committed 16768K, reserved 851968K
}
Event: 25.511 GC heap before
{Heap before GC invocations=51 (full 0):
 garbage-first heap   total 352256K, used 288617K [0x0000000680000000, 0x0000000800000000)
  region size 4096K, 30 young (122880K), 5 survivors (20480K)
 Metaspace       used 117796K, committed 120256K, reserved 983040K
  class space    used 16048K, committed 17280K, reserved 851968K
}
Event: 25.531 GC heap after
{Heap after GC invocations=52 (full 0):
 garbage-first heap   total 352256K, used 195591K [0x0000000680000000, 0x0000000800000000)
  region size 4096K, 4 young (16384K), 4 survivors (16384K)
 Metaspace       used 117796K, committed 120256K, reserved 983040K
  class space    used 16048K, committed 17280K, reserved 851968K
}
Event: 25.852 GC heap before
{Heap before GC invocations=52 (full 0):
 garbage-first heap   total 352256K, used 297991K [0x0000000680000000, 0x0000000800000000)
  region size 4096K, 29 young (118784K), 4 survivors (16384K)
 Metaspace       used 118945K, committed 121472K, reserved 983040K
  class space    used 16179K, committed 17408K, reserved 851968K
}
Event: 25.868 GC heap after
{Heap after GC invocations=53 (full 0):
 garbage-first heap   total 352256K, used 215911K [0x0000000680000000, 0x0000000800000000)
  region size 4096K, 4 young (16384K), 4 survivors (16384K)
 Metaspace       used 118945K, committed 121472K, reserved 983040K
  class space    used 16179K, committed 17408K, reserved 851968K
}
Event: 25.981 GC heap before
{Heap before GC invocations=53 (full 0):
 garbage-first heap   total 352256K, used 306023K [0x0000000680000000, 0x0000000800000000)
  region size 4096K, 26 young (106496K), 4 survivors (16384K)
 Metaspace       used 119190K, committed 121728K, reserved 983040K
  class space    used 16221K, committed 17472K, reserved 851968K
}
Event: 25.997 GC heap after
{Heap after GC invocations=54 (full 0):
 garbage-first heap   total 503808K, used 232991K [0x0000000680000000, 0x0000000800000000)
  region size 4096K, 4 young (16384K), 4 survivors (16384K)
 Metaspace       used 119190K, committed 121728K, reserved 983040K
  class space    used 16221K, committed 17472K, reserved 851968K
}
Event: 26.495 GC heap before
{Heap before GC invocations=55 (full 0):
 garbage-first heap   total 503808K, used 409119K [0x0000000680000000, 0x0000000800000000)
  region size 4096K, 48 young (196608K), 4 survivors (16384K)
 Metaspace       used 120286K, committed 122816K, reserved 983040K
  class space    used 16463K, committed 17728K, reserved 851968K
}
Event: 26.510 GC heap after
{Heap after GC invocations=56 (full 0):
 garbage-first heap   total 503808K, used 247471K [0x0000000680000000, 0x0000000800000000)
  region size 4096K, 4 young (16384K), 4 survivors (16384K)
 Metaspace       used 120286K, committed 122816K, reserved 983040K
  class space    used 16463K, committed 17728K, reserved 851968K
}
Event: 27.014 GC heap before
{Heap before GC invocations=56 (full 0):
 garbage-first heap   total 503808K, used 423599K [0x0000000680000000, 0x0000000800000000)
  region size 4096K, 47 young (192512K), 4 survivors (16384K)
 Metaspace       used 122592K, committed 125056K, reserved 983040K
  class space    used 16801K, committed 18048K, reserved 851968K
}
Event: 27.035 GC heap after
{Heap after GC invocations=57 (full 0):
 garbage-first heap   total 503808K, used 265528K [0x0000000680000000, 0x0000000800000000)
  region size 4096K, 6 young (24576K), 6 survivors (24576K)
 Metaspace       used 122592K, committed 125056K, reserved 983040K
  class space    used 16801K, committed 18048K, reserved 851968K
}
Event: 27.849 GC heap before
{Heap before GC invocations=57 (full 0):
 garbage-first heap   total 503808K, used 429368K [0x0000000680000000, 0x0000000800000000)
  region size 4096K, 47 young (192512K), 6 survivors (24576K)
 Metaspace       used 126815K, committed 129408K, reserved 983040K
  class space    used 17727K, committed 19008K, reserved 851968K
}
Event: 27.873 GC heap after
{Heap after GC invocations=58 (full 0):
 garbage-first heap   total 503808K, used 291831K [0x0000000680000000, 0x0000000800000000)
  region size 4096K, 6 young (24576K), 6 survivors (24576K)
 Metaspace       used 126815K, committed 129408K, reserved 983040K
  class space    used 17727K, committed 19008K, reserved 851968K
}
Event: 28.070 GC heap before
{Heap before GC invocations=58 (full 0):
 garbage-first heap   total 503808K, used 435191K [0x0000000680000000, 0x0000000800000000)
  region size 4096K, 42 young (172032K), 6 survivors (24576K)
 Metaspace       used 126957K, committed 129536K, reserved 983040K
  class space    used 17754K, committed 19008K, reserved 851968K
}
Event: 28.091 GC heap after
{Heap after GC invocations=59 (full 0):
 garbage-first heap   total 503808K, used 318502K [0x0000000680000000, 0x0000000800000000)
  region size 4096K, 6 young (24576K), 6 survivors (24576K)
 Metaspace       used 126957K, committed 129536K, reserved 983040K
  class space    used 17754K, committed 19008K, reserved 851968K
}
Event: 28.342 GC heap before
{Heap before GC invocations=60 (full 0):
 garbage-first heap   total 503808K, used 441382K [0x0000000680000000, 0x0000000800000000)
  region size 4096K, 37 young (151552K), 6 survivors (24576K)
 Metaspace       used 128135K, committed 130752K, reserved 983040K
  class space    used 17968K, committed 19264K, reserved 851968K
}
Event: 28.366 GC heap after
{Heap after GC invocations=61 (full 0):
 garbage-first heap   total 503808K, used 342869K [0x0000000680000000, 0x0000000800000000)
  region size 4096K, 5 young (20480K), 5 survivors (20480K)
 Metaspace       used 128135K, committed 130752K, reserved 983040K
  class space    used 17968K, committed 19264K, reserved 851968K
}
Event: 29.362 GC heap before
{Heap before GC invocations=61 (full 0):
 garbage-first heap   total 503808K, used 453461K [0x0000000680000000, 0x0000000800000000)
  region size 4096K, 32 young (131072K), 5 survivors (20480K)
 Metaspace       used 132562K, committed 135168K, reserved 983040K
  class space    used 18785K, committed 20096K, reserved 851968K
}

