# JRE version: OpenJDK Runtime Environment (21.0.10) (build 21.0.10+-14961533-b1163.108)
# Java VM: OpenJDK 64-Bit Server VM (21.0.10+-14961533-b1163.108, mixed mode, tiered, compressed oops, compressed class ptrs, g1 gc, windows-amd64)
GC Precious Log:
 CardTable entry size: 512
 Card Set container configuration: InlinePtr #cards 4 size 8 Array Of Cards #cards 16 size 48 Howl #buckets 8 coarsen threshold 3686 Howl Bitmap #cards 512 size 80 coarsen threshold 460 Card regions per heap region 1 cards per card region 4096
 CPUs: 12 total, 12 available
 Memory: 16027M
 Large Page Support: Disabled
 NUMA Support: Disabled
 Compressed Oops: Enabled (Zero based)
 Heap Region Size: 2M
 Heap Min Capacity: 8M
 Heap Initial Capacity: 252M
 Heap Max Capacity: 4G
 Pre-touch: Disabled
 Parallel Workers: 10
 Concurrent Workers: 3
 Concurrent Refinement Workers: 10
 Periodic GC: Disabled
Heap:
 garbage-first heap   total 518144K, used 329728K [0x0000000700000000, 0x0000000800000000)
  region size 2048K, 35 young (71680K), 4 survivors (8192K)
 Metaspace       used 261364K, committed 264448K, reserved 688128K
  class space    used 34375K, committed 35840K, reserved 425984K
GC Heap History (20 events):
Event: 224.783 GC heap before
{Heap before GC invocations=72 (full 0):
 garbage-first heap   total 509952K, used 397132K [0x0000000700000000, 0x0000000800000000)
  region size 2048K, 51 young (104448K), 5 survivors (10240K)
 Metaspace       used 219713K, committed 222528K, reserved 622592K
  class space    used 28721K, committed 30080K, reserved 425984K
}
Event: 224.796 GC heap after
{Heap after GC invocations=73 (full 0):
 garbage-first heap   total 509952K, used 287365K [0x0000000700000000, 0x0000000800000000)
  region size 2048K, 7 young (14336K), 7 survivors (14336K)
 Metaspace       used 219713K, committed 222528K, reserved 622592K
  class space    used 28721K, committed 30080K, reserved 425984K
}
Event: 225.616 GC heap before
{Heap before GC invocations=73 (full 0):
 garbage-first heap   total 509952K, used 428677K [0x0000000700000000, 0x0000000800000000)
  region size 2048K, 77 young (157696K), 7 survivors (14336K)
 Metaspace       used 222274K, committed 225152K, reserved 622592K
  class space    used 28954K, committed 30336K, reserved 425984K
}
Event: 225.629 GC heap after
{Heap after GC invocations=74 (full 0):
 garbage-first heap   total 509952K, used 278962K [0x0000000700000000, 0x0000000800000000)
  region size 2048K, 3 young (6144K), 3 survivors (6144K)
 Metaspace       used 222274K, committed 225152K, reserved 622592K
  class space    used 28954K, committed 30336K, reserved 425984K
}
Event: 226.988 GC heap before
{Heap before GC invocations=74 (full 0):
 garbage-first heap   total 509952K, used 432562K [0x0000000700000000, 0x0000000800000000)
  region size 2048K, 79 young (161792K), 3 survivors (6144K)
 Metaspace       used 223109K, committed 225920K, reserved 622592K
  class space    used 29043K, committed 30400K, reserved 425984K
}
Event: 226.996 GC heap after
{Heap after GC invocations=75 (full 0):
 garbage-first heap   total 509952K, used 284181K [0x0000000700000000, 0x0000000800000000)
  region size 2048K, 6 young (12288K), 6 survivors (12288K)
 Metaspace       used 223109K, committed 225920K, reserved 622592K
  class space    used 29043K, committed 30400K, reserved 425984K
}
Event: 228.628 GC heap before
{Heap before GC invocations=76 (full 0):
 garbage-first heap   total 509952K, used 441877K [0x0000000700000000, 0x0000000800000000)
  region size 2048K, 88 young (180224K), 6 survivors (12288K)
 Metaspace       used 224991K, committed 227904K, reserved 688128K
  class space    used 29266K, committed 30656K, reserved 425984K
}
Event: 228.640 GC heap after
{Heap after GC invocations=77 (full 0):
 garbage-first heap   total 509952K, used 279329K [0x0000000700000000, 0x0000000800000000)
  region size 2048K, 8 young (16384K), 8 survivors (16384K)
 Metaspace       used 224991K, committed 227904K, reserved 688128K
  class space    used 29266K, committed 30656K, reserved 425984K
}
Event: 230.235 GC heap before
{Heap before GC invocations=77 (full 0):
 garbage-first heap   total 509952K, used 453409K [0x0000000700000000, 0x0000000800000000)
  region size 2048K, 94 young (192512K), 8 survivors (16384K)
 Metaspace       used 226816K, committed 229696K, reserved 688128K
  class space    used 29510K, committed 30912K, reserved 425984K
}
Event: 230.269 GC heap after
{Heap after GC invocations=78 (full 0):
 garbage-first heap   total 509952K, used 249530K [0x0000000700000000, 0x0000000800000000)
  region size 2048K, 12 young (24576K), 12 survivors (24576K)
 Metaspace       used 226816K, committed 229696K, reserved 688128K
  class space    used 29510K, committed 30912K, reserved 425984K
}
Event: 234.402 GC heap before
{Heap before GC invocations=78 (full 0):
 garbage-first heap   total 509952K, used 456378K [0x0000000700000000, 0x0000000800000000)
  region size 2048K, 112 young (229376K), 12 survivors (24576K)
 Metaspace       used 238008K, committed 241024K, reserved 688128K
  class space    used 30820K, committed 32256K, reserved 425984K
}
Event: 234.443 GC heap after
{Heap after GC invocations=79 (full 0):
 garbage-first heap   total 518144K, used 278076K [0x0000000700000000, 0x0000000800000000)
  region size 2048K, 14 young (28672K), 14 survivors (28672K)
 Metaspace       used 238008K, committed 241024K, reserved 688128K
  class space    used 30820K, committed 32256K, reserved 425984K
}
Event: 237.957 GC heap before
{Heap before GC invocations=79 (full 0):
 garbage-first heap   total 518144K, used 454204K [0x0000000700000000, 0x0000000800000000)
  region size 2048K, 101 young (206848K), 14 survivors (28672K)
 Metaspace       used 243008K, committed 246016K, reserved 688128K
  class space    used 31470K, committed 32896K, reserved 425984K
}
Event: 237.981 GC heap after
{Heap after GC invocations=80 (full 0):
 garbage-first heap   total 518144K, used 281801K [0x0000000700000000, 0x0000000800000000)
  region size 2048K, 6 young (12288K), 6 survivors (12288K)
 Metaspace       used 243008K, committed 246016K, reserved 688128K
  class space    used 31470K, committed 32896K, reserved 425984K
}
Event: 239.941 GC heap before
{Heap before GC invocations=81 (full 0):
 garbage-first heap   total 518144K, used 459977K [0x0000000700000000, 0x0000000800000000)
  region size 2048K, 94 young (192512K), 6 survivors (12288K)
 Metaspace       used 258576K, committed 261632K, reserved 688128K
  class space    used 34158K, committed 35648K, reserved 425984K
}
Event: 239.955 GC heap after
{Heap after GC invocations=82 (full 0):
 garbage-first heap   total 518144K, used 289411K [0x0000000700000000, 0x0000000800000000)
  region size 2048K, 10 young (20480K), 10 survivors (20480K)
 Metaspace       used 258576K, committed 261632K, reserved 688128K
  class space    used 34158K, committed 35648K, reserved 425984K
}
Event: 240.799 GC heap before
{Heap before GC invocations=82 (full 0):
 garbage-first heap   total 518144K, used 467587K [0x0000000700000000, 0x0000000800000000)
  region size 2048K, 98 young (200704K), 10 survivors (20480K)
 Metaspace       used 260704K, committed 263680K, reserved 688128K
  class space    used 34344K, committed 35776K, reserved 425984K
}
Event: 240.817 GC heap after
{Heap after GC invocations=83 (full 0):
 garbage-first heap   total 518144K, used 279196K [0x0000000700000000, 0x0000000800000000)
  region size 2048K, 6 young (12288K), 6 survivors (12288K)
 Metaspace       used 260704K, committed 263680K, reserved 688128K
  class space    used 34344K, committed 35776K, reserved 425984K
}
Event: 242.233 GC heap before
{Heap before GC invocations=83 (full 0):
 garbage-first heap   total 518144K, used 473756K [0x0000000700000000, 0x0000000800000000)
  region size 2048K, 101 young (206848K), 6 survivors (12288K)
 Metaspace       used 261464K, committed 264512K, reserved 688128K
  class space    used 34372K, committed 35840K, reserved 425984K
}
Event: 242.241 GC heap after
{Heap after GC invocations=84 (full 0):
 garbage-first heap   total 518144K, used 276480K [0x0000000700000000, 0x0000000800000000)
  region size 2048K, 4 young (8192K), 4 survivors (8192K)
 Metaspace       used 261464K, committed 264512K, reserved 688128K
  class space    used 34372K, committed 35840K, reserved 425984K
}

