# JRE version: OpenJDK Runtime Environment (21.0.10) (build 21.0.10+-14961533-b1163.108)
# Java VM: OpenJDK 64-Bit Server VM (21.0.10+-14961533-b1163.108, mixed mode, tiered, compressed oops, compressed class ptrs, g1 gc, windows-amd64)
GC Precious Log:
 CardTable entry size: 512
 Card Set container configuration: InlinePtr #cards 5 size 8 Array Of Cards #cards 12 size 40 Howl #buckets 4 coarsen threshold 1843 Howl Bitmap #cards 512 size 80 coarsen threshold 460 Card regions per heap region 1 cards per card region 2048
 CPUs: 12 total, 12 available
 Memory: 16027M
 Large Page Support: Disabled
 NUMA Support: Disabled
 Compressed Oops: Enabled (32-bit)
 Heap Region Size: 1M
 Heap Min Capacity: 8M
 Heap Initial Capacity: 252M
 Heap Max Capacity: 2G
 Pre-touch: Disabled
 Parallel Workers: 10
 Concurrent Workers: 3
 Concurrent Refinement Workers: 10
 Periodic GC: Disabled
Heap:
 garbage-first heap   total 238592K, used 145998K [0x0000000080000000, 0x0000000100000000)
  region size 1024K, 24 young (24576K), 9 survivors (9216K)
 Metaspace       used 122350K, committed 124736K, reserved 1179648K
  class space    used 17337K, committed 18496K, reserved 1048576K
GC Heap History (20 events):
Event: 14.581 GC heap before
{Heap before GC invocations=35 (full 0):
 garbage-first heap   total 158720K, used 148572K [0x0000000080000000, 0x0000000100000000)
  region size 1024K, 56 young (57344K), 4 survivors (4096K)
 Metaspace       used 109963K, committed 112256K, reserved 1179648K
  class space    used 15638K, committed 16768K, reserved 1048576K
}
Event: 14.589 GC heap after
{Heap after GC invocations=36 (full 0):
 garbage-first heap   total 158720K, used 96513K [0x0000000080000000, 0x0000000100000000)
  region size 1024K, 7 young (7168K), 7 survivors (7168K)
 Metaspace       used 109963K, committed 112256K, reserved 1179648K
  class space    used 15638K, committed 16768K, reserved 1048576K
}
Event: 15.158 GC heap before
{Heap before GC invocations=36 (full 0):
 garbage-first heap   total 158720K, used 148737K [0x0000000080000000, 0x0000000100000000)
  region size 1024K, 58 young (59392K), 7 survivors (7168K)
 Metaspace       used 113440K, committed 115712K, reserved 1179648K
  class space    used 16179K, committed 17280K, reserved 1048576K
}
Event: 15.164 GC heap after
{Heap after GC invocations=37 (full 0):
 garbage-first heap   total 158720K, used 98407K [0x0000000080000000, 0x0000000100000000)
  region size 1024K, 5 young (5120K), 5 survivors (5120K)
 Metaspace       used 113440K, committed 115712K, reserved 1179648K
  class space    used 16179K, committed 17280K, reserved 1048576K
}
Event: 15.725 GC heap before
{Heap before GC invocations=38 (full 0):
 garbage-first heap   total 165888K, used 148583K [0x0000000080000000, 0x0000000100000000)
  region size 1024K, 54 young (55296K), 5 survivors (5120K)
 Metaspace       used 116876K, committed 119168K, reserved 1179648K
  class space    used 16657K, committed 17792K, reserved 1048576K
}
Event: 15.731 GC heap after
{Heap after GC invocations=39 (full 0):
 garbage-first heap   total 165888K, used 101400K [0x0000000080000000, 0x0000000100000000)
  region size 1024K, 6 young (6144K), 6 survivors (6144K)
 Metaspace       used 116876K, committed 119168K, reserved 1179648K
  class space    used 16657K, committed 17792K, reserved 1048576K
}
Event: 16.206 GC heap before
{Heap before GC invocations=39 (full 0):
 garbage-first heap   total 165888K, used 155672K [0x0000000080000000, 0x0000000100000000)
  region size 1024K, 59 young (60416K), 6 survivors (6144K)
 Metaspace       used 117497K, committed 119744K, reserved 1179648K
  class space    used 16725K, committed 17856K, reserved 1048576K
}
Event: 16.220 GC heap after
{Heap after GC invocations=40 (full 0):
 garbage-first heap   total 173056K, used 110351K [0x0000000080000000, 0x0000000100000000)
  region size 1024K, 8 young (8192K), 8 survivors (8192K)
 Metaspace       used 117497K, committed 119744K, reserved 1179648K
  class space    used 16725K, committed 17856K, reserved 1048576K
}
Event: 16.945 GC heap before
{Heap before GC invocations=40 (full 0):
 garbage-first heap   total 173056K, used 157455K [0x0000000080000000, 0x0000000100000000)
  region size 1024K, 55 young (56320K), 8 survivors (8192K)
 Metaspace       used 119789K, committed 122112K, reserved 1179648K
  class space    used 17060K, committed 18176K, reserved 1048576K
}
Event: 16.956 GC heap after
{Heap after GC invocations=41 (full 0):
 garbage-first heap   total 175104K, used 117523K [0x0000000080000000, 0x0000000100000000)
  region size 1024K, 7 young (7168K), 7 survivors (7168K)
 Metaspace       used 119789K, committed 122112K, reserved 1179648K
  class space    used 17060K, committed 18176K, reserved 1048576K
}
Event: 17.156 GC heap before
{Heap before GC invocations=42 (full 0):
 garbage-first heap   total 198656K, used 159507K [0x0000000080000000, 0x0000000100000000)
  region size 1024K, 48 young (49152K), 7 survivors (7168K)
 Metaspace       used 119801K, committed 122112K, reserved 1179648K
  class space    used 17060K, committed 18176K, reserved 1048576K
}
Event: 17.162 GC heap after
{Heap after GC invocations=43 (full 0):
 garbage-first heap   total 198656K, used 119561K [0x0000000080000000, 0x0000000100000000)
  region size 1024K, 4 young (4096K), 4 survivors (4096K)
 Metaspace       used 119801K, committed 122112K, reserved 1179648K
  class space    used 17060K, committed 18176K, reserved 1048576K
}
Event: 17.706 GC heap before
{Heap before GC invocations=43 (full 0):
 garbage-first heap   total 198656K, used 178953K [0x0000000080000000, 0x0000000100000000)
  region size 1024K, 63 young (64512K), 4 survivors (4096K)
 Metaspace       used 119925K, committed 122304K, reserved 1179648K
  class space    used 17063K, committed 18176K, reserved 1048576K
}
Event: 18.120 GC heap after
{Heap after GC invocations=44 (full 0):
 garbage-first heap   total 238592K, used 119638K [0x0000000080000000, 0x0000000100000000)
  region size 1024K, 6 young (6144K), 6 survivors (6144K)
 Metaspace       used 119925K, committed 122304K, reserved 1179648K
  class space    used 17063K, committed 18176K, reserved 1048576K
}
Event: 18.184 GC heap before
{Heap before GC invocations=44 (full 0):
 garbage-first heap   total 238592K, used 124758K [0x0000000080000000, 0x0000000100000000)
  region size 1024K, 11 young (11264K), 6 survivors (6144K)
 Metaspace       used 119926K, committed 122304K, reserved 1179648K
  class space    used 17063K, committed 18176K, reserved 1048576K
}
Event: 18.188 GC heap after
{Heap after GC invocations=45 (full 0):
 garbage-first heap   total 238592K, used 119573K [0x0000000080000000, 0x0000000100000000)
  region size 1024K, 2 young (2048K), 2 survivors (2048K)
 Metaspace       used 119926K, committed 122304K, reserved 1179648K
  class space    used 17063K, committed 18176K, reserved 1048576K
}
Event: 18.803 GC heap before
{Heap before GC invocations=45 (full 0):
 garbage-first heap   total 238592K, used 195349K [0x0000000080000000, 0x0000000100000000)
  region size 1024K, 77 young (78848K), 2 survivors (2048K)
 Metaspace       used 120423K, committed 122816K, reserved 1179648K
  class space    used 17158K, committed 18304K, reserved 1048576K
}
Event: 18.809 GC heap after
{Heap after GC invocations=46 (full 0):
 garbage-first heap   total 238592K, used 123293K [0x0000000080000000, 0x0000000100000000)
  region size 1024K, 6 young (6144K), 6 survivors (6144K)
 Metaspace       used 120423K, committed 122816K, reserved 1179648K
  class space    used 17158K, committed 18304K, reserved 1048576K
}
Event: 19.287 GC heap before
{Heap before GC invocations=46 (full 0):
 garbage-first heap   total 238592K, used 197021K [0x0000000080000000, 0x0000000100000000)
  region size 1024K, 80 young (81920K), 6 survivors (6144K)
 Metaspace       used 120899K, committed 123200K, reserved 1179648K
  class space    used 17248K, committed 18368K, reserved 1048576K
}
Event: 19.295 GC heap after
{Heap after GC invocations=47 (full 0):
 garbage-first heap   total 238592K, used 126542K [0x0000000080000000, 0x0000000100000000)
  region size 1024K, 9 young (9216K), 9 survivors (9216K)
 Metaspace       used 120899K, committed 123200K, reserved 1179648K
  class space    used 17248K, committed 18368K, reserved 1048576K
}

