# JRE version: OpenJDK Runtime Environment (21.0.10) (build 21.0.10+-14961533-b1163.108)
# Java VM: OpenJDK 64-Bit Server VM (21.0.10+-14961533-b1163.108, mixed mode, tiered, compressed oops, compressed class ptrs, g1 gc, windows-amd64)
GC Precious Log:
 CardTable entry size: 512
 Card Set container configuration: InlinePtr #cards 4 size 8 Array Of Cards #cards 16 size 48 Howl #buckets 8 coarsen threshold 3686 Howl Bitmap #cards 512 size 80 coarsen threshold 460 Card regions per heap region 1 cards per card region 4096
 CPUs: 12 total, 12 available
 Memory: 16027M
 Large Page Support: Disabled
 NUMA Support: Disabled
 Compressed Oops: Enabled (Zero based)
 Heap Region Size: 2M
 Heap Min Capacity: 8M
 Heap Initial Capacity: 252M
 Heap Max Capacity: 4G
 Pre-touch: Disabled
 Parallel Workers: 10
 Concurrent Workers: 3
 Concurrent Refinement Workers: 10
 Periodic GC: Disabled
Heap:
 garbage-first heap   total 454656K, used 295513K [0x0000000700000000, 0x0000000800000000)
  region size 2048K, 9 young (18432K), 9 survivors (18432K)
 Metaspace       used 209007K, committed 211584K, reserved 622592K
  class space    used 27824K, committed 29056K, reserved 425984K
GC Heap History (20 events):
Event: 29.031 GC heap after
{Heap after GC invocations=46 (full 0):
 garbage-first heap   total 425984K, used 221467K [0x0000000700000000, 0x0000000800000000)
  region size 2048K, 4 young (8192K), 4 survivors (8192K)
 Metaspace       used 183347K, committed 185792K, reserved 622592K
  class space    used 24450K, committed 25600K, reserved 425984K
}
Event: 29.947 GC heap before
{Heap before GC invocations=47 (full 0):
 garbage-first heap   total 425984K, used 338203K [0x0000000700000000, 0x0000000800000000)
  region size 2048K, 80 young (163840K), 4 survivors (8192K)
 Metaspace       used 183716K, committed 186176K, reserved 622592K
  class space    used 24510K, committed 25664K, reserved 425984K
}
Event: 29.955 GC heap after
{Heap after GC invocations=48 (full 0):
 garbage-first heap   total 425984K, used 189760K [0x0000000700000000, 0x0000000800000000)
  region size 2048K, 7 young (14336K), 7 survivors (14336K)
 Metaspace       used 183716K, committed 186176K, reserved 622592K
  class space    used 24510K, committed 25664K, reserved 425984K
}
Event: 33.047 GC heap before
{Heap before GC invocations=48 (full 0):
 garbage-first heap   total 425984K, used 382272K [0x0000000700000000, 0x0000000800000000)
  region size 2048K, 100 young (204800K), 7 survivors (14336K)
 Metaspace       used 193500K, committed 196096K, reserved 622592K
  class space    used 25639K, committed 26880K, reserved 425984K
}
Event: 33.080 GC heap after
{Heap after GC invocations=49 (full 0):
 garbage-first heap   total 428032K, used 183622K [0x0000000700000000, 0x0000000800000000)
  region size 2048K, 13 young (26624K), 13 survivors (26624K)
 Metaspace       used 193500K, committed 196096K, reserved 622592K
  class space    used 25639K, committed 26880K, reserved 425984K
}
Event: 35.825 GC heap before
{Heap before GC invocations=49 (full 0):
 garbage-first heap   total 428032K, used 372038K [0x0000000700000000, 0x0000000800000000)
  region size 2048K, 105 young (215040K), 13 survivors (26624K)
 Metaspace       used 197128K, committed 199744K, reserved 622592K
  class space    used 25953K, committed 27200K, reserved 425984K
}
Event: 35.854 GC heap after
{Heap after GC invocations=50 (full 0):
 garbage-first heap   total 428032K, used 196381K [0x0000000700000000, 0x0000000800000000)
  region size 2048K, 6 young (12288K), 6 survivors (12288K)
 Metaspace       used 197128K, committed 199744K, reserved 622592K
  class space    used 25953K, committed 27200K, reserved 425984K
}
Event: 37.491 GC heap before
{Heap before GC invocations=50 (full 0):
 garbage-first heap   total 428032K, used 374557K [0x0000000700000000, 0x0000000800000000)
  region size 2048K, 94 young (192512K), 6 survivors (12288K)
 Metaspace       used 199032K, committed 201664K, reserved 622592K
  class space    used 26203K, committed 27456K, reserved 425984K
}
Event: 37.515 GC heap after
{Heap after GC invocations=51 (full 0):
 garbage-first heap   total 428032K, used 215932K [0x0000000700000000, 0x0000000800000000)
  region size 2048K, 12 young (24576K), 12 survivors (24576K)
 Metaspace       used 199032K, committed 201664K, reserved 622592K
  class space    used 26203K, committed 27456K, reserved 425984K
}
Event: 38.243 GC heap before
{Heap before GC invocations=52 (full 0):
 garbage-first heap   total 428032K, used 375676K [0x0000000700000000, 0x0000000800000000)
  region size 2048K, 91 young (186368K), 12 survivors (24576K)
 Metaspace       used 200488K, committed 203136K, reserved 622592K
  class space    used 26422K, committed 27712K, reserved 425984K
}
Event: 38.263 GC heap after
{Heap after GC invocations=53 (full 0):
 garbage-first heap   total 428032K, used 226565K [0x0000000700000000, 0x0000000800000000)
  region size 2048K, 7 young (14336K), 7 survivors (14336K)
 Metaspace       used 200488K, committed 203136K, reserved 622592K
  class space    used 26422K, committed 27712K, reserved 425984K
}
Event: 38.665 GC heap before
{Heap before GC invocations=53 (full 0):
 garbage-first heap   total 428032K, used 380165K [0x0000000700000000, 0x0000000800000000)
  region size 2048K, 83 young (169984K), 7 survivors (14336K)
 Metaspace       used 201575K, committed 204224K, reserved 622592K
  class space    used 26569K, committed 27840K, reserved 425984K
}
Event: 38.685 GC heap after
{Heap after GC invocations=54 (full 0):
 garbage-first heap   total 450560K, used 252583K [0x0000000700000000, 0x0000000800000000)
  region size 2048K, 11 young (22528K), 11 survivors (22528K)
 Metaspace       used 201575K, committed 204224K, reserved 622592K
  class space    used 26569K, committed 27840K, reserved 425984K
}
Event: 39.468 GC heap before
{Heap before GC invocations=54 (full 0):
 garbage-first heap   total 450560K, used 385703K [0x0000000700000000, 0x0000000800000000)
  region size 2048K, 77 young (157696K), 11 survivors (22528K)
 Metaspace       used 205476K, committed 208128K, reserved 622592K
  class space    used 27189K, committed 28416K, reserved 425984K
}
Event: 39.484 GC heap after
{Heap after GC invocations=55 (full 0):
 garbage-first heap   total 450560K, used 275106K [0x0000000700000000, 0x0000000800000000)
  region size 2048K, 10 young (20480K), 10 survivors (20480K)
 Metaspace       used 205476K, committed 208128K, reserved 622592K
  class space    used 27189K, committed 28416K, reserved 425984K
}
Event: 39.784 GC heap before
{Heap before GC invocations=56 (full 0):
 garbage-first heap   total 454656K, used 391842K [0x0000000700000000, 0x0000000800000000)
  region size 2048K, 69 young (141312K), 10 survivors (20480K)
 Metaspace       used 205276K, committed 208064K, reserved 622592K
  class space    used 27191K, committed 28480K, reserved 425984K
}
Event: 39.807 GC heap after
{Heap after GC invocations=57 (full 0):
 garbage-first heap   total 454656K, used 295375K [0x0000000700000000, 0x0000000800000000)
  region size 2048K, 9 young (18432K), 9 survivors (18432K)
 Metaspace       used 205276K, committed 208064K, reserved 622592K
  class space    used 27191K, committed 28480K, reserved 425984K
}
Event: 40.039 GC heap before
{Heap before GC invocations=57 (full 0):
 garbage-first heap   total 454656K, used 399823K [0x0000000700000000, 0x0000000800000000)
  region size 2048K, 61 young (124928K), 9 survivors (18432K)
 Metaspace       used 206488K, committed 209088K, reserved 622592K
  class space    used 27430K, committed 28672K, reserved 425984K
}
Event: 40.071 GC heap after
{Heap after GC invocations=58 (full 0):
 garbage-first heap   total 454656K, used 278360K [0x0000000700000000, 0x0000000800000000)
  region size 2048K, 8 young (16384K), 8 survivors (16384K)
 Metaspace       used 206488K, committed 209088K, reserved 622592K
  class space    used 27430K, committed 28672K, reserved 425984K
}
Event: 40.503 GC heap before
{Heap before GC invocations=58 (full 0):
 garbage-first heap   total 454656K, used 397144K [0x0000000700000000, 0x0000000800000000)
  region size 2048K, 66 young (135168K), 8 survivors (16384K)
 Metaspace       used 209007K, committed 211584K, reserved 622592K
  class space    used 27824K, committed 29056K, reserved 425984K
}

