# JRE version: OpenJDK Runtime Environment (21.0.10) (build 21.0.10+-14961533-b1163.108)
# Java VM: OpenJDK 64-Bit Server VM (21.0.10+-14961533-b1163.108, mixed mode, tiered, compressed oops, compressed class ptrs, g1 gc, windows-amd64)
GC Precious Log:
 CardTable entry size: 512
 Card Set container configuration: InlinePtr #cards 4 size 8 Array Of Cards #cards 16 size 48 Howl #buckets 8 coarsen threshold 3686 Howl Bitmap #cards 512 size 80 coarsen threshold 460 Card regions per heap region 1 cards per card region 4096
 CPUs: 12 total, 12 available
 Memory: 16027M
 Large Page Support: Disabled
 NUMA Support: Disabled
 Compressed Oops: Enabled (Zero based)
 Heap Region Size: 2M
 Heap Min Capacity: 8M
 Heap Initial Capacity: 252M
 Heap Max Capacity: 4G
 Pre-touch: Disabled
 Parallel Workers: 10
 Concurrent Workers: 3
 Concurrent Refinement Workers: 10
 Periodic GC: Disabled
Heap:
 garbage-first heap   total 526336K, used 338706K [0x0000000700000000, 0x0000000800000000)
  region size 2048K, 8 young (16384K), 8 survivors (16384K)
 Metaspace       used 157325K, committed 159872K, reserved 622592K
  class space    used 21815K, committed 23040K, reserved 425984K
GC Heap History (20 events):
Event: 27.986 GC heap after
{Heap after GC invocations=55 (full 0):
 garbage-first heap   total 495616K, used 202739K [0x0000000700000000, 0x0000000800000000)
  region size 2048K, 2 young (4096K), 2 survivors (4096K)
 Metaspace       used 144731K, committed 147200K, reserved 557056K
  class space    used 20096K, committed 21312K, reserved 425984K
}
Event: 28.416 GC heap before
{Heap before GC invocations=55 (full 0):
 garbage-first heap   total 495616K, used 405491K [0x0000000700000000, 0x0000000800000000)
  region size 2048K, 102 young (208896K), 2 survivors (4096K)
 Metaspace       used 147620K, committed 150080K, reserved 557056K
  class space    used 20582K, committed 21760K, reserved 425984K
}
Event: 28.424 GC heap after
{Heap after GC invocations=56 (full 0):
 garbage-first heap   total 495616K, used 215404K [0x0000000700000000, 0x0000000800000000)
  region size 2048K, 8 young (16384K), 8 survivors (16384K)
 Metaspace       used 147620K, committed 150080K, reserved 557056K
  class space    used 20582K, committed 21760K, reserved 425984K
}
Event: 29.600 GC heap before
{Heap before GC invocations=56 (full 0):
 garbage-first heap   total 495616K, used 412012K [0x0000000700000000, 0x0000000800000000)
  region size 2048K, 103 young (210944K), 8 survivors (16384K)
 Metaspace       used 150700K, committed 153216K, reserved 622592K
  class space    used 21008K, committed 22208K, reserved 425984K
}
Event: 29.613 GC heap after
{Heap after GC invocations=57 (full 0):
 garbage-first heap   total 495616K, used 212080K [0x0000000700000000, 0x0000000800000000)
  region size 2048K, 5 young (10240K), 5 survivors (10240K)
 Metaspace       used 150700K, committed 153216K, reserved 622592K
  class space    used 21008K, committed 22208K, reserved 425984K
}
Event: 30.933 GC heap before
{Heap before GC invocations=57 (full 0):
 garbage-first heap   total 495616K, used 427120K [0x0000000700000000, 0x0000000800000000)
  region size 2048K, 111 young (227328K), 5 survivors (10240K)
 Metaspace       used 153163K, committed 155648K, reserved 622592K
  class space    used 21319K, committed 22528K, reserved 425984K
}
Event: 30.951 GC heap after
{Heap after GC invocations=58 (full 0):
 garbage-first heap   total 495616K, used 217942K [0x0000000700000000, 0x0000000800000000)
  region size 2048K, 8 young (16384K), 8 survivors (16384K)
 Metaspace       used 153163K, committed 155648K, reserved 622592K
  class space    used 21319K, committed 22528K, reserved 425984K
}
Event: 31.667 GC heap before
{Heap before GC invocations=58 (full 0):
 garbage-first heap   total 495616K, used 439126K [0x0000000700000000, 0x0000000800000000)
  region size 2048K, 117 young (239616K), 8 survivors (16384K)
 Metaspace       used 155951K, committed 158464K, reserved 622592K
  class space    used 21693K, committed 22912K, reserved 425984K
}
Event: 31.693 GC heap after
{Heap after GC invocations=59 (full 0):
 garbage-first heap   total 499712K, used 258568K [0x0000000700000000, 0x0000000800000000)
  region size 2048K, 15 young (30720K), 15 survivors (30720K)
 Metaspace       used 155951K, committed 158464K, reserved 622592K
  class space    used 21693K, committed 22912K, reserved 425984K
}
Event: 32.062 GC heap before
{Heap before GC invocations=60 (full 0):
 garbage-first heap   total 499712K, used 426504K [0x0000000700000000, 0x0000000800000000)
  region size 2048K, 100 young (204800K), 15 survivors (30720K)
 Metaspace       used 156208K, committed 158784K, reserved 622592K
  class space    used 21716K, committed 22976K, reserved 425984K
}
Event: 32.092 GC heap after
{Heap after GC invocations=61 (full 0):
 garbage-first heap   total 499712K, used 288425K [0x0000000700000000, 0x0000000800000000)
  region size 2048K, 13 young (26624K), 13 survivors (26624K)
 Metaspace       used 156208K, committed 158784K, reserved 622592K
  class space    used 21716K, committed 22976K, reserved 425984K
}
Event: 32.238 GC heap before
{Heap before GC invocations=61 (full 0):
 garbage-first heap   total 499712K, used 425641K [0x0000000700000000, 0x0000000800000000)
  region size 2048K, 81 young (165888K), 13 survivors (26624K)
 Metaspace       used 156415K, committed 158912K, reserved 622592K
  class space    used 21752K, committed 22976K, reserved 425984K
}
Event: 32.273 GC heap after
{Heap after GC invocations=62 (full 0):
 garbage-first heap   total 499712K, used 307200K [0x0000000700000000, 0x0000000800000000)
  region size 2048K, 11 young (22528K), 11 survivors (22528K)
 Metaspace       used 156415K, committed 158912K, reserved 622592K
  class space    used 21752K, committed 22976K, reserved 425984K
}
Event: 32.457 GC heap before
{Heap before GC invocations=62 (full 0):
 garbage-first heap   total 499712K, used 432128K [0x0000000700000000, 0x0000000800000000)
  region size 2048K, 72 young (147456K), 11 survivors (22528K)
 Metaspace       used 156774K, committed 159296K, reserved 622592K
  class space    used 21777K, committed 23040K, reserved 425984K
}
Event: 32.483 GC heap after
{Heap after GC invocations=63 (full 0):
 garbage-first heap   total 499712K, used 331386K [0x0000000700000000, 0x0000000800000000)
  region size 2048K, 9 young (18432K), 9 survivors (18432K)
 Metaspace       used 156774K, committed 159296K, reserved 622592K
  class space    used 21777K, committed 23040K, reserved 425984K
}
Event: 32.835 GC heap before
{Heap before GC invocations=63 (full 0):
 garbage-first heap   total 526336K, used 425594K [0x0000000700000000, 0x0000000800000000)
  region size 2048K, 63 young (129024K), 9 survivors (18432K)
 Metaspace       used 157097K, committed 159616K, reserved 622592K
  class space    used 21787K, committed 23040K, reserved 425984K
}
Event: 32.859 GC heap after
{Heap after GC invocations=64 (full 0):
 garbage-first heap   total 526336K, used 333336K [0x0000000700000000, 0x0000000800000000)
  region size 2048K, 8 young (16384K), 8 survivors (16384K)
 Metaspace       used 157097K, committed 159616K, reserved 622592K
  class space    used 21787K, committed 23040K, reserved 425984K
}
Event: 33.102 GC heap before
{Heap before GC invocations=65 (full 0):
 garbage-first heap   total 526336K, used 460312K [0x0000000700000000, 0x0000000800000000)
  region size 2048K, 71 young (145408K), 8 survivors (16384K)
 Metaspace       used 157212K, committed 159808K, reserved 622592K
  class space    used 21802K, committed 23040K, reserved 425984K
}
Event: 33.125 GC heap after
{Heap after GC invocations=66 (full 0):
 garbage-first heap   total 526336K, used 351782K [0x0000000700000000, 0x0000000800000000)
  region size 2048K, 8 young (16384K), 8 survivors (16384K)
 Metaspace       used 157212K, committed 159808K, reserved 622592K
  class space    used 21802K, committed 23040K, reserved 425984K
}
Event: 33.319 GC heap before
{Heap before GC invocations=66 (full 0):
 garbage-first heap   total 526336K, used 472614K [0x0000000700000000, 0x0000000800000000)
  region size 2048K, 67 young (137216K), 8 survivors (16384K)
 Metaspace       used 157325K, committed 159872K, reserved 622592K
  class space    used 21815K, committed 23040K, reserved 425984K
}

