# JRE version: OpenJDK Runtime Environment Temurin-21.0.7+6 (21.0.7+6) (build 21.0.7+6-LTS)
# Java VM: OpenJDK 64-Bit Server VM Temurin-21.0.7+6 (21.0.7+6-LTS, mixed mode, sharing, tiered, compressed oops, compressed class ptrs, g1 gc, windows-amd64)
GC Precious Log:
 CardTable entry size: 512
 Card Set container configuration: InlinePtr #cards 4 size 8 Array Of Cards #cards 16 size 48 Howl #buckets 8 coarsen threshold 3686 Howl Bitmap #cards 512 size 80 coarsen threshold 460 Card regions per heap region 1 cards per card region 4096
 CPUs: 12 total, 12 available
 Memory: 16027M
 Large Page Support: Disabled
 NUMA Support: Disabled
 Compressed Oops: Enabled (Zero based)
 Heap Region Size: 2M
 Heap Min Capacity: 8M
 Heap Initial Capacity: 252M
 Heap Max Capacity: 4G
 Pre-touch: Disabled
 Parallel Workers: 10
 Concurrent Workers: 3
 Concurrent Refinement Workers: 10
 Periodic GC: Disabled
Heap:
 garbage-first heap   total 387072K, used 238023K [0x0000000700000000, 0x0000000800000000)
  region size 2048K, 5 young (10240K), 5 survivors (10240K)
 Metaspace       used 157916K, committed 160384K, reserved 622592K
  class space    used 20024K, committed 21248K, reserved 425984K
GC Heap History (20 events):
Event: 15.800 GC heap after
{Heap after GC invocations=40 (full 0):
 garbage-first heap   total 253952K, used 166898K [0x0000000700000000, 0x0000000800000000)
  region size 2048K, 5 young (10240K), 5 survivors (10240K)
 Metaspace       used 130925K, committed 133248K, reserved 557056K
  class space    used 16729K, committed 17856K, reserved 425984K
}
Event: 16.545 GC heap before
{Heap before GC invocations=41 (full 0):
 garbage-first heap   total 280576K, used 218098K [0x0000000700000000, 0x0000000800000000)
  region size 2048K, 30 young (61440K), 5 survivors (10240K)
 Metaspace       used 135187K, committed 137472K, reserved 557056K
  class space    used 17156K, committed 18304K, reserved 425984K
}
Event: 16.555 GC heap after
{Heap after GC invocations=42 (full 0):
 garbage-first heap   total 280576K, used 172620K [0x0000000700000000, 0x0000000800000000)
  region size 2048K, 3 young (6144K), 3 survivors (6144K)
 Metaspace       used 135187K, committed 137472K, reserved 557056K
  class space    used 17156K, committed 18304K, reserved 425984K
}
Event: 17.380 GC heap before
{Heap before GC invocations=42 (full 0):
 garbage-first heap   total 280576K, used 238156K [0x0000000700000000, 0x0000000800000000)
  region size 2048K, 35 young (71680K), 3 survivors (6144K)
 Metaspace       used 139808K, committed 142144K, reserved 557056K
  class space    used 17932K, committed 19072K, reserved 425984K
}
Event: 17.394 GC heap after
{Heap after GC invocations=43 (full 0):
 garbage-first heap   total 360448K, used 168501K [0x0000000700000000, 0x0000000800000000)
  region size 2048K, 4 young (8192K), 4 survivors (8192K)
 Metaspace       used 139808K, committed 142144K, reserved 557056K
  class space    used 17932K, committed 19072K, reserved 425984K
}
Event: 22.032 GC heap before
{Heap before GC invocations=43 (full 0):
 garbage-first heap   total 360448K, used 289333K [0x0000000700000000, 0x0000000800000000)
  region size 2048K, 64 young (131072K), 4 survivors (8192K)
 Metaspace       used 154313K, committed 156800K, reserved 622592K
  class space    used 19771K, committed 20992K, reserved 425984K
}
Event: 22.044 GC heap after
{Heap after GC invocations=44 (full 0):
 garbage-first heap   total 360448K, used 178497K [0x0000000700000000, 0x0000000800000000)
  region size 2048K, 8 young (16384K), 8 survivors (16384K)
 Metaspace       used 154313K, committed 156800K, reserved 622592K
  class space    used 19771K, committed 20992K, reserved 425984K
}
Event: 53.591 GC heap before
{Heap before GC invocations=44 (full 0):
 garbage-first heap   total 360448K, used 305473K [0x0000000700000000, 0x0000000800000000)
  region size 2048K, 70 young (143360K), 8 survivors (16384K)
 Metaspace       used 155520K, committed 157952K, reserved 622592K
  class space    used 19897K, committed 21120K, reserved 425984K
}
Event: 53.606 GC heap after
{Heap after GC invocations=45 (full 0):
 garbage-first heap   total 360448K, used 208234K [0x0000000700000000, 0x0000000800000000)
  region size 2048K, 9 young (18432K), 9 survivors (18432K)
 Metaspace       used 155520K, committed 157952K, reserved 622592K
  class space    used 19897K, committed 21120K, reserved 425984K
}
Event: 54.000 GC heap before
{Heap before GC invocations=45 (full 0):
 garbage-first heap   total 360448K, used 304490K [0x0000000700000000, 0x0000000800000000)
  region size 2048K, 56 young (114688K), 9 survivors (18432K)
 Metaspace       used 155957K, committed 158464K, reserved 622592K
  class space    used 19903K, committed 21184K, reserved 425984K
}
Event: 54.007 GC heap after
{Heap after GC invocations=46 (full 0):
 garbage-first heap   total 360448K, used 208455K [0x0000000700000000, 0x0000000800000000)
  region size 2048K, 2 young (4096K), 2 survivors (4096K)
 Metaspace       used 155957K, committed 158464K, reserved 622592K
  class space    used 19903K, committed 21184K, reserved 425984K
}
Event: 54.188 GC heap before
{Heap before GC invocations=47 (full 0):
 garbage-first heap   total 360448K, used 298567K [0x0000000700000000, 0x0000000800000000)
  region size 2048K, 54 young (110592K), 2 survivors (4096K)
 Metaspace       used 156068K, committed 158592K, reserved 622592K
  class space    used 19903K, committed 21184K, reserved 425984K
}
Event: 54.201 GC heap after
{Heap after GC invocations=48 (full 0):
 garbage-first heap   total 360448K, used 231424K [0x0000000700000000, 0x0000000800000000)
  region size 2048K, 7 young (14336K), 7 survivors (14336K)
 Metaspace       used 156068K, committed 158592K, reserved 622592K
  class space    used 19903K, committed 21184K, reserved 425984K
}
Event: 54.522 GC heap before
{Heap before GC invocations=48 (full 0):
 garbage-first heap   total 360448K, used 307200K [0x0000000700000000, 0x0000000800000000)
  region size 2048K, 44 young (90112K), 7 survivors (14336K)
 Metaspace       used 156569K, committed 159104K, reserved 622592K
  class space    used 19903K, committed 21184K, reserved 425984K
}
Event: 54.535 GC heap after
{Heap after GC invocations=49 (full 0):
 garbage-first heap   total 360448K, used 220950K [0x0000000700000000, 0x0000000800000000)
  region size 2048K, 6 young (12288K), 6 survivors (12288K)
 Metaspace       used 156569K, committed 159104K, reserved 622592K
  class space    used 19903K, committed 21184K, reserved 425984K
}
Event: 56.296 GC heap before
{Heap before GC invocations=49 (full 0):
 garbage-first heap   total 360448K, used 317206K [0x0000000700000000, 0x0000000800000000)
  region size 2048K, 46 young (94208K), 6 survivors (12288K)
 Metaspace       used 157734K, committed 160256K, reserved 622592K
  class space    used 20000K, committed 21248K, reserved 425984K
}
Event: 56.308 GC heap after
{Heap after GC invocations=50 (full 0):
 garbage-first heap   total 360448K, used 223096K [0x0000000700000000, 0x0000000800000000)
  region size 2048K, 6 young (12288K), 6 survivors (12288K)
 Metaspace       used 157734K, committed 160256K, reserved 622592K
  class space    used 20000K, committed 21248K, reserved 425984K
}
Event: 56.323 GC heap before
{Heap before GC invocations=50 (full 0):
 garbage-first heap   total 360448K, used 233336K [0x0000000700000000, 0x0000000800000000)
  region size 2048K, 13 young (26624K), 6 survivors (12288K)
 Metaspace       used 157758K, committed 160256K, reserved 622592K
  class space    used 20004K, committed 21248K, reserved 425984K
}
Event: 56.329 GC heap after
{Heap after GC invocations=51 (full 0):
 garbage-first heap   total 360448K, used 228202K [0x0000000700000000, 0x0000000800000000)
  region size 2048K, 2 young (4096K), 2 survivors (4096K)
 Metaspace       used 157758K, committed 160256K, reserved 622592K
  class space    used 20004K, committed 21248K, reserved 425984K
}
Event: 56.489 GC heap before
{Heap before GC invocations=51 (full 0):
 garbage-first heap   total 387072K, used 332650K [0x0000000700000000, 0x0000000800000000)
  region size 2048K, 43 young (88064K), 2 survivors (4096K)
 Metaspace       used 157916K, committed 160384K, reserved 622592K
  class space    used 20024K, committed 21248K, reserved 425984K
}

