# JRE version: OpenJDK Runtime Environment (21.0.10) (build 21.0.10+-14961533-b1163.108)
# Java VM: OpenJDK 64-Bit Server VM (21.0.10+-14961533-b1163.108, mixed mode, tiered, compressed oops, compressed class ptrs, g1 gc, windows-amd64)
GC Precious Log:
 CardTable entry size: 512
 Card Set container configuration: InlinePtr #cards 4 size 8 Array Of Cards #cards 16 size 48 Howl #buckets 8 coarsen threshold 3686 Howl Bitmap #cards 512 size 80 coarsen threshold 460 Card regions per heap region 1 cards per card region 4096
 CPUs: 12 total, 12 available
 Memory: 16027M
 Large Page Support: Disabled
 NUMA Support: Disabled
 Compressed Oops: Enabled (Zero based)
 Heap Region Size: 2M
 Heap Min Capacity: 8M
 Heap Initial Capacity: 252M
 Heap Max Capacity: 4G
 Pre-touch: Disabled
 Parallel Workers: 10
 Concurrent Workers: 3
 Concurrent Refinement Workers: 10
 Periodic GC: Disabled
Heap:
 garbage-first heap   total 475136K, used 282624K [0x0000000700000000, 0x0000000800000000)
  region size 2048K, 11 young (22528K), 11 survivors (22528K)
 Metaspace       used 216856K, committed 219520K, reserved 622592K
  class space    used 28619K, committed 29888K, reserved 425984K
GC Heap History (20 events):
Event: 39.152 GC heap after
{Heap after GC invocations=55 (full 0):
 garbage-first heap   total 372736K, used 193452K [0x0000000700000000, 0x0000000800000000)
  region size 2048K, 11 young (22528K), 11 survivors (22528K)
 Metaspace       used 213234K, committed 215872K, reserved 622592K
  class space    used 28117K, committed 29376K, reserved 425984K
}
Event: 39.774 GC heap before
{Heap before GC invocations=55 (full 0):
 garbage-first heap   total 372736K, used 336812K [0x0000000700000000, 0x0000000800000000)
  region size 2048K, 81 young (165888K), 11 survivors (22528K)
 Metaspace       used 213754K, committed 216448K, reserved 622592K
  class space    used 28206K, committed 29504K, reserved 425984K
}
Event: 39.794 GC heap after
{Heap after GC invocations=56 (full 0):
 garbage-first heap   total 372736K, used 195886K [0x0000000700000000, 0x0000000800000000)
  region size 2048K, 5 young (10240K), 5 survivors (10240K)
 Metaspace       used 213754K, committed 216448K, reserved 622592K
  class space    used 28206K, committed 29504K, reserved 425984K
}
Event: 40.244 GC heap before
{Heap before GC invocations=56 (full 0):
 garbage-first heap   total 372736K, used 339246K [0x0000000700000000, 0x0000000800000000)
  region size 2048K, 75 young (153600K), 5 survivors (10240K)
 Metaspace       used 214017K, committed 216704K, reserved 622592K
  class space    used 28241K, committed 29504K, reserved 425984K
}
Event: 40.253 GC heap after
{Heap after GC invocations=57 (full 0):
 garbage-first heap   total 448512K, used 196003K [0x0000000700000000, 0x0000000800000000)
  region size 2048K, 5 young (10240K), 5 survivors (10240K)
 Metaspace       used 214017K, committed 216704K, reserved 622592K
  class space    used 28241K, committed 29504K, reserved 425984K
}
Event: 41.259 GC heap before
{Heap before GC invocations=58 (full 0):
 garbage-first heap   total 448512K, used 398755K [0x0000000700000000, 0x0000000800000000)
  region size 2048K, 105 young (215040K), 5 survivors (10240K)
 Metaspace       used 216154K, committed 218816K, reserved 622592K
  class space    used 28544K, committed 29824K, reserved 425984K
}
Event: 41.269 GC heap after
{Heap after GC invocations=59 (full 0):
 garbage-first heap   total 448512K, used 198314K [0x0000000700000000, 0x0000000800000000)
  region size 2048K, 7 young (14336K), 7 survivors (14336K)
 Metaspace       used 216154K, committed 218816K, reserved 622592K
  class space    used 28544K, committed 29824K, reserved 425984K
}
Event: 42.023 GC heap before
{Heap before GC invocations=59 (full 0):
 garbage-first heap   total 448512K, used 419498K [0x0000000700000000, 0x0000000800000000)
  region size 2048K, 116 young (237568K), 7 survivors (14336K)
 Metaspace       used 216500K, committed 219136K, reserved 622592K
  class space    used 28592K, committed 29888K, reserved 425984K
}
Event: 42.039 GC heap after
{Heap after GC invocations=60 (full 0):
 garbage-first heap   total 448512K, used 200482K [0x0000000700000000, 0x0000000800000000)
  region size 2048K, 9 young (18432K), 9 survivors (18432K)
 Metaspace       used 216500K, committed 219136K, reserved 622592K
  class space    used 28592K, committed 29888K, reserved 425984K
}
Event: 42.498 GC heap before
{Heap before GC invocations=60 (full 0):
 garbage-first heap   total 448512K, used 421666K [0x0000000700000000, 0x0000000800000000)
  region size 2048K, 117 young (239616K), 9 survivors (18432K)
 Metaspace       used 216539K, committed 219200K, reserved 622592K
  class space    used 28595K, committed 29888K, reserved 425984K
}
Event: 42.509 GC heap after
{Heap after GC invocations=61 (full 0):
 garbage-first heap   total 448512K, used 201307K [0x0000000700000000, 0x0000000800000000)
  region size 2048K, 5 young (10240K), 5 survivors (10240K)
 Metaspace       used 216539K, committed 219200K, reserved 622592K
  class space    used 28595K, committed 29888K, reserved 425984K
}
Event: 43.043 GC heap before
{Heap before GC invocations=62 (full 0):
 garbage-first heap   total 448512K, used 422491K [0x0000000700000000, 0x0000000800000000)
  region size 2048K, 113 young (231424K), 5 survivors (10240K)
 Metaspace       used 216606K, committed 219264K, reserved 622592K
  class space    used 28602K, committed 29888K, reserved 425984K
}
Event: 43.051 GC heap after
{Heap after GC invocations=63 (full 0):
 garbage-first heap   total 448512K, used 200840K [0x0000000700000000, 0x0000000800000000)
  region size 2048K, 5 young (10240K), 5 survivors (10240K)
 Metaspace       used 216606K, committed 219264K, reserved 622592K
  class space    used 28602K, committed 29888K, reserved 425984K
}
Event: 43.612 GC heap before
{Heap before GC invocations=63 (full 0):
 garbage-first heap   total 448512K, used 419976K [0x0000000700000000, 0x0000000800000000)
  region size 2048K, 113 young (231424K), 5 survivors (10240K)
 Metaspace       used 216723K, committed 219392K, reserved 622592K
  class space    used 28611K, committed 29888K, reserved 425984K
}
Event: 43.627 GC heap after
{Heap after GC invocations=64 (full 0):
 garbage-first heap   total 458752K, used 218130K [0x0000000700000000, 0x0000000800000000)
  region size 2048K, 15 young (30720K), 15 survivors (30720K)
 Metaspace       used 216723K, committed 219392K, reserved 622592K
  class space    used 28611K, committed 29888K, reserved 425984K
}
Event: 44.221 GC heap before
{Heap before GC invocations=64 (full 0):
 garbage-first heap   total 458752K, used 416786K [0x0000000700000000, 0x0000000800000000)
  region size 2048K, 113 young (231424K), 15 survivors (30720K)
 Metaspace       used 216795K, committed 219456K, reserved 622592K
  class space    used 28617K, committed 29888K, reserved 425984K
}
Event: 44.243 GC heap after
{Heap after GC invocations=65 (full 0):
 garbage-first heap   total 473088K, used 241448K [0x0000000700000000, 0x0000000800000000)
  region size 2048K, 15 young (30720K), 15 survivors (30720K)
 Metaspace       used 216795K, committed 219456K, reserved 622592K
  class space    used 28617K, committed 29888K, reserved 425984K
}
Event: 44.557 GC heap before
{Heap before GC invocations=66 (full 0):
 garbage-first heap   total 473088K, used 421672K [0x0000000700000000, 0x0000000800000000)
  region size 2048K, 103 young (210944K), 15 survivors (30720K)
 Metaspace       used 216825K, committed 219520K, reserved 622592K
  class space    used 28619K, committed 29888K, reserved 425984K
}
Event: 44.586 GC heap after
{Heap after GC invocations=67 (full 0):
 garbage-first heap   total 473088K, used 262144K [0x0000000700000000, 0x0000000800000000)
  region size 2048K, 13 young (26624K), 13 survivors (26624K)
 Metaspace       used 216825K, committed 219520K, reserved 622592K
  class space    used 28619K, committed 29888K, reserved 425984K
}
Event: 44.765 GC heap before
{Heap before GC invocations=67 (full 0):
 garbage-first heap   total 473088K, used 417792K [0x0000000700000000, 0x0000000800000000)
  region size 2048K, 90 young (184320K), 13 survivors (26624K)
 Metaspace       used 216856K, committed 219520K, reserved 622592K
  class space    used 28619K, committed 29888K, reserved 425984K
}

