# JRE version: OpenJDK Runtime Environment Temurin-21.0.7+6 (21.0.7+6) (build 21.0.7+6-LTS)
# Java VM: OpenJDK 64-Bit Server VM Temurin-21.0.7+6 (21.0.7+6-LTS, mixed mode, sharing, tiered, compressed oops, compressed class ptrs, g1 gc, windows-amd64)
GC Precious Log:
 CardTable entry size: 512
 Card Set container configuration: InlinePtr #cards 4 size 8 Array Of Cards #cards 16 size 48 Howl #buckets 8 coarsen threshold 3686 Howl Bitmap #cards 512 size 80 coarsen threshold 460 Card regions per heap region 1 cards per card region 4096
 CPUs: 12 total, 12 available
 Memory: 16027M
 Large Page Support: Disabled
 NUMA Support: Disabled
 Compressed Oops: Enabled (Zero based)
 Heap Region Size: 2M
 Heap Min Capacity: 8M
 Heap Initial Capacity: 252M
 Heap Max Capacity: 4G
 Pre-touch: Disabled
 Parallel Workers: 10
 Concurrent Workers: 3
 Concurrent Refinement Workers: 10
 Periodic GC: Disabled
Heap:
 garbage-first heap   total 329728K, used 268430K [0x0000000700000000, 0x0000000800000000)
  region size 2048K, 48 young (98304K), 7 survivors (14336K)
 Metaspace       used 116284K, committed 118720K, reserved 557056K
  class space    used 15795K, committed 17024K, reserved 425984K
GC Heap History (20 events):
Event: 18.813 GC heap before
{Heap before GC invocations=40 (full 0):
 garbage-first heap   total 196608K, used 182002K [0x0000000700000000, 0x0000000800000000)
  region size 2048K, 39 young (79872K), 3 survivors (6144K)
 Metaspace       used 106195K, committed 108608K, reserved 557056K
  class space    used 14591K, committed 15808K, reserved 425984K
}
Event: 18.828 GC heap after
{Heap after GC invocations=41 (full 0):
 garbage-first heap   total 206848K, used 123434K [0x0000000700000000, 0x0000000800000000)
  region size 2048K, 5 young (10240K), 5 survivors (10240K)
 Metaspace       used 106195K, committed 108608K, reserved 557056K
  class space    used 14591K, committed 15808K, reserved 425984K
}
Event: 19.367 GC heap before
{Heap before GC invocations=41 (full 0):
 garbage-first heap   total 206848K, used 180778K [0x0000000700000000, 0x0000000800000000)
  region size 2048K, 33 young (67584K), 5 survivors (10240K)
 Metaspace       used 107262K, committed 109760K, reserved 557056K
  class space    used 14656K, committed 15872K, reserved 425984K
}
Event: 19.387 GC heap after
{Heap after GC invocations=42 (full 0):
 garbage-first heap   total 249856K, used 133419K [0x0000000700000000, 0x0000000800000000)
  region size 2048K, 5 young (10240K), 5 survivors (10240K)
 Metaspace       used 107262K, committed 109760K, reserved 557056K
  class space    used 14656K, committed 15872K, reserved 425984K
}
Event: 20.501 GC heap before
{Heap before GC invocations=42 (full 0):
 garbage-first heap   total 249856K, used 217387K [0x0000000700000000, 0x0000000800000000)
  region size 2048K, 46 young (94208K), 5 survivors (10240K)
 Metaspace       used 109631K, committed 112128K, reserved 557056K
  class space    used 14886K, committed 16128K, reserved 425984K
}
Event: 20.511 GC heap after
{Heap after GC invocations=43 (full 0):
 garbage-first heap   total 249856K, used 137374K [0x0000000700000000, 0x0000000800000000)
  region size 2048K, 3 young (6144K), 3 survivors (6144K)
 Metaspace       used 109631K, committed 112128K, reserved 557056K
  class space    used 14886K, committed 16128K, reserved 425984K
}
Event: 21.256 GC heap before
{Heap before GC invocations=43 (full 0):
 garbage-first heap   total 249856K, used 221342K [0x0000000700000000, 0x0000000800000000)
  region size 2048K, 44 young (90112K), 3 survivors (6144K)
 Metaspace       used 110179K, committed 112640K, reserved 557056K
  class space    used 14897K, committed 16128K, reserved 425984K
}
Event: 21.265 GC heap after
{Heap after GC invocations=44 (full 0):
 garbage-first heap   total 249856K, used 140404K [0x0000000700000000, 0x0000000800000000)
  region size 2048K, 5 young (10240K), 5 survivors (10240K)
 Metaspace       used 110179K, committed 112640K, reserved 557056K
  class space    used 14897K, committed 16128K, reserved 425984K
}
Event: 21.933 GC heap before
{Heap before GC invocations=44 (full 0):
 garbage-first heap   total 249856K, used 220276K [0x0000000700000000, 0x0000000800000000)
  region size 2048K, 45 young (92160K), 5 survivors (10240K)
 Metaspace       used 111549K, committed 114048K, reserved 557056K
  class space    used 15045K, committed 16256K, reserved 425984K
}
Event: 21.961 GC heap after
{Heap after GC invocations=45 (full 0):
 garbage-first heap   total 249856K, used 155355K [0x0000000700000000, 0x0000000800000000)
  region size 2048K, 6 young (12288K), 6 survivors (12288K)
 Metaspace       used 111549K, committed 114048K, reserved 557056K
  class space    used 15045K, committed 16256K, reserved 425984K
}
Event: 22.411 GC heap before
{Heap before GC invocations=46 (full 0):
 garbage-first heap   total 260096K, used 220891K [0x0000000700000000, 0x0000000800000000)
  region size 2048K, 39 young (79872K), 6 survivors (12288K)
 Metaspace       used 112014K, committed 114496K, reserved 557056K
  class space    used 15133K, committed 16384K, reserved 425984K
}
Event: 22.424 GC heap after
{Heap after GC invocations=47 (full 0):
 garbage-first heap   total 260096K, used 161014K [0x0000000700000000, 0x0000000800000000)
  region size 2048K, 3 young (6144K), 3 survivors (6144K)
 Metaspace       used 112014K, committed 114496K, reserved 557056K
  class space    used 15133K, committed 16384K, reserved 425984K
}
Event: 22.731 GC heap before
{Heap before GC invocations=47 (full 0):
 garbage-first heap   total 260096K, used 232694K [0x0000000700000000, 0x0000000800000000)
  region size 2048K, 39 young (79872K), 3 survivors (6144K)
 Metaspace       used 112672K, committed 115136K, reserved 557056K
  class space    used 15232K, committed 16448K, reserved 425984K
}
Event: 22.738 GC heap after
{Heap after GC invocations=48 (full 0):
 garbage-first heap   total 260096K, used 161117K [0x0000000700000000, 0x0000000800000000)
  region size 2048K, 3 young (6144K), 3 survivors (6144K)
 Metaspace       used 112672K, committed 115136K, reserved 557056K
  class space    used 15232K, committed 16448K, reserved 425984K
}
Event: 22.945 GC heap before
{Heap before GC invocations=48 (full 0):
 garbage-first heap   total 260096K, used 234845K [0x0000000700000000, 0x0000000800000000)
  region size 2048K, 40 young (81920K), 3 survivors (6144K)
 Metaspace       used 113345K, committed 115840K, reserved 557056K
  class space    used 15302K, committed 16512K, reserved 425984K
}
Event: 22.953 GC heap after
{Heap after GC invocations=49 (full 0):
 garbage-first heap   total 319488K, used 164476K [0x0000000700000000, 0x0000000800000000)
  region size 2048K, 3 young (6144K), 3 survivors (6144K)
 Metaspace       used 113345K, committed 115840K, reserved 557056K
  class space    used 15302K, committed 16512K, reserved 425984K
}
Event: 23.328 GC heap before
{Heap before GC invocations=50 (full 0):
 garbage-first heap   total 319488K, used 289404K [0x0000000700000000, 0x0000000800000000)
  region size 2048K, 65 young (133120K), 3 survivors (6144K)
 Metaspace       used 113597K, committed 116096K, reserved 557056K
  class space    used 15372K, committed 16640K, reserved 425984K
}
Event: 23.341 GC heap after
{Heap after GC invocations=51 (full 0):
 garbage-first heap   total 327680K, used 194229K [0x0000000700000000, 0x0000000800000000)
  region size 2048K, 9 young (18432K), 9 survivors (18432K)
 Metaspace       used 113597K, committed 116096K, reserved 557056K
  class space    used 15372K, committed 16640K, reserved 425984K
}
Event: 23.530 GC heap before
{Heap before GC invocations=51 (full 0):
 garbage-first heap   total 327680K, used 282293K [0x0000000700000000, 0x0000000800000000)
  region size 2048K, 53 young (108544K), 9 survivors (18432K)
 Metaspace       used 114376K, committed 116864K, reserved 557056K
  class space    used 15482K, committed 16704K, reserved 425984K
}
Event: 23.542 GC heap after
{Heap after GC invocations=52 (full 0):
 garbage-first heap   total 329728K, used 186510K [0x0000000700000000, 0x0000000800000000)
  region size 2048K, 7 young (14336K), 7 survivors (14336K)
 Metaspace       used 114376K, committed 116864K, reserved 557056K
  class space    used 15482K, committed 16704K, reserved 425984K
}

